#separator \x09
#set_separator	,
#empty_field	(empty)
#unset_field	-
#path	known_domains
#open	2019-02-15-16-26-46
#fields	ts	domain
#types	time	string
1550266006.402948	github.com
1550266230.538953	630f030ca896412cb460dea77973c67fa316c2ce.malware.hash.cymru.com
1550266314.982957	_http._tcp.ftp.us.debian.org
1550266315.006926	ftp-chi.osuosl.org
1550266453.836364	inglotcosmetics.com
1550266453.836364	st.domandvilma.com
1550266453.836364	sdf.21kilos.com
1550266453.836677	google.com
1550266453.836715	dcbuwccouispn.info
1550266453.836737	nykoantpydkvsmqqrjtctt.info
1550266453.836809	dzgddgiowhm.info
1550266453.836832	kqcpbgcxbgylzgsadxb.org
1550266453.836853	qtbtqnuubwzibkriqg.org
1550266453.836883	dslmkpgjvuisnqa.com
1550266453.836903	dpsjwmwzuwnicaq.biz
1550266453.836935	coxrwiuxkcausxnlbgjmakxrw.net
1550266453.836960	bxlwdhpnkbrmw.com
1550266453.836986	qtcoickldqbvtrwyfqjflt.org
1550266453.837008	jutngoyfcngragcdei.info
1550266453.837044	cenpksygb.org
1550266453.837071	ripygqgosebdxtmbfbueiixa.org
1550266453.837101	yqwjvhxgaiszygziq.org
1550266453.837127	ygjqujokmwmccld.org
1550266453.837152	gjcybzvmvir.com
1550266453.943825	b2908859caca1f2f38cd54a8efc0e059ad7a8208.malware.hash.cymru.com
1550266473.608821	ssl.bing.com
1550266473.608821	www.ciniholland.nl
1550266473.608821	adultbiz.in
1550266473.609288	www.youtube.com
1550266473.609928	s.ytimg.com
1550266473.610749	24corp-shop.com
1550266473.612701	stand.trustandprobaterealty.com
1550266473.614204	i.ytimg.com
1550266473.623514	java.com
1550266473.886072	96.233.125.74.in-addr.arpa
1550266474.051043	hijinksensue.com
1550266474.051138	w.sharethis.com
1550266474.051226	www.thehiveworks.com
1550266474.051229	www.hijinksensue.com
1550266474.051499	s0.wp.com
1550266474.051503	stats.wp.com
1550266474.053362	i.imgur.com
1550266474.053380	www.google-analytics.com
1550266474.053383	intensedebate.com
1550266474.053386	cdn.thehiveworks.com
1550266474.053526	static.charlotteretirementcommunities.com
1550266474.059042	ads.thehiveworks.com
1550266474.059651	g.trinketking.com
1550266474.061510	pixel.wp.com
1550266474.061903	wd-edge.sharethis.com
1550266474.062506	h.trinketking.com
1550266474.066060	l.sharethis.com
1550266474.066064	seg.sharethis.com
1550266474.066068	tag.contextweb.com
1550266474.066257	ads.contextweb.com
1550266474.066293	edge.sharethis.com
1550266474.066573	ads-by.madadsmedia.com
1550266474.066576	pagead2.googlesyndication.com
1550266474.066592	bh.contextweb.com
1550266474.066595	pixel.quantserve.com
1550266474.066921	googleads.g.doubleclick.net
1550266474.066958	sync.mathtag.com
1550266474.066961	i.w55c.net
1550266474.066966	contextweb.pixel.invitemedia.com
1550266474.066970	ib.adnxs.com
1550266474.066973	m.xp1.ru4.com
1550266474.066981	pcm1.map.pulsemgr.com
1550266474.067001	ad.turn.com
1550266474.067004	cm.g.doubleclick.net
1550266474.067007	contextweb-match.dotomi.com
1550266474.067019	um.simpli.fi
1550266474.067022	connexity.net
1550266474.067025	idpix.media6degrees.com
1550266474.067028	match.adsrvr.org
1550266474.067031	magnetic.t.domdex.com
1550266474.067034	um.eqads.com
1550266474.067037	cm.adgrx.com
1550266474.067071	pxgp2.adpredictive.com
1550266474.067074	pixel.sitescout.com
1550266474.067083	cw-m.d.chango.com
1550266474.067086	px.owneriq.net
1550266474.067102	www.wtp101.com
1550266474.067106	pulsepoint-cm.p.veruta.com
1550266474.067267	edge.quantserve.com
1550266474.067270	ads.rubiconproject.com
1550266474.067273	pixel.madadsmedia.com
1550266474.067392	x.bidswitch.net
1550266474.068054	bid.g.doubleclick.net
1550266474.068068	cdn.turn.com
1550266474.068114	dtm.westelm.com
1550266474.068287	optimized-by.rubiconproject.com
1550266474.068794	us-u.openx.net
1550266474.068816	pixel.rubiconproject.com
1550266474.068819	ad.afy11.net
1550266474.068823	ads.yahoo.com
1550266474.068826	ce.lijit.com
1550266474.068830	www.facebook.com
1550266474.068833	ads.stickyadstv.com
1550266474.068854	e.nexac.com
1550266474.068858	image2.pubmatic.com
1550266474.068861	ih.adscale.de
1550266474.068864	ad.sxp.smartclip.net
1550266474.068865	dsum.casalemedia.com
1550266474.068866	ums.adtech.de
1550266474.068867	rtb-csync.smartadserver.com
1550266474.068905	sync.search.spotxchange.com
1550266474.068908	sync.adap.tv
1550266474.068956	ad.360yield.com
1550266474.069047	tpc.googlesyndication.com
1550266474.069133	cc.chango.com
1550266474.069562	r.turn.com
1550266474.069924	ad.doubleclick.net
1550266474.070031	tap2-cdn.rubiconproject.com
1550266474.070058	tags.bluekai.com
1550266474.070229	d.turn.com
1550266474.070446	cdn.spotxchange.com
1550266474.071354	acuityplatform.com
1550266474.071360	rbp.emea.mxptint.net
1550266474.071363	pixel.tapad.com
1550266474.071399	sync.tidaltv.com
1550266474.071405	rtb.revenuemantra.com
1550266474.071408	ads.p161.net
1550266474.071411	c1.adform.net
1550266474.071414	p.rfihub.com
1550266474.071457	rubicon-cm.p.veruta.com
1550266474.071537	r.254a.com
1550266474.071540	ww1.collserve.com
1550266474.071544	s1.2mdn.net
1550266474.071670	adadvisor.net
1550266474.071854	csi.gstatic.com
1550266474.072595	www.adadvisor.net
1550266474.073244	www.projectwonderful.com
1550266474.073878	time.windows.com
1550266474.547029	www.google.at
1550266474.547250	ssl.gstatic.com
1550266474.547419	www.gstatic.com
1550266474.551638	dsms0mj1bbhn4.cloudfront.net
1550266474.553610	analytics.shareaholic.com
1550266474.556869	netdna.bootstrapcdn.com
1550266474.556873	adstairs.ro
1550266474.558156	lifeinsidedetroit.com
1550266474.559452	qwe.mvdunalterableairreport.net
1550266474.559471	fonts.gstatic.com
1550266474.564502	www.earthtools.org
1550266474.564516	www.ecb.europa.eu
1550266474.565179	etgibmyhmbzjoyut1.com
1550266474.565198	jdtcjdyqjyousia.com
1550266474.565215	zcjipitikrhabk.com
1550266474.565229	xxrdwspble4u.com
1550266474.565245	aemmiphbweeuef59.com
1550266474.566525	static-shareaholic.s3.amazonaws.com
1550266474.567304	s3.amazonaws.com
1550266474.567307	shareaholic.com
1550266474.571832	partner.shareaholic.com
1550266474.573814	ums.adtechus.com
1550266474.573854	dsum-sec.casalemedia.com
1550266474.574702	gcm.chango.com
1550266474.609061	dac3d479ce4af6d2ffd5314191e768543acfe32d.malware.hash.cymru.com
1550266474.831060	109.230.125.74.in-addr.arpa
1550266475.007052	www.excelforum.com
1550266475.007117	magggnitia.com
1550266475.010109	cdn-static.formisimo.com
1550266475.011294	code.jquery.com
1550266475.013804	tracking.formisimo.com
1550266475.013859	www.google.com
1550266475.014584	digiwebname.in
1550266475.439170	dns.msftncsi.com
1550266475.439559	www.bing.com
1550266475.440058	www.newsnow.co.uk
1550266475.440174	ajax.googleapis.com
1550266475.440183	s.newsnow.net
1550266475.440235	rtax.criteo.com
1550266475.440262	files.adspdbl.com
1550266475.443549	node.adspdbl.com
1550266475.444933	fbstatic-a.akamaihd.net
1550266475.446135	cdn.w55c.net
1550266475.449198	www4.smartadserver.com
1550266475.449201	cti.w55c.net
1550266475.449442	bannerfarm.jochen-schweizer.de
1550266475.449447	c.betrad.com
1550266475.450307	l.betrad.com
1550266475.450373	tags.w55c.net
1550266475.450963	www.theopen.be
1550266475.451042	col.reganhosting.com
1550266475.451517	epzqy.iphaeba.eu
1550266475.460491	www.adobe.com
1550266475.462496	wwwimages.adobe.com
1550266475.464321	965da0c6cdb44e29aedf8546884b509b7268912a.malware.hash.cymru.com
1550266475.466254	login.live.com
1550266475.466272	sullymansion.com
1550266475.466342	assets.insideout.com
1550266475.466421	inndx.com
1550266475.466426	farm7.static.flickr.com
1550266475.466428	lite.piclens.com
1550266475.466852	js.insideout.com
1550266475.470845	ssl.google-analytics.com
1550266475.816069	111.116.194.173.in-addr.arpa
1550266475.990969	af552b8d2cc1445dee56c8bd830fb322fc9e583a.malware.hash.cymru.com
1550266476.102659	fe77dd65a65d6d16515f21935a7c8e191634973d.malware.hash.cymru.com
1550266476.427395	petradesign.com
1550266476.430879	stun.l.google.com
1550266477.060292	17.112.194.173.in-addr.arpa
1550266477.104093	15add2fdcd6f4ee6a16ae2c8557aaba8bf2943d3.malware.hash.cymru.com
1550266477.104916	84e8bdc5611f8ef8e6473bd38cc625341832b7d3.malware.hash.cymru.com
1550266477.395007	freeforsgames.com
1550266477.395039	20.c368.464.75b43b.e3161.dec8.033da1.8c.hl39dj2plwle.lowamounts.in
1550266477.402360	lilufiders.ru
1550266477.403441	ip-addr.es
1550266477.410655	nsa.dianamyinfin.xyz
1550266477.410731	jufugers.ru
1550266477.411156	paytoc4gtpn5czl2.torforall.com
1550266477.779053	23.232.125.74.in-addr.arpa
1550266477.867007	api.ipify.org
1550266477.867060	o3qz25zwu4or5mak.tor2web.org
1550266477.867088	www.download.windowsupdate.com
1550266478.227012	vestegnenbordtennis.dk
1550266478.227601	ocsp.digicert.com
1550266478.227713	ocsp.usertrust.com
1550266478.227746	ocsp.comodoca.com
1550266478.227856	processhacker.sourceforge.net
1550266478.227907	ocsp.globalsign.com
1550266478.227951	crl2.alphassl.com
1550266478.232429	o3qz25zwu4or5mak.tor2web.ru
1550266478.232453	tools.google.com
1550266478.428756	84.61.253.131.in-addr.arpa
1550266478.635226	checkip.dyndns.org
1550266478.635276	harveyouellet.com
1550266478.635358	cwvancouver.com
1550266478.638638	stun.internetcalls.com
1550266479.071083	_ldap._tcp.dc._msdcs.mshome.net
1550266479.071090	isatap.mshome.net
1550266479.071147	teredo.ipv6.microsoft.com
1550266479.071302	wpad.mshome.net
1550266479.071358	www.msftncsi.com
1550266479.071562	www.google.co.uk
1550266479.071568	apis.google.com
1550266479.077381	d426aa35-wmjjkojpnswzxhqn-c2r-ds.metric.gstatic.com
1550266479.077494	wolfgangssteakhouse.co.kr
1550266479.077568	fonts.googleapis.com
1550266479.077731	ts.daumcdn.net
1550266479.080102	inhye01.itpr.co.kr
1550266479.082857	bnureb0up683ppcbgt1fz9g.isbul.info
1550266479.085998	zz1lb82z00y16gdow25fcxm.ilaclama.us
1550266479.086258	f9wb0396aobdotyzddcwdtf.ilaclama.us
1550266479.399054	7fcbfe94f3976187b644ca1e1bf8c826d85e3db6.malware.hash.cymru.com
1550266479.583364	go.microsoft.com
1550266479.583670	ieonline.microsoft.com
1550266479.585269	clients1.google.co.uk
1550266479.586079	legacylifespaces.com
1550266479.586151	mpzfprxfdn.serveftp.com
1550266479.589169	go2.microsoft.com
1550266479.589195	download.microsoft.com
1550266479.589247	rs.update.microsoft.com
1550266479.589304	fpdownload2.macromedia.com
1550266479.596779	c3847838.ivps9x.u.avast.com
1550266479.596782	update.avg.com
1550266479.596790	download.avg.com
1550266479.596792	av.download.avg.com
1550266479.596802	backup.avg.cz
1550266479.596820	professional.avira-update.com
1550266479.596832	premium.avira-update.com
1550266479.596841	peak.avira-update.com
1550266479.596848	upgrade.bitdefender.com
1550266479.596853	update.eset.com
1550266479.596858	dlarray-europ-pool-1.gdatasecurity.de
1550266479.596861	dlarray-europ-pool-2.gdatasecurity.de
1550266479.596870	dlarray-norda-pool-1.gdatasecurity.de
1550266479.596875	dnl-00.geo.kaspersky.com
1550266479.596879	dnl-01.geo.kaspersky.com
1550266479.596883	dnl-02.geo.kaspersky.com
1550266479.598198	dnl-03.geo.kaspersky.com
1550266479.604320	v2.zopim.com
1550266479.609397	ie10.zopim.com
1550266479.616677	cdn.zopim.com
1550266479.617485	dnl-04.geo.kaspersky.com
1550266479.617490	dnl-05.geo.kaspersky.com
1550266479.617495	dnl-06.geo.kaspersky.com
1550266479.617499	dnl-07.geo.kaspersky.com
1550266479.617503	dnl-08.geo.kaspersky.com
1550266479.617505	dnl-09.geo.kaspersky.com
1550266479.617509	dnl-10.geo.kaspersky.com
1550266479.617514	dnl-11.geo.kaspersky.com
1550266479.617516	dnl-12.geo.kaspersky.com
1550266479.617524	dnl-13.geo.kaspersky.com
1550266479.617608	dnl-14.geo.kaspersky.com
1550266479.617612	dnl-15.geo.kaspersky.com
1550266479.617637	dnl-16.geo.kaspersky.com
1550266479.617658	xml.searcharbor.com
1550266479.617694	filter.searcharbor.com
1550266479.618008	7093.bapi.adsafeprotected.com
1550266479.618249	fw.adsafeprotected.com
1550266479.618251	dnl-18.geo.kaspersky.com
1550266479.618255	click2.danarimedia.com
1550266479.618269	static.adsafeprotected.com
1550266479.618283	dnl-19.geo.kaspersky.com
1550266479.618323	liveupdate.symantec.com
1550266479.618352	update.symantec.com
1550266479.618380	securityresponse.symantec.com
1550266479.618394	download.mcafee.com
1550266479.618421	iau.activeupdate.trendmicro.com
1550266479.618432	gr.trendmicro.com
1550266479.618437	emea.trendmicro.com
1550266479.618497	203855934.143.127.click2.danarimedia.com
1550266479.618503	update.drweb.com
1550266479.618889	download.geo.drweb.com
1550266479.618903	data-cdn.mbamupdates.com
1550266479.618944	acs.pandasoftware.com
1550266479.618998	enterprise.updates.pandasoftware.com
1550266479.619019	pcopsupport.pandasecurity.com
1550266479.619077	node224.click.adcenter.danarimedia.com
1550266479.619905	www.90min.com
1550266479.620603	javadl-esd-secure.oracle.com
1550266479.621319	pcoplinux.updates.pandasecurity.com
1550266479.621401	pcoplinux.downloads.pandasecurity.com
1550266479.621513	download.comodo.com
1550266479.622038	www.microsoft.com
1550266479.622050	microsoft.com
1550266479.622055	windows.microsoft.com
1550266479.622143	srvabc.com
1550266479.622165	2716072107.61.61.click2.danarimedia.com
1550266479.622175	dt.adsafeprotected.com
1550266479.622242	static.90min.com
1550266479.622268	b.scorecardresearch.com
1550266479.622778	xml2.danarimedia.com
1550266479.623234	xml.adsource.com
1550266479.623967	www.ecoholidaydestinations.com
1550266479.624543	support.microsoft.com
1550266479.624548	www.worldwiderecipe.com
1550266479.625292	delivery.sunfishads.com
1550266479.625303	platform.twitter.com
1550266479.625305	partner.googleadservices.com
1550266479.627584	answers.microsoft.com
1550266479.627613	www.avast.com
1550266479.627631	avast.com
1550266479.627642	support.avast.com
1550266479.628130	forum.avast.com
1550266479.628136	www.avg.com
1550266479.628144	avg.com
1550266479.628217	platform.linkedin.com
1550266479.630074	assets.pinterest.com
1550266479.630117	www.advconversion.com
1550266479.630181	platform.stumbleupon.com
1550266479.631442	badge.stumbleupon.com
1550266479.631508	widgets.pinterest.com
1550266479.632210	www.linkedin.com
1550266479.632282	delivery.swid.switchads.com
1550266479.632733	adserver.adtech.de
1550266479.633437	1.gravatar.com
1550266479.634132	x2.vindicosuite.com
1550266479.634694	b12.myspace.com
1550266479.634811	adserver.powerlinks.com
1550266479.635384	passets.pinterest.com
1550266479.635480	static.licdn.com
1550266479.635523	cdn.stumble-upon.com
1550266479.635544	fbcdn-profile-a.akamaihd.net
1550266479.636074	adsby.bidtheatre.com
1550266479.636764	support.avg.com
1550266479.636814	free.avg.com
1550266479.637230	forums.avg.com
1550266479.637250	www.avira.com
1550266479.637277	avira.com
1550266479.637283	answers.avira.com
1550266479.637290	analysis.avira.com
1550266479.637306	www.bitdefender.com
1550266479.637314	mono.vizu.com
1550266479.637319	bitdefender.com
1550266479.637325	forum.bitdefender.com
1550266479.637340	labs.bitdefender.com
1550266479.637350	www.eset.com
1550266479.637352	eset.com
1550266479.637377	kb.eset.com
1550266479.637388	forum.eset.com
1550266479.637416	www.gdatasoftware.com
1550266479.637423	ad.atdmt.com
1550266479.637429	gdatasoftware.com
1550266479.637479	www.gdata-software.com
1550266479.637513	shasta.vizu.com
1550266479.637535	cdn.atlassbx.com
1550266479.638027	gdata-software.com
1550266479.638477	www.gdata.de
1550266479.638503	gdata.de
1550266479.638533	www.kaspersky.com
1550266479.638540	kaspersky.com
1550266479.638567	usa.kaspersky.com
1550266479.638569	xumo.vindicosuite.com
1550266479.638580	support.kaspersky.com
1550266479.638622	forum.kaspersky.com
1550266479.638627	blog.kaspersky.com
1550266479.638671	www.symantec.com
1550266479.638674	cache.vindicosuite.com
1550266479.638685	symantec.com
1550266479.638710	fileconnect.symantec.com
1550266479.638716	hopa.vizu.com
1550266479.639092	my.symantec.com
1550266479.639118	entsupport.symantec.com
1550266479.639243	www.norton.com
1550266479.639782	norton.com
1550266479.639794	t.goadservices.com
1550266479.639847	support.norton.com
1550266479.640414	community.norton.com
1550266479.640472	www.mcafee.com
1550266479.640488	mcafee.com
1550266479.640494	secure.mcafee.com
1550266479.640914	home.mcafee.com
1550266479.640923	community.mcafee.com
1550266479.640934	www.trendmicro.com
1550266479.640939	trendmicro.com
1550266479.640956	ver-adt.vindicosuite.com
1550266479.641494	cache.specificmedia.com
1550266479.641598	ip.casalemedia.com
1550266479.641629	image5.pubmatic.com
1550266479.641658	m.goadservices.com
1550266479.643067	0.gravatar.com
1550266479.643219	r.casalemedia.com
1550266479.643331	mpp2.vindicosuite.com
1550266479.643337	c.vindicosuite.com
1550266479.643466	ads.pubmatic.com
1550266480.127036	www.reachwithus.com
1550266480.127107	jaysocial.com
1550266480.127188	ypyitqu.myftp.org
1550266480.127786	connect.facebook.net
1550266480.132873	graph.facebook.com
1550266480.140907	download.windowsupdate.com
1550266480.142404	ds.download.windowsupdate.com
1550266480.148377	www.update.microsoft.com
1550266480.152505	static.ak.facebook.com
1550266480.152512	s-static.ak.facebook.com
1550266480.152953	106.66.194.173.in-addr.arpa
1550266480.152960	129.96.168.68.in-addr.arpa
1550266480.152974	20.186.214.23.in-addr.arpa
1550266480.152981	35.162.16.2.in-addr.arpa
1550266480.152987	212.49.64.69.in-addr.arpa
1550266480.152996	34.162.16.2.in-addr.arpa
1550266480.153003	68.16.165.194.in-addr.arpa
1550266480.153007	46.208.58.216.in-addr.arpa
1550266480.153015	2.202.63.50.in-addr.arpa
1550266480.153021	34.28.222.23.in-addr.arpa
1550266480.153028	93.101.46.207.in-addr.arpa
1550266480.609995	www.awesomeapartments.com
1550266480.610029	laceybarkchantlate.stormbarrier.net
1550266480.610046	maps.gstatic.com
1550266480.610082	mt0.googleapis.com
1550266480.610126	khm1.googleapis.com
1550266480.610552	moonstoneafgelekte.onewide.co.uk
1550266480.611778	maps.googleapis.com
1550266480.611787	khm0.googleapis.com
1550266480.611881	mt1.googleapis.com
1550266480.618379	ocwrynsbebopwdf.com
1550266480.619003	jrgxlndbkpgnoy.com
1550266480.619214	phbskzbtaxevb.com
1550266480.619390	xourweubin3z.com
1550266480.620009	jyrkdifqbfyuogv50.com
1550266480.620204	wqovsfypjygysqa.com
1550266480.620375	jjhkbpjxaxw2.com
1550266480.620499	kgkhqlexfpei6.com
1550266480.620554	pfsqmskkxqbecbqt.com
1550266480.620593	mxwxeavftveskkaq.com
1550266480.620608	zfsqtmbzlngabbc.com
1550266480.620621	nofsxdfuqfwpdj43.com
1550266480.620640	vmffftbmclaq7d.com
1550266480.620650	cjqovygfqrv9b.com
1550266480.621521	anbbjgwpaowswu.com
1550266480.621530	chxzlmugmbga.com
1550266480.621547	gbozjsubbdcipzbdp0.com
1550266480.621553	gmervgsulmneuh7d.com
1550266480.621559	newzaadldfexlxzhkz.com
1550266480.636229	fair.laserwiresolutions.com
1550266480.637263	mojedoormazop.net
1550266480.637266	xenzaveersonu.com
1550266480.637385	1454316211.xml.diprotector.com
1550266480.637411	xmlka.com
1550266480.637439	3296472.3939947.optimize.clickshieldfilter.com
1550266480.637548	www.ibtimes.co.uk
1550266480.637590	static.getclicky.com
1550266480.637597	g.ibtimes.co.uk
1550266480.638239	d.ibtimes.co.uk
1550266480.638270	www.googletagservices.com
1550266480.681244	f2d7ce24265c649ff6776021a1c6fcd13fe93ab2.malware.hash.cymru.com
1550266480.689831	16fcea9f79237f48954804e2daff507862e72edb.malware.hash.cymru.com
1550266480.699968	b793173327b177f781ef8e315ce1e6d18703e605.malware.hash.cymru.com
1550266480.753517	6b7cb011b92d26df65901f25a9346ff834934aaa.malware.hash.cymru.com
1550266480.757576	9bf92819b3003465e48102cb6a9ecb25e1e9fd5e.malware.hash.cymru.com
1550266481.135026	isatap.localdomain
1550266481.135092	fortunet.biz
1550266481.136374	portal.0037.in
1550266481.136512	soquumaihi.co.vu
1550266481.178860	mydear.name
1550266481.188308	www.actionmovieaddict.com
1550266481.188918	delivery.tmnpartners.com
1550266481.188931	cdn3.actionmovieaddict.com
1550266481.189707	cdn1.movieroomreviews.com
1550266481.189720	cdn1.actionmovieaddict.com
1550266481.189798	cdn3.movieroomreviews.com
1550266481.190249	cdn2.actionmovieaddict.com
1550266481.192351	resources.infolinks.com
1550266481.192355	media.myspace.com
1550266481.194535	router.infolinks.com
1550266481.197263	arena.altitude-arena.com
1550266481.198508	i.ctnsnet.com
1550266481.198594	ca.altitude-arena.com
1550266481.199902	m.altitude-arena.com
1550266481.202470	nym1.ib.adnxs.com
1550266481.202495	cdn.adnxs.com
1550266481.202508	a.rfihub.com
1550266481.202553	pixel.everesttech.net
1550266481.203232	casale-match.dotomi.com
1550266481.204097	dtm.officedepot.com
1550266481.204448	showads.pubmatic.com
1550266481.204462	bcp.crwdcntrl.net
1550266481.204467	tags.crwdcntrl.net
1550266481.205584	pr.ybp.yahoo.com
1550266481.206476	pixel2368.everesttech.net
1550266481.206586	aktrack.pubmatic.com
1550266481.206591	loadm.exelator.com
1550266481.206594	p.acxiom-online.com
1550266481.206595	idsync.rlcdn.com
1550266481.281188	52.186.235.54.in-addr.arpa
1550266481.331048	89ada6075b8e6fd60a7f5ace9bb07d1a90b07211.malware.hash.cymru.com
1550266481.473385	940afeebb3524161d6ddf78778d6b094787d3df4.malware.hash.cymru.com
1550266481.710487	382143f1611c51914ada7400ee7b74437ba43200.malware.hash.cymru.com
1550266481.791193	www.google.ca
1550266481.792190	clients1.google.ca
1550266481.792809	www.buddhanet.net
1550266481.807096	forums.pelicanparts.com
1550266481.807132	jautnesy.com
1550266481.809215	www.pelicanparts.com
1550266481.809217	stats.pelicanparts.com
1550266481.814935	forpagesearch.eu
1550266482.004020	17.39.194.173.in-addr.arpa
1550266482.175100	d07ebc0844dcdf79f3ad1e639d0230fe67f4847f.malware.hash.cymru.com
1550266482.227420	92.203.163.31.in-addr.arpa
1550266482.731124	191.113.194.173.in-addr.arpa
1550266482.815326	607d298d8290878701765662dc1c3a9dc39ed9d3.malware.hash.cymru.com
1550266482.821424	11bf219ac8f819ceb99990d809d153d8d1c3e520.malware.hash.cymru.com
1550266482.835004	va872g.g90e1h.b8.642b63u.j985a2.v33e.37.pa269cc.e8mfzdgrf7g0.groupprograms.in
1550266482.835025	ubb67.3c147o.u806a4.w07d919.o5f.f1.b80w.r0faf9.e8mfzdgrf7g0.groupprograms.in
1550266482.835035	r03afd2.c3008e.xc07r.b0f.a39.h7f0fa5eu.vb8fbl.e8mfzdgrf7g0.groupprograms.in
1550266482.837900	runlove.us
1550266482.837936	kritischerkonsum.uni-koeln.de
1550266482.837940	comarksecurity.com
1550266482.838358	7oqnsnzwwnm6zb7y.gigapaysun.com
1550266483.164844	833431865d99a3626974f875bcff1edca74a27b7.malware.hash.cymru.com
1550266483.207006	shrisaisales.in
1550266483.207034	myshop.lk
1550266483.207063	frc-conf.com
1550266483.207575	3wzn5p2yiumh7akj.partnersinvestpayto.com
1550266483.208207	3wzn5p2yiumh7akj.marketcryptopartners.com
1550266483.208735	3wzn5p2yiumh7akj.forkinvestpay.com
1550266483.462860	ecbe5fee69cd66120849a2a893f62f3c55b590be.malware.hash.cymru.com
1550266483.476425	f2106f60d21abdff4553d528082490a5b0a7aa38.malware.hash.cymru.com
1550266483.494969	d00a5f19da1af92434b92508f56e30d4b30a74c2.malware.hash.cymru.com
1550266483.516072	3215d62168da93196fd50c3d80816f5c748ad103.malware.hash.cymru.com
1550266484.678511	15e73a6e0d0ff88b5b2124f393d49c5688bb0813.malware.hash.cymru.com
1550266484.836845	019d007cac7446372cd05a5e7371dbca218ddb0e.malware.hash.cymru.com
1550266484.880768	27c659aac1da7eebfd53b3568412b1a4d25b0de1.malware.hash.cymru.com
1550266485.631876	159.116.194.173.in-addr.arpa
1550266486.734101	0f633dab4805b2cbcf33399d788f35f6686bd56b.malware.hash.cymru.com
1550266487.176546	0249b9bddd3c681939227ef7ee11f333b6d04987.malware.hash.cymru.com
1550266487.452012	110.226.204.23.in-addr.arpa
1550266488.907846	63.226.125.74.in-addr.arpa
1550266489.197529	9a18cd53c80e9e419563f7e878e76a0580ded4cc.malware.hash.cymru.com
1550266489.204950	76266a674ba6eb189abd65eec95bb752528deae5.malware.hash.cymru.com
1550266489.920287	fc5d6fc2cbb1d95864f5ed26b50e4ebe68333eab.malware.hash.cymru.com
1550266490.546526	b473a7b89a432287db030a2cd614fd5463dd5e60.malware.hash.cymru.com
1550266490.569200	f44bda9a9c6b3554e920d9b49c3c9e37550c78ac.malware.hash.cymru.com
