#separator \x09
#set_separator	,
#empty_field	(empty)
#unset_field	-
#path	loaded_scripts
#open	2019-02-15-16-25-22
#fields	name
#types	string
/usr/local/bro/share/bro/base/init-bare.bro
  /usr/local/bro/share/bro/base/bif/const.bif.bro
  /usr/local/bro/share/bro/base/bif/types.bif.bro
  /usr/local/bro/share/bro/base/bif/bro.bif.bro
  /usr/local/bro/share/bro/base/bif/stats.bif.bro
  /usr/local/bro/share/bro/base/bif/reporter.bif.bro
  /usr/local/bro/share/bro/base/bif/strings.bif.bro
  /usr/local/bro/share/bro/base/bif/option.bif.bro
  /usr/local/bro/share/bro/base/bif/plugins/Bro_SNMP.types.bif.bro
  /usr/local/bro/share/bro/base/bif/plugins/Bro_KRB.types.bif.bro
  /usr/local/bro/share/bro/base/bif/event.bif.bro
/usr/local/bro/share/bro/base/init-frameworks-and-bifs.bro
  /usr/local/bro/share/bro/base/frameworks/logging/__load__.bro
    /usr/local/bro/share/bro/base/frameworks/logging/main.bro
      /usr/local/bro/share/bro/base/bif/logging.bif.bro
    /usr/local/bro/share/bro/base/frameworks/logging/postprocessors/__load__.bro
      /usr/local/bro/share/bro/base/frameworks/logging/postprocessors/scp.bro
      /usr/local/bro/share/bro/base/frameworks/logging/postprocessors/sftp.bro
    /usr/local/bro/share/bro/base/frameworks/logging/writers/ascii.bro
    /usr/local/bro/share/bro/base/frameworks/logging/writers/sqlite.bro
    /usr/local/bro/share/bro/base/frameworks/logging/writers/none.bro
  /usr/local/bro/share/bro/base/frameworks/broker/__load__.bro
    /usr/local/bro/share/bro/base/frameworks/broker/main.bro
      /usr/local/bro/share/bro/base/bif/comm.bif.bro
      /usr/local/bro/share/bro/base/bif/messaging.bif.bro
    /usr/local/bro/share/bro/base/frameworks/broker/store.bro
      /usr/local/bro/share/bro/base/bif/data.bif.bro
      /usr/local/bro/share/bro/base/bif/store.bif.bro
    /usr/local/bro/share/bro/base/frameworks/broker/log.bro
  /usr/local/bro/share/bro/base/frameworks/input/__load__.bro
    /usr/local/bro/share/bro/base/frameworks/input/main.bro
      /usr/local/bro/share/bro/base/bif/input.bif.bro
    /usr/local/bro/share/bro/base/frameworks/input/readers/ascii.bro
    /usr/local/bro/share/bro/base/frameworks/input/readers/raw.bro
    /usr/local/bro/share/bro/base/frameworks/input/readers/benchmark.bro
    /usr/local/bro/share/bro/base/frameworks/input/readers/binary.bro
    /usr/local/bro/share/bro/base/frameworks/input/readers/config.bro
    /usr/local/bro/share/bro/base/frameworks/input/readers/sqlite.bro
  /usr/local/bro/share/bro/base/frameworks/analyzer/__load__.bro
    /usr/local/bro/share/bro/base/frameworks/analyzer/main.bro
      /usr/local/bro/share/bro/base/frameworks/packet-filter/utils.bro
      /usr/local/bro/share/bro/base/bif/analyzer.bif.bro
  /usr/local/bro/share/bro/base/frameworks/files/__load__.bro
    /usr/local/bro/share/bro/base/frameworks/files/main.bro
      /usr/local/bro/share/bro/base/bif/file_analysis.bif.bro
      /usr/local/bro/share/bro/base/utils/site.bro
        /usr/local/bro/share/bro/base/utils/patterns.bro
    /usr/local/bro/share/bro/base/frameworks/files/magic/__load__.bro
  /usr/local/bro/share/bro/base/bif/__load__.bro
    /usr/local/bro/share/bro/base/bif/broxygen.bif.bro
    /usr/local/bro/share/bro/base/bif/pcap.bif.bro
    /usr/local/bro/share/bro/base/bif/bloom-filter.bif.bro
    /usr/local/bro/share/bro/base/bif/cardinality-counter.bif.bro
    /usr/local/bro/share/bro/base/bif/top-k.bif.bro
  /usr/local/bro/share/bro/base/bif/plugins/__load__.bro
    /usr/local/bro/share/bro/base/bif/plugins/Bro_ARP.events.bif.bro
    /usr/local/bro/share/bro/base/bif/plugins/Bro_BackDoor.events.bif.bro
    /usr/local/bro/share/bro/base/bif/plugins/Bro_BitTorrent.events.bif.bro
    /usr/local/bro/share/bro/base/bif/plugins/Bro_ConnSize.events.bif.bro
    /usr/local/bro/share/bro/base/bif/plugins/Bro_ConnSize.functions.bif.bro
    /usr/local/bro/share/bro/base/bif/plugins/Bro_DCE_RPC.consts.bif.bro
    /usr/local/bro/share/bro/base/bif/plugins/Bro_DCE_RPC.types.bif.bro
    /usr/local/bro/share/bro/base/bif/plugins/Bro_DCE_RPC.events.bif.bro
    /usr/local/bro/share/bro/base/bif/plugins/Bro_DHCP.events.bif.bro
    /usr/local/bro/share/bro/base/bif/plugins/Bro_DHCP.types.bif.bro
    /usr/local/bro/share/bro/base/bif/plugins/Bro_DNP3.events.bif.bro
    /usr/local/bro/share/bro/base/bif/plugins/Bro_DNS.events.bif.bro
    /usr/local/bro/share/bro/base/bif/plugins/Bro_File.events.bif.bro
    /usr/local/bro/share/bro/base/bif/plugins/Bro_Finger.events.bif.bro
    /usr/local/bro/share/bro/base/bif/plugins/Bro_FTP.events.bif.bro
    /usr/local/bro/share/bro/base/bif/plugins/Bro_FTP.functions.bif.bro
    /usr/local/bro/share/bro/base/bif/plugins/Bro_Gnutella.events.bif.bro
    /usr/local/bro/share/bro/base/bif/plugins/Bro_GSSAPI.events.bif.bro
    /usr/local/bro/share/bro/base/bif/plugins/Bro_GTPv1.events.bif.bro
    /usr/local/bro/share/bro/base/bif/plugins/Bro_HTTP.events.bif.bro
    /usr/local/bro/share/bro/base/bif/plugins/Bro_HTTP.functions.bif.bro
    /usr/local/bro/share/bro/base/bif/plugins/Bro_ICMP.events.bif.bro
    /usr/local/bro/share/bro/base/bif/plugins/Bro_Ident.events.bif.bro
    /usr/local/bro/share/bro/base/bif/plugins/Bro_IMAP.events.bif.bro
    /usr/local/bro/share/bro/base/bif/plugins/Bro_InterConn.events.bif.bro
    /usr/local/bro/share/bro/base/bif/plugins/Bro_IRC.events.bif.bro
    /usr/local/bro/share/bro/base/bif/plugins/Bro_KRB.events.bif.bro
    /usr/local/bro/share/bro/base/bif/plugins/Bro_Login.events.bif.bro
    /usr/local/bro/share/bro/base/bif/plugins/Bro_Login.functions.bif.bro
    /usr/local/bro/share/bro/base/bif/plugins/Bro_MIME.events.bif.bro
    /usr/local/bro/share/bro/base/bif/plugins/Bro_Modbus.events.bif.bro
    /usr/local/bro/share/bro/base/bif/plugins/Bro_MySQL.events.bif.bro
    /usr/local/bro/share/bro/base/bif/plugins/Bro_NCP.events.bif.bro
    /usr/local/bro/share/bro/base/bif/plugins/Bro_NCP.consts.bif.bro
    /usr/local/bro/share/bro/base/bif/plugins/Bro_NetBIOS.events.bif.bro
    /usr/local/bro/share/bro/base/bif/plugins/Bro_NetBIOS.functions.bif.bro
    /usr/local/bro/share/bro/base/bif/plugins/Bro_NTLM.types.bif.bro
    /usr/local/bro/share/bro/base/bif/plugins/Bro_NTLM.events.bif.bro
    /usr/local/bro/share/bro/base/bif/plugins/Bro_NTP.events.bif.bro
    /usr/local/bro/share/bro/base/bif/plugins/Bro_POP3.events.bif.bro
    /usr/local/bro/share/bro/base/bif/plugins/Bro_RADIUS.events.bif.bro
    /usr/local/bro/share/bro/base/bif/plugins/Bro_RDP.events.bif.bro
    /usr/local/bro/share/bro/base/bif/plugins/Bro_RDP.types.bif.bro
    /usr/local/bro/share/bro/base/bif/plugins/Bro_RFB.events.bif.bro
    /usr/local/bro/share/bro/base/bif/plugins/Bro_RPC.events.bif.bro
    /usr/local/bro/share/bro/base/bif/plugins/Bro_SIP.events.bif.bro
    /usr/local/bro/share/bro/base/bif/plugins/Bro_SNMP.events.bif.bro
    /usr/local/bro/share/bro/base/bif/plugins/Bro_SMB.smb1_com_check_directory.bif.bro
    /usr/local/bro/share/bro/base/bif/plugins/Bro_SMB.smb1_com_close.bif.bro
    /usr/local/bro/share/bro/base/bif/plugins/Bro_SMB.smb1_com_create_directory.bif.bro
    /usr/local/bro/share/bro/base/bif/plugins/Bro_SMB.smb1_com_echo.bif.bro
    /usr/local/bro/share/bro/base/bif/plugins/Bro_SMB.smb1_com_logoff_andx.bif.bro
    /usr/local/bro/share/bro/base/bif/plugins/Bro_SMB.smb1_com_negotiate.bif.bro
    /usr/local/bro/share/bro/base/bif/plugins/Bro_SMB.smb1_com_nt_create_andx.bif.bro
    /usr/local/bro/share/bro/base/bif/plugins/Bro_SMB.smb1_com_nt_cancel.bif.bro
    /usr/local/bro/share/bro/base/bif/plugins/Bro_SMB.smb1_com_query_information.bif.bro
    /usr/local/bro/share/bro/base/bif/plugins/Bro_SMB.smb1_com_read_andx.bif.bro
    /usr/local/bro/share/bro/base/bif/plugins/Bro_SMB.smb1_com_session_setup_andx.bif.bro
    /usr/local/bro/share/bro/base/bif/plugins/Bro_SMB.smb1_com_transaction.bif.bro
    /usr/local/bro/share/bro/base/bif/plugins/Bro_SMB.smb1_com_transaction_secondary.bif.bro
    /usr/local/bro/share/bro/base/bif/plugins/Bro_SMB.smb1_com_transaction2.bif.bro
    /usr/local/bro/share/bro/base/bif/plugins/Bro_SMB.smb1_com_transaction2_secondary.bif.bro
    /usr/local/bro/share/bro/base/bif/plugins/Bro_SMB.smb1_com_tree_connect_andx.bif.bro
    /usr/local/bro/share/bro/base/bif/plugins/Bro_SMB.smb1_com_tree_disconnect.bif.bro
    /usr/local/bro/share/bro/base/bif/plugins/Bro_SMB.smb1_com_write_andx.bif.bro
    /usr/local/bro/share/bro/base/bif/plugins/Bro_SMB.smb1_events.bif.bro
    /usr/local/bro/share/bro/base/bif/plugins/Bro_SMB.smb2_com_close.bif.bro
    /usr/local/bro/share/bro/base/bif/plugins/Bro_SMB.smb2_com_create.bif.bro
    /usr/local/bro/share/bro/base/bif/plugins/Bro_SMB.smb2_com_negotiate.bif.bro
    /usr/local/bro/share/bro/base/bif/plugins/Bro_SMB.smb2_com_read.bif.bro
    /usr/local/bro/share/bro/base/bif/plugins/Bro_SMB.smb2_com_session_setup.bif.bro
    /usr/local/bro/share/bro/base/bif/plugins/Bro_SMB.smb2_com_set_info.bif.bro
    /usr/local/bro/share/bro/base/bif/plugins/Bro_SMB.smb2_com_tree_connect.bif.bro
    /usr/local/bro/share/bro/base/bif/plugins/Bro_SMB.smb2_com_tree_disconnect.bif.bro
    /usr/local/bro/share/bro/base/bif/plugins/Bro_SMB.smb2_com_write.bif.bro
    /usr/local/bro/share/bro/base/bif/plugins/Bro_SMB.smb2_events.bif.bro
    /usr/local/bro/share/bro/base/bif/plugins/Bro_SMB.events.bif.bro
    /usr/local/bro/share/bro/base/bif/plugins/Bro_SMB.consts.bif.bro
    /usr/local/bro/share/bro/base/bif/plugins/Bro_SMB.types.bif.bro
    /usr/local/bro/share/bro/base/bif/plugins/Bro_SMTP.events.bif.bro
    /usr/local/bro/share/bro/base/bif/plugins/Bro_SMTP.functions.bif.bro
    /usr/local/bro/share/bro/base/bif/plugins/Bro_SOCKS.events.bif.bro
    /usr/local/bro/share/bro/base/bif/plugins/Bro_SSH.types.bif.bro
    /usr/local/bro/share/bro/base/bif/plugins/Bro_SSH.events.bif.bro
    /usr/local/bro/share/bro/base/bif/plugins/Bro_SSL.types.bif.bro
    /usr/local/bro/share/bro/base/bif/plugins/Bro_SSL.events.bif.bro
    /usr/local/bro/share/bro/base/bif/plugins/Bro_SSL.functions.bif.bro
    /usr/local/bro/share/bro/base/bif/plugins/Bro_SteppingStone.events.bif.bro
    /usr/local/bro/share/bro/base/bif/plugins/Bro_Syslog.events.bif.bro
    /usr/local/bro/share/bro/base/bif/plugins/Bro_TCP.events.bif.bro
    /usr/local/bro/share/bro/base/bif/plugins/Bro_TCP.functions.bif.bro
    /usr/local/bro/share/bro/base/bif/plugins/Bro_Teredo.events.bif.bro
    /usr/local/bro/share/bro/base/bif/plugins/Bro_UDP.events.bif.bro
    /usr/local/bro/share/bro/base/bif/plugins/Bro_XMPP.events.bif.bro
    /usr/local/bro/share/bro/base/bif/plugins/Bro_FileEntropy.events.bif.bro
    /usr/local/bro/share/bro/base/bif/plugins/Bro_FileExtract.events.bif.bro
    /usr/local/bro/share/bro/base/bif/plugins/Bro_FileExtract.functions.bif.bro
    /usr/local/bro/share/bro/base/bif/plugins/Bro_FileHash.events.bif.bro
    /usr/local/bro/share/bro/base/bif/plugins/Bro_PE.events.bif.bro
    /usr/local/bro/share/bro/base/bif/plugins/Bro_Unified2.events.bif.bro
    /usr/local/bro/share/bro/base/bif/plugins/Bro_Unified2.types.bif.bro
    /usr/local/bro/share/bro/base/bif/plugins/Bro_X509.events.bif.bro
    /usr/local/bro/share/bro/base/bif/plugins/Bro_X509.types.bif.bro
    /usr/local/bro/share/bro/base/bif/plugins/Bro_X509.functions.bif.bro
    /usr/local/bro/share/bro/base/bif/plugins/Bro_X509.ocsp_events.bif.bro
    /usr/local/bro/share/bro/base/bif/plugins/Bro_AsciiReader.ascii.bif.bro
    /usr/local/bro/share/bro/base/bif/plugins/Bro_BenchmarkReader.benchmark.bif.bro
    /usr/local/bro/share/bro/base/bif/plugins/Bro_BinaryReader.binary.bif.bro
    /usr/local/bro/share/bro/base/bif/plugins/Bro_ConfigReader.config.bif.bro
    /usr/local/bro/share/bro/base/bif/plugins/Bro_RawReader.raw.bif.bro
    /usr/local/bro/share/bro/base/bif/plugins/Bro_SQLiteReader.sqlite.bif.bro
    /usr/local/bro/share/bro/base/bif/plugins/Bro_AsciiWriter.ascii.bif.bro
    /usr/local/bro/share/bro/base/bif/plugins/Bro_NoneWriter.none.bif.bro
    /usr/local/bro/share/bro/base/bif/plugins/Bro_SQLiteWriter.sqlite.bif.bro
/usr/local/bro/lib/bro/plugins/APACHE_KAFKA/lib/bif/__load__.bro
  /usr/local/bro/lib/bro/plugins/APACHE_KAFKA/lib/bif/kafka.bif.bro
/usr/local/bro/lib/bro/plugins/APACHE_KAFKA/scripts/__load__.bro
  /usr/local/bro/lib/bro/plugins/APACHE_KAFKA/scripts/init.bro
/usr/local/bro/lib/bro/plugins/CBro_MQTT/lib/bif/__load__.bro
  /usr/local/bro/lib/bro/plugins/CBro_MQTT/lib/bif/events.bif.bro
  /usr/local/bro/lib/bro/plugins/CBro_MQTT/lib/bif/types.bif.bro
/usr/local/bro/lib/bro/plugins/CBro_MQTT/scripts/__load__.bro
  /usr/local/bro/lib/bro/plugins/CBro_MQTT/scripts/main.bro
    /usr/local/bro/lib/bro/plugins/CBro_MQTT/scripts/consts.bro
/usr/local/bro/lib/bro/plugins/Corelight_CommunityID/lib/bif/__load__.bro
  /usr/local/bro/lib/bro/plugins/Corelight_CommunityID/lib/bif/communityid.bif.bro
/usr/local/bro/lib/bro/plugins/Corelight_CommunityID/scripts/__load__.bro
/usr/local/bro/lib/bro/plugins/JGras_FuzzyHashing/scripts/__preload__.bro
  /usr/local/bro/lib/bro/plugins/JGras_FuzzyHashing/scripts/types.bro
/usr/local/bro/lib/bro/plugins/JGras_FuzzyHashing/lib/bif/__load__.bro
  /usr/local/bro/lib/bro/plugins/JGras_FuzzyHashing/lib/bif/events.bif.bro
  /usr/local/bro/lib/bro/plugins/JGras_FuzzyHashing/lib/bif/functions.bif.bro
/usr/local/bro/lib/bro/plugins/mitrecnd_HTTP2/scripts/__preload__.bro
  /usr/local/bro/lib/bro/plugins/mitrecnd_HTTP2/scripts/types.bro
/usr/local/bro/lib/bro/plugins/mitrecnd_HTTP2/lib/bif/__load__.bro
  /usr/local/bro/lib/bro/plugins/mitrecnd_HTTP2/lib/bif/events.bif.bro
  /usr/local/bro/lib/bro/plugins/mitrecnd_HTTP2/lib/bif/http2.bif.bro
/usr/local/bro/lib/bro/plugins/mitrecnd_HTTP2/scripts/__load__.bro
  /usr/local/bro/lib/bro/plugins/mitrecnd_HTTP2/scripts/init.bro
/usr/local/bro/share/bro/base/init-default.bro
  /usr/local/bro/share/bro/base/utils/active-http.bro
    /usr/local/bro/share/bro/base/utils/exec.bro
  /usr/local/bro/share/bro/base/utils/addrs.bro
  /usr/local/bro/share/bro/base/utils/conn-ids.bro
  /usr/local/bro/share/bro/base/utils/dir.bro
    /usr/local/bro/share/bro/base/frameworks/reporter/__load__.bro
      /usr/local/bro/share/bro/base/frameworks/reporter/main.bro
    /usr/local/bro/share/bro/base/utils/paths.bro
  /usr/local/bro/share/bro/base/utils/directions-and-hosts.bro
  /usr/local/bro/share/bro/base/utils/email.bro
  /usr/local/bro/share/bro/base/utils/files.bro
  /usr/local/bro/share/bro/base/utils/geoip-distance.bro
  /usr/local/bro/share/bro/base/utils/hash_hrw.bro
  /usr/local/bro/share/bro/base/utils/numbers.bro
  /usr/local/bro/share/bro/base/utils/queue.bro
  /usr/local/bro/share/bro/base/utils/strings.bro
  /usr/local/bro/share/bro/base/utils/thresholds.bro
  /usr/local/bro/share/bro/base/utils/time.bro
  /usr/local/bro/share/bro/base/utils/urls.bro
  /usr/local/bro/share/bro/base/frameworks/notice/__load__.bro
    /usr/local/bro/share/bro/base/frameworks/notice/main.bro
      /usr/local/bro/share/bro/base/frameworks/cluster/__load__.bro
        /usr/local/bro/share/bro/base/frameworks/cluster/main.bro
          /usr/local/bro/share/bro/base/frameworks/control/__load__.bro
            /usr/local/bro/share/bro/base/frameworks/control/main.bro
        /usr/local/bro/share/bro/base/frameworks/cluster/pools.bro
    /usr/local/bro/share/bro/base/frameworks/notice/weird.bro
    /usr/local/bro/share/bro/base/frameworks/notice/actions/drop.bro
      /usr/local/bro/share/bro/base/frameworks/netcontrol/__load__.bro
        /usr/local/bro/share/bro/base/frameworks/netcontrol/types.bro
        /usr/local/bro/share/bro/base/frameworks/netcontrol/main.bro
          /usr/local/bro/share/bro/base/frameworks/netcontrol/plugin.bro
        /usr/local/bro/share/bro/base/frameworks/netcontrol/plugins/__load__.bro
          /usr/local/bro/share/bro/base/frameworks/netcontrol/plugins/debug.bro
          /usr/local/bro/share/bro/base/frameworks/netcontrol/plugins/openflow.bro
            /usr/local/bro/share/bro/base/frameworks/openflow/__load__.bro
              /usr/local/bro/share/bro/base/frameworks/openflow/consts.bro
              /usr/local/bro/share/bro/base/frameworks/openflow/types.bro
              /usr/local/bro/share/bro/base/frameworks/openflow/main.bro
              /usr/local/bro/share/bro/base/frameworks/openflow/plugins/__load__.bro
                /usr/local/bro/share/bro/base/frameworks/openflow/plugins/ryu.bro
                  /usr/local/bro/share/bro/base/utils/json.bro
                /usr/local/bro/share/bro/base/frameworks/openflow/plugins/log.bro
                /usr/local/bro/share/bro/base/frameworks/openflow/plugins/broker.bro
              /usr/local/bro/share/bro/base/frameworks/openflow/non-cluster.bro
          /usr/local/bro/share/bro/base/frameworks/netcontrol/plugins/packetfilter.bro
          /usr/local/bro/share/bro/base/frameworks/netcontrol/plugins/broker.bro
          /usr/local/bro/share/bro/base/frameworks/netcontrol/plugins/acld.bro
        /usr/local/bro/share/bro/base/frameworks/netcontrol/drop.bro
        /usr/local/bro/share/bro/base/frameworks/netcontrol/shunt.bro
        /usr/local/bro/share/bro/base/frameworks/netcontrol/catch-and-release.bro
        /usr/local/bro/share/bro/base/frameworks/netcontrol/non-cluster.bro
    /usr/local/bro/share/bro/base/frameworks/notice/actions/email_admin.bro
    /usr/local/bro/share/bro/base/frameworks/notice/actions/page.bro
    /usr/local/bro/share/bro/base/frameworks/notice/actions/add-geodata.bro
    /usr/local/bro/share/bro/base/frameworks/notice/actions/pp-alarms.bro
  /usr/local/bro/share/bro/base/frameworks/dpd/__load__.bro
    /usr/local/bro/share/bro/base/frameworks/dpd/main.bro
  /usr/local/bro/share/bro/base/frameworks/signatures/__load__.bro
    /usr/local/bro/share/bro/base/frameworks/signatures/main.bro
  /usr/local/bro/share/bro/base/frameworks/packet-filter/__load__.bro
    /usr/local/bro/share/bro/base/frameworks/packet-filter/main.bro
    /usr/local/bro/share/bro/base/frameworks/packet-filter/netstats.bro
  /usr/local/bro/share/bro/base/frameworks/software/__load__.bro
    /usr/local/bro/share/bro/base/frameworks/software/main.bro
  /usr/local/bro/share/bro/base/frameworks/intel/__load__.bro
    /usr/local/bro/share/bro/base/frameworks/intel/main.bro
    /usr/local/bro/share/bro/base/frameworks/intel/files.bro
    /usr/local/bro/share/bro/base/frameworks/intel/input.bro
  /usr/local/bro/share/bro/base/frameworks/config/__load__.bro
    /usr/local/bro/share/bro/base/frameworks/config/main.bro
    /usr/local/bro/share/bro/base/frameworks/config/input.bro
    /usr/local/bro/share/bro/base/frameworks/config/weird.bro
  /usr/local/bro/share/bro/base/frameworks/sumstats/__load__.bro
    /usr/local/bro/share/bro/base/frameworks/sumstats/main.bro
    /usr/local/bro/share/bro/base/frameworks/sumstats/plugins/__load__.bro
      /usr/local/bro/share/bro/base/frameworks/sumstats/plugins/average.bro
      /usr/local/bro/share/bro/base/frameworks/sumstats/plugins/hll_unique.bro
      /usr/local/bro/share/bro/base/frameworks/sumstats/plugins/last.bro
      /usr/local/bro/share/bro/base/frameworks/sumstats/plugins/max.bro
      /usr/local/bro/share/bro/base/frameworks/sumstats/plugins/min.bro
      /usr/local/bro/share/bro/base/frameworks/sumstats/plugins/sample.bro
      /usr/local/bro/share/bro/base/frameworks/sumstats/plugins/std-dev.bro
        /usr/local/bro/share/bro/base/frameworks/sumstats/plugins/variance.bro
      /usr/local/bro/share/bro/base/frameworks/sumstats/plugins/sum.bro
      /usr/local/bro/share/bro/base/frameworks/sumstats/plugins/topk.bro
      /usr/local/bro/share/bro/base/frameworks/sumstats/plugins/unique.bro
    /usr/local/bro/share/bro/base/frameworks/sumstats/non-cluster.bro
  /usr/local/bro/share/bro/base/frameworks/tunnels/__load__.bro
    /usr/local/bro/share/bro/base/frameworks/tunnels/main.bro
  /usr/local/bro/share/bro/base/protocols/conn/__load__.bro
    /usr/local/bro/share/bro/base/protocols/conn/main.bro
    /usr/local/bro/share/bro/base/protocols/conn/contents.bro
    /usr/local/bro/share/bro/base/protocols/conn/inactivity.bro
    /usr/local/bro/share/bro/base/protocols/conn/polling.bro
    /usr/local/bro/share/bro/base/protocols/conn/thresholds.bro
  /usr/local/bro/share/bro/base/protocols/dce-rpc/__load__.bro
    /usr/local/bro/share/bro/base/protocols/dce-rpc/consts.bro
    /usr/local/bro/share/bro/base/protocols/dce-rpc/main.bro
  /usr/local/bro/share/bro/base/protocols/dhcp/__load__.bro
    /usr/local/bro/share/bro/base/protocols/dhcp/consts.bro
    /usr/local/bro/share/bro/base/protocols/dhcp/main.bro
  /usr/local/bro/share/bro/base/protocols/dnp3/__load__.bro
    /usr/local/bro/share/bro/base/protocols/dnp3/main.bro
      /usr/local/bro/share/bro/base/protocols/dnp3/consts.bro
  /usr/local/bro/share/bro/base/protocols/dns/__load__.bro
    /usr/local/bro/share/bro/base/protocols/dns/consts.bro
    /usr/local/bro/share/bro/base/protocols/dns/main.bro
  /usr/local/bro/share/bro/base/protocols/ftp/__load__.bro
    /usr/local/bro/share/bro/base/protocols/ftp/utils-commands.bro
    /usr/local/bro/share/bro/base/protocols/ftp/info.bro
    /usr/local/bro/share/bro/base/protocols/ftp/main.bro
      /usr/local/bro/share/bro/base/protocols/ftp/utils.bro
    /usr/local/bro/share/bro/base/protocols/ftp/files.bro
    /usr/local/bro/share/bro/base/protocols/ftp/gridftp.bro
      /usr/local/bro/share/bro/base/protocols/ssl/__load__.bro
        /usr/local/bro/share/bro/base/protocols/ssl/consts.bro
        /usr/local/bro/share/bro/base/protocols/ssl/main.bro
        /usr/local/bro/share/bro/base/protocols/ssl/mozilla-ca-list.bro
        /usr/local/bro/share/bro/base/protocols/ssl/ct-list.bro
        /usr/local/bro/share/bro/base/protocols/ssl/files.bro
          /usr/local/bro/share/bro/base/files/x509/__load__.bro
            /usr/local/bro/share/bro/base/files/x509/main.bro
              /usr/local/bro/share/bro/base/files/hash/__load__.bro
                /usr/local/bro/share/bro/base/files/hash/main.bro
  /usr/local/bro/share/bro/base/protocols/http/__load__.bro
    /usr/local/bro/share/bro/base/protocols/http/main.bro
    /usr/local/bro/share/bro/base/protocols/http/entities.bro
    /usr/local/bro/share/bro/base/protocols/http/utils.bro
    /usr/local/bro/share/bro/base/protocols/http/files.bro
  /usr/local/bro/share/bro/base/protocols/imap/__load__.bro
    /usr/local/bro/share/bro/base/protocols/imap/main.bro
  /usr/local/bro/share/bro/base/protocols/irc/__load__.bro
    /usr/local/bro/share/bro/base/protocols/irc/main.bro
    /usr/local/bro/share/bro/base/protocols/irc/dcc-send.bro
    /usr/local/bro/share/bro/base/protocols/irc/files.bro
  /usr/local/bro/share/bro/base/protocols/krb/__load__.bro
    /usr/local/bro/share/bro/base/protocols/krb/main.bro
      /usr/local/bro/share/bro/base/protocols/krb/consts.bro
    /usr/local/bro/share/bro/base/protocols/krb/files.bro
  /usr/local/bro/share/bro/base/protocols/modbus/__load__.bro
    /usr/local/bro/share/bro/base/protocols/modbus/consts.bro
    /usr/local/bro/share/bro/base/protocols/modbus/main.bro
  /usr/local/bro/share/bro/base/protocols/mysql/__load__.bro
    /usr/local/bro/share/bro/base/protocols/mysql/main.bro
      /usr/local/bro/share/bro/base/protocols/mysql/consts.bro
  /usr/local/bro/share/bro/base/protocols/ntlm/__load__.bro
    /usr/local/bro/share/bro/base/protocols/ntlm/main.bro
  /usr/local/bro/share/bro/base/protocols/pop3/__load__.bro
  /usr/local/bro/share/bro/base/protocols/radius/__load__.bro
    /usr/local/bro/share/bro/base/protocols/radius/main.bro
      /usr/local/bro/share/bro/base/protocols/radius/consts.bro
  /usr/local/bro/share/bro/base/protocols/rdp/__load__.bro
    /usr/local/bro/share/bro/base/protocols/rdp/consts.bro
    /usr/local/bro/share/bro/base/protocols/rdp/main.bro
  /usr/local/bro/share/bro/base/protocols/rfb/__load__.bro
    /usr/local/bro/share/bro/base/protocols/rfb/main.bro
  /usr/local/bro/share/bro/base/protocols/sip/__load__.bro
    /usr/local/bro/share/bro/base/protocols/sip/main.bro
  /usr/local/bro/share/bro/base/protocols/snmp/__load__.bro
    /usr/local/bro/share/bro/base/protocols/snmp/main.bro
  /usr/local/bro/share/bro/base/protocols/smb/__load__.bro
    /usr/local/bro/share/bro/base/protocols/smb/consts.bro
    /usr/local/bro/share/bro/base/protocols/smb/const-dos-error.bro
    /usr/local/bro/share/bro/base/protocols/smb/const-nt-status.bro
    /usr/local/bro/share/bro/base/protocols/smb/main.bro
    /usr/local/bro/share/bro/base/protocols/smb/smb1-main.bro
    /usr/local/bro/share/bro/base/protocols/smb/smb2-main.bro
    /usr/local/bro/share/bro/base/protocols/smb/files.bro
  /usr/local/bro/share/bro/base/protocols/smtp/__load__.bro
    /usr/local/bro/share/bro/base/protocols/smtp/main.bro
    /usr/local/bro/share/bro/base/protocols/smtp/entities.bro
    /usr/local/bro/share/bro/base/protocols/smtp/files.bro
  /usr/local/bro/share/bro/base/protocols/socks/__load__.bro
    /usr/local/bro/share/bro/base/protocols/socks/consts.bro
    /usr/local/bro/share/bro/base/protocols/socks/main.bro
  /usr/local/bro/share/bro/base/protocols/ssh/__load__.bro
    /usr/local/bro/share/bro/base/protocols/ssh/main.bro
  /usr/local/bro/share/bro/base/protocols/syslog/__load__.bro
    /usr/local/bro/share/bro/base/protocols/syslog/consts.bro
    /usr/local/bro/share/bro/base/protocols/syslog/main.bro
  /usr/local/bro/share/bro/base/protocols/tunnels/__load__.bro
  /usr/local/bro/share/bro/base/protocols/xmpp/__load__.bro
    /usr/local/bro/share/bro/base/protocols/xmpp/main.bro
  /usr/local/bro/share/bro/base/files/pe/__load__.bro
    /usr/local/bro/share/bro/base/files/pe/consts.bro
    /usr/local/bro/share/bro/base/files/pe/main.bro
  /usr/local/bro/share/bro/base/files/extract/__load__.bro
    /usr/local/bro/share/bro/base/files/extract/main.bro
  /usr/local/bro/share/bro/base/files/unified2/__load__.bro
    /usr/local/bro/share/bro/base/files/unified2/main.bro
  /usr/local/bro/share/bro/base/misc/find-checksum-offloading.bro
  /usr/local/bro/share/bro/base/misc/find-filtered-trace.bro
  /usr/local/bro/share/bro/base/misc/version.bro
/usr/local/bro/spool/installed-scripts-do-not-touch/site/local.bro
  /usr/local/bro/share/bro/policy/misc/loaded-scripts.bro
  /usr/local/bro/share/bro/policy/tuning/defaults/__load__.bro
    /usr/local/bro/share/bro/policy/tuning/defaults/packet-fragments.bro
    /usr/local/bro/share/bro/policy/tuning/defaults/warnings.bro
    /usr/local/bro/share/bro/policy/tuning/defaults/extracted_file_limits.bro
  /usr/local/bro/share/bro/policy/misc/capture-loss.bro
  /usr/local/bro/share/bro/policy/misc/stats.bro
  /usr/local/bro/share/bro/policy/misc/scan.bro
  /usr/local/bro/share/bro/policy/frameworks/software/vulnerable.bro
  /usr/local/bro/share/bro/policy/frameworks/software/version-changes.bro
  /usr/local/bro/share/bro/policy/protocols/ftp/software.bro
  /usr/local/bro/share/bro/policy/protocols/smtp/software.bro
  /usr/local/bro/share/bro/policy/protocols/ssh/software.bro
  /usr/local/bro/share/bro/policy/protocols/http/software.bro
  /usr/local/bro/share/bro/policy/protocols/dns/detect-external-names.bro
  /usr/local/bro/share/bro/policy/protocols/ftp/detect.bro
  /usr/local/bro/share/bro/policy/protocols/conn/known-hosts.bro
  /usr/local/bro/share/bro/policy/protocols/conn/known-services.bro
  /usr/local/bro/share/bro/policy/protocols/ssl/known-certs.bro
  /usr/local/bro/share/bro/policy/protocols/ssl/validate-certs.bro
  /usr/local/bro/share/bro/policy/protocols/ssl/log-hostcerts-only.bro
  /usr/local/bro/share/bro/policy/protocols/ssh/geo-data.bro
  /usr/local/bro/share/bro/policy/protocols/ssh/detect-bruteforcing.bro
  /usr/local/bro/share/bro/policy/protocols/ssh/interesting-hostnames.bro
  /usr/local/bro/share/bro/policy/protocols/http/detect-sqli.bro
  /usr/local/bro/share/bro/policy/frameworks/files/hash-all-files.bro
  /usr/local/bro/share/bro/policy/frameworks/files/detect-MHR.bro
  /usr/local/bro/share/bro/policy/frameworks/notice/extend-email/hostnames.bro
  /usr/local/bro/spool/installed-scripts-do-not-touch/site/packages/__load__.bro
    /usr/local/bro/spool/installed-scripts-do-not-touch/site/packages/bro-ja3/__load__.bro
      /usr/local/bro/spool/installed-scripts-do-not-touch/site/packages/bro-ja3/main.bro
      /usr/local/bro/spool/installed-scripts-do-not-touch/site/packages/bro-ja3/ja3s.bro
      /usr/local/bro/spool/installed-scripts-do-not-touch/site/packages/bro-ja3/intel.bro
    /usr/local/bro/spool/installed-scripts-do-not-touch/site/packages/bro-osquery-test/__load__.bro
      /usr/local/bro/spool/installed-scripts-do-not-touch/site/packages/bro-osquery-test/framework/__load__.bro
        /usr/local/bro/spool/installed-scripts-do-not-touch/site/packages/bro-osquery-test/framework/framework_commons.bro
        /usr/local/bro/spool/installed-scripts-do-not-touch/site/packages/bro-osquery-test/framework/hosts_send.bro
        /usr/local/bro/spool/installed-scripts-do-not-touch/site/packages/bro-osquery-test/framework/osquery_subscriptions.bro
        /usr/local/bro/spool/installed-scripts-do-not-touch/site/packages/bro-osquery-test/framework/osquery_hosts.bro
        /usr/local/bro/spool/installed-scripts-do-not-touch/site/packages/bro-osquery-test/framework/bro_backend.bro
        /usr/local/bro/spool/installed-scripts-do-not-touch/site/packages/bro-osquery-test/framework/osquery_framework.bro
      /usr/local/bro/spool/installed-scripts-do-not-touch/site/packages/bro-osquery-test/logging/__load__.bro
      /usr/local/bro/spool/installed-scripts-do-not-touch/site/packages/bro-osquery-test/host_info/__load__.bro
        /usr/local/bro/spool/installed-scripts-do-not-touch/site/packages/bro-osquery-test/host_info/processes.bro
          /usr/local/bro/spool/installed-scripts-do-not-touch/site/packages/bro-osquery-test/host_info/logging/tables/processes.bro
          /usr/local/bro/spool/installed-scripts-do-not-touch/site/packages/bro-osquery-test/host_info/logging/tables/process_events.bro
        /usr/local/bro/spool/installed-scripts-do-not-touch/site/packages/bro-osquery-test/host_info/users.bro
          /usr/local/bro/spool/installed-scripts-do-not-touch/site/packages/bro-osquery-test/host_info/logging/tables/users.bro
        /usr/local/bro/spool/installed-scripts-do-not-touch/site/packages/bro-osquery-test/host_info/sockets.bro
          /usr/local/bro/spool/installed-scripts-do-not-touch/site/packages/bro-osquery-test/host_info/logging/tables/process_open_sockets.bro
          /usr/local/bro/spool/installed-scripts-do-not-touch/site/packages/bro-osquery-test/host_info/logging/tables/socket_events.bro
        /usr/local/bro/spool/installed-scripts-do-not-touch/site/packages/bro-osquery-test/host_info/hosts_interfaces.bro
        /usr/local/bro/spool/installed-scripts-do-not-touch/site/packages/bro-osquery-test/host_info/hosts_info.bro
        /usr/local/bro/spool/installed-scripts-do-not-touch/site/packages/bro-osquery-test/host_info/process_connections.bro
      /usr/local/bro/spool/installed-scripts-do-not-touch/site/packages/bro-osquery-test/detection/__load__.bro
        /usr/local/bro/spool/installed-scripts-do-not-touch/site/packages/bro-osquery-test/detection/host_network.bro
    /usr/local/bro/spool/installed-scripts-do-not-touch/site/packages/domain-tld/__load__.bro
      /usr/local/bro/spool/installed-scripts-do-not-touch/site/packages/domain-tld/main.bro
      /usr/local/bro/spool/installed-scripts-do-not-touch/site/packages/domain-tld/tld-data.bro
    /usr/local/bro/spool/installed-scripts-do-not-touch/site/packages/file-extraction/__load__.bro
      /usr/local/bro/spool/installed-scripts-do-not-touch/site/packages/file-extraction/main.bro
        /usr/local/bro/spool/installed-scripts-do-not-touch/site/packages/file-extraction/file-extensions.bro
      /usr/local/bro/spool/installed-scripts-do-not-touch/site/packages/file-extraction/config.bro
        /usr/local/bro/spool/installed-scripts-do-not-touch/site/packages/file-extraction/plugins/extract-common-exploit-types.bro
          /usr/local/bro/spool/installed-scripts-do-not-touch/site/packages/file-extraction/plugins/extract-java.bro
          /usr/local/bro/spool/installed-scripts-do-not-touch/site/packages/file-extraction/plugins/extract-pe.bro
          /usr/local/bro/spool/installed-scripts-do-not-touch/site/packages/file-extraction/plugins/extract-ms-office.bro
          /usr/local/bro/spool/installed-scripts-do-not-touch/site/packages/file-extraction/plugins/extract-pdf.bro
    /usr/local/bro/spool/installed-scripts-do-not-touch/site/packages/hardenedlinux-bro-script/__load__.bro
      /usr/local/bro/spool/installed-scripts-do-not-touch/site/packages/hardenedlinux-bro-script/files/__load__.bro
        /usr/local/bro/spool/installed-scripts-do-not-touch/site/packages/hardenedlinux-bro-script/files/files-identified.bro
        /usr/local/bro/spool/installed-scripts-do-not-touch/site/packages/hardenedlinux-bro-script/files/ssdeep-tlsh.bro
      /usr/local/bro/spool/installed-scripts-do-not-touch/site/packages/hardenedlinux-bro-script/frameworks/software/__load__.bro
        /usr/local/bro/spool/installed-scripts-do-not-touch/site/packages/hardenedlinux-bro-script/frameworks/software/own-software/__load__.bro
          /usr/local/bro/spool/installed-scripts-do-not-touch/site/packages/hardenedlinux-bro-script/frameworks/software/own-software/bro_parse_weibo.bro
          /usr/local/bro/spool/installed-scripts-do-not-touch/site/packages/hardenedlinux-bro-script/frameworks/software/own-software/bro_parse_jd.bro
          /usr/local/bro/spool/installed-scripts-do-not-touch/site/packages/hardenedlinux-bro-script/frameworks/software/own-software/bro_parse_bilibili.bro
          /usr/local/bro/spool/installed-scripts-do-not-touch/site/packages/hardenedlinux-bro-script/frameworks/software/own-software/bro_parse_gaodemap.bro
          /usr/local/bro/spool/installed-scripts-do-not-touch/site/packages/hardenedlinux-bro-script/frameworks/software/own-software/bro_parse_iqiyi.bro
          /usr/local/bro/spool/installed-scripts-do-not-touch/site/packages/hardenedlinux-bro-script/frameworks/software/own-software/bro_parse_tencent_video.bro
          /usr/local/bro/spool/installed-scripts-do-not-touch/site/packages/hardenedlinux-bro-script/frameworks/software/own-software/bro_parse_weixin.bro
          /usr/local/bro/spool/installed-scripts-do-not-touch/site/packages/hardenedlinux-bro-script/frameworks/software/own-software/bro_parse_alipay.bro
          /usr/local/bro/spool/installed-scripts-do-not-touch/site/packages/hardenedlinux-bro-script/frameworks/software/own-software/bro_parse_taobao.bro
          /usr/local/bro/spool/installed-scripts-do-not-touch/site/packages/hardenedlinux-bro-script/frameworks/software/own-software/bro_parse_qq.bro
      /usr/local/bro/spool/installed-scripts-do-not-touch/site/packages/hardenedlinux-bro-script/protocols/__load__.bro
        /usr/local/bro/spool/installed-scripts-do-not-touch/site/packages/hardenedlinux-bro-script/protocols/conn/__load__.bro
          /usr/local/bro/spool/installed-scripts-do-not-touch/site/packages/hardenedlinux-bro-script/protocols/conn/lager_transfer.bro
          /usr/local/bro/spool/installed-scripts-do-not-touch/site/packages/hardenedlinux-bro-script/protocols/conn/resp-summary.bro
          /usr/local/bro/spool/installed-scripts-do-not-touch/site/packages/hardenedlinux-bro-script/protocols/conn/simple_ip_count.bro
          /usr/local/bro/spool/installed-scripts-do-not-touch/site/packages/hardenedlinux-bro-script/protocols/conn/top-metrics.bro
          /usr/local/bro/spool/installed-scripts-do-not-touch/site/packages/hardenedlinux-bro-script/protocols/conn/unique-host.bro
            /usr/local/bro/spool/installed-scripts-do-not-touch/site/packages/hardenedlinux-bro-script/protocols/frameworks/countabble.bro
          /usr/local/bro/spool/installed-scripts-do-not-touch/site/packages/hardenedlinux-bro-script/protocols/conn/unique-macs.bro
        /usr/local/bro/spool/installed-scripts-do-not-touch/site/packages/hardenedlinux-bro-script/protocols/dncp/__load__.bro
          /usr/local/bro/spool/installed-scripts-do-not-touch/site/packages/hardenedlinux-bro-script/protocols/dncp/track-dhcp.bro
        /usr/local/bro/spool/installed-scripts-do-not-touch/site/packages/hardenedlinux-bro-script/protocols/http/__load__.bro
          /usr/local/bro/spool/installed-scripts-do-not-touch/site/packages/hardenedlinux-bro-script/protocols/http/owasp/__load__.bro
            /usr/local/bro/spool/installed-scripts-do-not-touch/site/packages/hardenedlinux-bro-script/protocols/http/owasp/http_ext.bro
            /usr/local/bro/spool/installed-scripts-do-not-touch/site/packages/hardenedlinux-bro-script/protocols/http/owasp/url_decoder.bro
            /usr/local/bro/spool/installed-scripts-do-not-touch/site/packages/hardenedlinux-bro-script/protocols/http/owasp/detect-response-splitting.bro
          /usr/local/bro/spool/installed-scripts-do-not-touch/site/packages/hardenedlinux-bro-script/protocols/http/qq_version.bro
        /usr/local/bro/spool/installed-scripts-do-not-touch/site/packages/hardenedlinux-bro-script/protocols/smtp/__load__.bro
          /usr/local/bro/spool/installed-scripts-do-not-touch/site/packages/hardenedlinux-bro-script/protocols/smtp/smtp-body.bro
          /usr/local/bro/spool/installed-scripts-do-not-touch/site/packages/hardenedlinux-bro-script/protocols/smtp/smtp-decode-encoded-word-subjects.bro
        /usr/local/bro/spool/installed-scripts-do-not-touch/site/packages/hardenedlinux-bro-script/protocols/ssh/__load__.bro
          /usr/local/bro/spool/installed-scripts-do-not-touch/site/packages/hardenedlinux-bro-script/protocols/ssh/ssh_auth_count_framwork.bro
        /usr/local/bro/spool/installed-scripts-do-not-touch/site/packages/hardenedlinux-bro-script/protocols/ssl/__load__.bro
          /usr/local/bro/spool/installed-scripts-do-not-touch/site/packages/hardenedlinux-bro-script/protocols/ssl/ssl-cipher-count.bro
        /usr/local/bro/spool/installed-scripts-do-not-touch/site/packages/hardenedlinux-bro-script/protocols/dns/__load__.bro
          /usr/local/bro/spool/installed-scripts-do-not-touch/site/packages/hardenedlinux-bro-script/protocols/dns/dyndns.bro
          /usr/local/bro/spool/installed-scripts-do-not-touch/site/packages/hardenedlinux-bro-script/protocols/dns/split_dns.bro
          /usr/local/bro/spool/installed-scripts-do-not-touch/site/packages/hardenedlinux-bro-script/protocols/dns/known_domains.bro
          /usr/local/bro/spool/installed-scripts-do-not-touch/site/packages/hardenedlinux-bro-script/protocols/dns/top_dns.bro
        /usr/local/bro/spool/installed-scripts-do-not-touch/site/packages/hardenedlinux-bro-script/protocols/protocols-stats.bro
      /usr/local/bro/spool/installed-scripts-do-not-touch/site/packages/hardenedlinux-bro-script/vlan-info/__load__.bro
        /usr/local/bro/spool/installed-scripts-do-not-touch/site/packages/hardenedlinux-bro-script/vlan-info/vlan-location.bro
          /usr/local/bro/share/bro/policy/protocols/conn/vlan-logging.bro
          /usr/local/bro/share/bro/policy/misc/detect-traceroute/__load__.bro
            /usr/local/bro/share/bro/policy/misc/detect-traceroute/main.bro
          /usr/local/bro/spool/installed-scripts-do-not-touch/site/packages/hardenedlinux-bro-script/vlan-info/tap-data.bro
            /usr/local/bro/spool/installed-scripts-do-not-touch/site/packages/hardenedlinux-bro-script/vlan-info/vlan-data.bro
        /usr/local/bro/spool/installed-scripts-do-not-touch/site/packages/hardenedlinux-bro-script/vlan-info/tap-verify.bro
      /usr/local/bro/spool/installed-scripts-do-not-touch/site/packages/hardenedlinux-bro-script/log-passwords.bro
      /usr/local/bro/spool/installed-scripts-do-not-touch/site/packages/hardenedlinux-bro-script/bro-kafka.bro
        /usr/local/bro/lib/bro/plugins/APACHE_KAFKA/scripts/Apache/Kafka/__load__.bro
          /usr/local/bro/lib/bro/plugins/APACHE_KAFKA/scripts/Apache/Kafka/logs-to-kafka.bro
        /usr/local/bro/lib/bro/plugins/mitrecnd_HTTP2/scripts/http2/__load__.bro
          /usr/local/bro/lib/bro/plugins/mitrecnd_HTTP2/scripts/http2/main.bro
          /usr/local/bro/lib/bro/plugins/mitrecnd_HTTP2/scripts/http2/utils.bro
          /usr/local/bro/lib/bro/plugins/mitrecnd_HTTP2/scripts/http2/files.bro
      /usr/local/bro/spool/installed-scripts-do-not-touch/site/packages/hardenedlinux-bro-script/frameworks/notice/mutlti.bro
        /usr/local/bro/share/bro/policy/frameworks/intel/do_notice.bro
    /usr/local/bro/spool/installed-scripts-do-not-touch/site/packages/http-stalling-detector/__load__.bro
      /usr/local/bro/spool/installed-scripts-do-not-touch/site/packages/http-stalling-detector/main.bro
  /usr/local/bro/lib/bro/plugins/mitrecnd_HTTP2/scripts/http2/intel/__load__.bro
    /usr/local/bro/lib/bro/plugins/mitrecnd_HTTP2/scripts/http2/intel/seen/http2-headers.bro
      /usr/local/bro/share/bro/policy/frameworks/intel/seen/where-locations.bro
    /usr/local/bro/lib/bro/plugins/mitrecnd_HTTP2/scripts/http2/intel/seen/http2-url.bro
/usr/local/bro/share/bro/broctl/__load__.bro
  /usr/local/bro/share/bro/broctl/main.bro
    /usr/local/bro/share/bro/policy/frameworks/control/controllee.bro
/usr/local/bro/share/bro/broctl/standalone.bro
  /usr/local/bro/spool/installed-scripts-do-not-touch/auto/standalone-layout.bro
  /usr/local/bro/share/bro/policy/misc/trim-trace-file.bro
/usr/local/bro/share/bro/broctl/auto.bro
  /usr/local/bro/spool/installed-scripts-do-not-touch/auto/local-networks.bro
  /usr/local/bro/spool/installed-scripts-do-not-touch/auto/broctl-config.bro
