#separator \x09
#set_separator	,
#empty_field	(empty)
#unset_field	-
#path	pe
#open	2019-02-15-16-34-34
#fields	ts	id	machine	compile_ts	os	subsystem	is_exe	is_64bit	uses_aslr	uses_dep	uses_code_integrity	uses_seh	has_import_table	has_export_table	has_cert_table	has_debug_data	section_names
#types	time	string	string	time	string	string	bool	bool	bool	bool	bool	bool	bool	bool	bool	bool	vector[string]
1550266474.062569	FlcY8U1XWGwNyEKEya	I386	1416600218.000000	Windows 95 or NT 4.0	WINDOWS_GUI	T	F	F	T	F	T	T	F	T	T	.text,.rdata,.data,.reloc,.rsrc
1550266474.086565	FUBW7B1RzldkYe3868	I386	1416600218.000000	Windows 95 or NT 4.0	WINDOWS_GUI	T	F	F	T	F	T	T	F	T	T	.text,.rdata,.data,.reloc,.rsrc
1550266474.110172	FYzfjSiy4mfgNqDkc	I386	1416600218.000000	Windows 95 or NT 4.0	WINDOWS_GUI	T	F	F	T	F	T	T	F	T	T	.text,.rdata,.data,.reloc,.rsrc
1550266477.395620	FaolB8KxgF2EmiCYj	I386	1421221853.000000	Windows XP	WINDOWS_GUI	T	F	T	T	F	T	T	T	F	F	.text,.rdata,.data,.reloc
1550266477.395685	FIaXgb3Bgk0EJq5bu9	I386	1419276148.000000	unknown-47.37377	WINDOWS_GUI	T	T	F	F	F	T	T	T	T	F	\x01text,.rda\xaaa,ydata,\x7fidata,.rsrc,.relo\xaa
1550266477.396304	FqkMR33hXKmCGSboj6	I386	891508694.000000	Windows 95 or NT 4.0	WINDOWS_GUI	T	F	F	F	F	F	T	F	F	T	.text,.rdata,.data,.rsrc
1550266477.399833	FZCYEq1mO4DeEVhDo6	I386	1419276148.000000	unknown-47.37377	WINDOWS_GUI	T	T	F	F	F	T	T	T	T	F	\x01text,.rda\xaaa,ydata,\x7fidata,.rsrc,.relo\xaa
1550266477.401108	FehLXr1EBmnDlffNEj	I386	1421237776.000000	Windows 2000	WINDOWS_GUI	T	F	F	F	F	T	T	F	F	F	.text,.rdata,.data,.rsrc
1550266477.404447	FfiWUO2VP3Hac9ZqJ7	I386	1421221853.000000	Windows XP	WINDOWS_GUI	T	F	T	T	F	T	T	T	F	F	.text,.rdata,.data,.reloc
1550266477.404513	FG7ISf1bympH5Aio3g	I386	1419276148.000000	unknown-47.37377	WINDOWS_GUI	T	T	F	F	F	T	T	T	T	F	\x01text,.rda\xaaa,ydata,\x7fidata,.rsrc,.relo\xaa
1550266477.405529	FDT1Kln28tduk0sw6	I386	891508694.000000	Windows 95 or NT 4.0	WINDOWS_GUI	T	F	F	F	F	F	T	F	F	T	.text,.rdata,.data,.rsrc
1550266477.408868	F36v7D144FXlKF84jc	I386	1419276148.000000	unknown-47.37377	WINDOWS_GUI	T	T	F	F	F	T	T	T	T	F	\x01text,.rda\xaaa,ydata,\x7fidata,.rsrc,.relo\xaa
1550266477.412086	F6CScb4kLqjop0PZlh	I386	1421221853.000000	Windows XP	WINDOWS_GUI	T	F	T	T	F	T	T	T	F	F	.text,.rdata,.data,.reloc
1550266477.412124	FHQ8kb3prVaXba7iO9	I386	1419276148.000000	unknown-47.37377	WINDOWS_GUI	T	T	F	F	F	T	T	T	T	F	\x01text,.rda\xaaa,ydata,\x7fidata,.rsrc,.relo\xaa
1550266477.412997	FNgL8ZaU9RLenCXll	I386	891508694.000000	Windows 95 or NT 4.0	WINDOWS_GUI	T	F	F	F	F	F	T	F	F	T	.text,.rdata,.data,.rsrc
1550266477.417011	FcPP5d2SwanSPgk7hl	I386	1419276148.000000	unknown-47.37377	WINDOWS_GUI	T	T	F	F	F	T	T	T	T	F	\x01text,.rda\xaaa,ydata,\x7fidata,.rsrc,.relo\xaa
1550266477.417969	F9Soik1TGc2QPc0wb	I386	1421237776.000000	Windows 2000	WINDOWS_GUI	T	F	F	F	F	T	T	F	F	F	.text,.rdata,.data,.rsrc
1550266477.421350	FUK11q4oADwEUqfNU1	I386	1421221853.000000	Windows XP	WINDOWS_GUI	T	F	T	T	F	T	T	T	F	F	.text,.rdata,.data,.reloc
1550266477.421392	FJmKsF2IpnweBcXFvf	I386	1419276148.000000	unknown-47.37377	WINDOWS_GUI	T	T	F	F	F	T	T	T	T	F	\x01text,.rda\xaaa,ydata,\x7fidata,.rsrc,.relo\xaa
1550266477.422331	FnE9Ri89LfOEsR2Hb	I386	891508694.000000	Windows 95 or NT 4.0	WINDOWS_GUI	T	F	F	F	F	F	T	F	F	T	.text,.rdata,.data,.rsrc
1550266477.425883	Fh885qo3UDyZwEVh8	I386	1419276148.000000	unknown-47.37377	WINDOWS_GUI	T	T	F	F	F	T	T	T	T	F	\x01text,.rda\xaaa,ydata,\x7fidata,.rsrc,.relo\xaa
1550266477.428967	FfLsIt2BikLVal1ULe	I386	1421221853.000000	Windows XP	WINDOWS_GUI	T	F	T	T	F	T	T	T	F	F	.text,.rdata,.data,.reloc
1550266477.429021	Fz1FQA4eVyqOVqAOAi	I386	1419276148.000000	unknown-47.37377	WINDOWS_GUI	T	T	F	F	F	T	T	T	T	F	\x01text,.rda\xaaa,ydata,\x7fidata,.rsrc,.relo\xaa
1550266477.429999	FplEWF3yiiSDy0QTD3	I386	891508694.000000	Windows 95 or NT 4.0	WINDOWS_GUI	T	F	F	F	F	F	T	F	F	T	.text,.rdata,.data,.rsrc
1550266477.433566	FJ8NnM3S93knIORXc6	I386	1419276148.000000	unknown-47.37377	WINDOWS_GUI	T	T	F	F	F	T	T	T	T	F	\x01text,.rda\xaaa,ydata,\x7fidata,.rsrc,.relo\xaa
1550266477.435155	Fi1J9v4aS0hngTo2A	I386	1421237776.000000	Windows 2000	WINDOWS_GUI	T	F	F	F	F	T	T	F	F	F	.text,.rdata,.data,.rsrc
1550266477.438183	FctE5g32tXG5NRQUE3	I386	1421221853.000000	Windows XP	WINDOWS_GUI	T	F	T	T	F	T	T	T	F	F	.text,.rdata,.data,.reloc
1550266477.438224	FbIEAZ3KY78EKjVIN3	I386	1419276148.000000	unknown-47.37377	WINDOWS_GUI	T	T	F	F	F	T	T	T	T	F	\x01text,.rda\xaaa,ydata,\x7fidata,.rsrc,.relo\xaa
1550266477.439080	FK8Ris174fi5XgRKlb	I386	891508694.000000	Windows 95 or NT 4.0	WINDOWS_GUI	T	F	F	F	F	F	T	F	F	T	.text,.rdata,.data,.rsrc
1550266477.442664	Fp7RyoLSptLdaGH5f	I386	1419276148.000000	unknown-47.37377	WINDOWS_GUI	T	T	F	F	F	T	T	T	T	F	\x01text,.rda\xaaa,ydata,\x7fidata,.rsrc,.relo\xaa
1550266478.227045	Fzjn1b4FQCclxia57e	I386	1422888809.000000	Windows XP	WINDOWS_GUI	T	F	F	T	F	T	T	F	F	F	.text,.rdata,.data,.rsrc
1550266478.232686	Ffb2px3sRM3PELMexc	I386	1422888809.000000	Windows XP	WINDOWS_GUI	T	F	F	T	F	T	T	F	F	F	.text,.rdata,.data,.rsrc
1550266478.238513	F7kJBd3mkkQSosQXHj	I386	1422888809.000000	Windows XP	WINDOWS_GUI	T	F	F	T	F	T	T	F	F	F	.text,.rdata,.data,.rsrc
1550266481.141956	FzO7O73BxLpi92hrh3	I386	1425937126.000000	Windows 2000	WINDOWS_GUI	T	F	F	F	F	T	T	F	F	F	.text,614s,61s,65s,64s,63,62,61,60,59,58,57,56,55,54,53,52,51,5,.rdata,.data,.rsrc
1550266481.147513	FdYUvu2TCiTq5LYcx6	I386	1425937126.000000	Windows 2000	WINDOWS_GUI	T	F	F	F	F	T	T	F	F	F	.text,614s,61s,65s,64s,63,62,61,60,59,58,57,56,55,54,53,52,51,5,.rdata,.data,.rsrc
1550266481.157141	FTFJzl19bPdNn7bCb	I386	1425937126.000000	Windows 2000	WINDOWS_GUI	T	F	F	F	F	T	T	F	F	F	.text,614s,61s,65s,64s,63,62,61,60,59,58,57,56,55,54,53,52,51,5,.rdata,.data,.rsrc
1550266481.162249	FcTIo92Nd1w303k53l	I386	1423205579.000000	-	-	T	F	F	F	F	T	-	-	-	-	-
1550266481.152530	FKpndi3c4FxkAibNY3	I386	1423205579.000000	-	-	T	F	F	F	F	T	-	-	-	-	-
1550266481.175735	FCd1gg11yB29y665u3	I386	1423205579.000000	-	-	T	F	F	F	F	T	-	-	-	-	-
1550266481.195206	F5Tr8o3DqW7hNORfi	I386	1423205579.000000	-	-	T	F	F	F	F	T	-	-	-	-	-
1550266481.214245	FjVfOK1EDbPZQmXzHd	I386	1425937126.000000	Windows 2000	WINDOWS_GUI	T	F	F	F	F	T	T	F	F	F	.text,614s,61s,65s,64s,63,62,61,60,59,58,57,56,55,54,53,52,51,5,.rdata,.data,.rsrc
1550266481.219705	Fz0kIy2yxVBxKzWial	I386	1425937126.000000	Windows 2000	WINDOWS_GUI	T	F	F	F	F	T	T	F	F	F	.text,614s,61s,65s,64s,63,62,61,60,59,58,57,56,55,54,53,52,51,5,.rdata,.data,.rsrc
1550266481.229099	FoVajA4me3d9cm7Gnl	I386	1425937126.000000	Windows 2000	WINDOWS_GUI	T	F	F	F	F	T	T	F	F	F	.text,614s,61s,65s,64s,63,62,61,60,59,58,57,56,55,54,53,52,51,5,.rdata,.data,.rsrc
1550266481.234755	FDzEP04Tp2ILHi4OM7	I386	1423205579.000000	-	-	T	F	F	F	F	T	-	-	-	-	-
1550266481.224723	FqSsCYWMtWkVGZE4	I386	1423205579.000000	-	-	T	F	F	F	F	T	-	-	-	-	-
1550266481.247822	F2M97A3LUm6CWfQbg9	I386	1423205579.000000	-	-	T	F	F	F	F	T	-	-	-	-	-
1550266481.267442	FsrFD23yZMnjzY3Nq2	I386	1423205579.000000	-	-	T	F	F	F	F	T	-	-	-	-	-
1550266481.288205	FZkjZS26gQxUzlPJFg	I386	1425937126.000000	Windows 2000	WINDOWS_GUI	T	F	F	F	F	T	T	F	F	F	.text,614s,61s,65s,64s,63,62,61,60,59,58,57,56,55,54,53,52,51,5,.rdata,.data,.rsrc
1550266481.293438	F5mDkFXWBj6A3TYn3	I386	1425937126.000000	Windows 2000	WINDOWS_GUI	T	F	F	F	F	T	T	F	F	F	.text,614s,61s,65s,64s,63,62,61,60,59,58,57,56,55,54,53,52,51,5,.rdata,.data,.rsrc
1550266481.303240	FWJitH3oY5waJpFI3f	I386	1425937126.000000	Windows 2000	WINDOWS_GUI	T	F	F	F	F	T	T	F	F	F	.text,614s,61s,65s,64s,63,62,61,60,59,58,57,56,55,54,53,52,51,5,.rdata,.data,.rsrc
1550266481.308568	FbhYMWR5vtxNO4rah	I386	1423205579.000000	-	-	T	F	F	F	F	T	-	-	-	-	-
1550266481.298629	Fkcd2Q1nIGU6nqev16	I386	1423205579.000000	-	-	T	F	F	F	F	T	-	-	-	-	-
1550266481.321225	F4fR9dn3blDHdoSt7	I386	1423205579.000000	-	-	T	F	F	F	F	T	-	-	-	-	-
1550266481.340925	FWTVfL7cDgJhM8W03	I386	1423205579.000000	-	-	T	F	F	F	F	T	-	-	-	-	-
1550266482.339050	FlGVuH3QUAzKxalcO7	I386	1528672380.000000	Windows 95 or NT 4.0	WINDOWS_GUI	T	F	T	F	F	T	T	T	F	T	.data,a1,a3,a2,eq43,.edata,.text0,.bss,.idata,.rsrc,.reloc
1550266482.349556	FIJmHC1mCeVvGL9RJ1	I386	1528672380.000000	Windows 95 or NT 4.0	WINDOWS_GUI	T	F	T	F	F	T	T	T	F	T	.data,a1,a3,a2,eq43,.edata,.text0,.bss,.idata,.rsrc,.reloc
1550266482.360810	FGec2j2wBQ7p974FNk	I386	1528672380.000000	Windows 95 or NT 4.0	WINDOWS_GUI	T	F	T	F	F	T	T	T	F	T	.data,a1,a3,a2,eq43,.edata,.text0,.bss,.idata,.rsrc,.reloc
1550266482.371610	FhwtM51fAGkRhi7v9h	I386	1528672380.000000	Windows 95 or NT 4.0	WINDOWS_GUI	T	F	T	F	F	T	T	T	F	T	.data,a1,a3,a2,eq43,.edata,.text0,.bss,.idata,.rsrc,.reloc
1550266482.383038	Fn9nie12TQTggz59id	I386	1528672380.000000	Windows 95 or NT 4.0	WINDOWS_GUI	T	F	T	F	F	T	T	T	F	T	.data,a1,a3,a2,eq43,.edata,.text0,.bss,.idata,.rsrc,.reloc
1550266482.393716	FQn26W3iLYs24RAEg3	I386	1528672380.000000	Windows 95 or NT 4.0	WINDOWS_GUI	T	F	T	F	F	T	T	T	F	T	.data,a1,a3,a2,eq43,.edata,.text0,.bss,.idata,.rsrc,.reloc
1550266482.835408	FJrI0z1OWL33SCzIe1	I386	1430928909.000000	Windows 95 or NT 4.0	WINDOWS_GUI	T	F	F	F	F	T	T	T	T	F	.text,.rdata,.data,.idata,.rsrc,.reloc
1550266482.839572	FItmeu1ibAlroXisnl	I386	1430928909.000000	Windows 95 or NT 4.0	WINDOWS_GUI	T	F	F	F	F	T	T	T	T	F	.text,.rdata,.data,.idata,.rsrc,.reloc
1550266482.843670	F4Z5gF27WW8um5F2c	I386	1430928909.000000	Windows 95 or NT 4.0	WINDOWS_GUI	T	F	F	F	F	T	T	T	T	F	.text,.rdata,.data,.idata,.rsrc,.reloc
