#separator \x09
#set_separator	,
#empty_field	(empty)
#unset_field	-
#path	pe
#open	2019-09-16-05-00-03
#fields	ts	id	machine	compile_ts	os	subsystem	is_exe	is_64bit	uses_aslr	uses_dep	uses_code_integrity	uses_seh	has_import_table	has_export_table	has_cert_table	has_debug_data	section_names
#types	time	string	string	time	string	string	bool	bool	bool	bool	bool	bool	bool	bool	bool	bool	vector[string]
1568624402.087490	F5fX5J3gVKqAa0gLvk	I386	1494433274.000000	Windows 95 or NT 4.0	WINDOWS_GUI	T	F	F	F	F	T	T	F	T	F	.text,.data,.rsrc
1568624402.090943	FjYXfr1UQJUv30J2db	I386	1494433274.000000	Windows 95 or NT 4.0	WINDOWS_GUI	T	F	F	F	F	T	T	F	T	F	.text,.data,.rsrc
1568624403.003032	FBU90p4DClaMzrUSb3	I386	1412656826.000000	Windows 95 or NT 4.0	WINDOWS_GUI	T	F	T	T	F	F	T	F	F	F	.text,.rdata,.data,.ndata,.rsrc
1568624403.003365	FTqpxGT6SdOaks5I4	I386	1412656826.000000	Windows 95 or NT 4.0	WINDOWS_GUI	T	F	T	T	F	F	T	F	F	F	.text,.rdata,.data,.ndata,.rsrc
1568624403.788871	Fv7YmR3XOIcn7Ds6xh	I386	1490865414.000000	Windows XP	WINDOWS_GUI	T	F	T	F	F	T	T	F	F	F	.text,.rsrc,.reloc
1568624403.789294	Fl4mFT39i2ePUIDoh	I386	1490865414.000000	Windows XP	WINDOWS_GUI	T	F	T	F	F	T	T	F	F	F	.text,.rsrc,.reloc
1568624404.294855	FWHHUK2NWXurx0Zvac	I386	1451197552.000000	Windows 95 or NT 4.0	WINDOWS_GUI	T	F	T	T	F	F	T	F	F	F	.text,.rdata,.data,.ndata,.rsrc
1568624404.295111	FujzE13MpN0r5HeFE8	I386	1451197552.000000	Windows 95 or NT 4.0	WINDOWS_GUI	T	F	T	T	F	F	T	F	F	F	.text,.rdata,.data,.ndata,.rsrc
1568624404.798590	FsKo0J37OIJ3LA7vu2	I386	1493667105.000000	Windows 95 or NT 4.0	WINDOWS_GUI	T	T	T	T	F	F	T	F	F	T	.text,.rsrc,.reloc
1568624404.798643	FNJ7AT2DxnRHI9ZiY1	I386	1493667105.000000	Windows 95 or NT 4.0	WINDOWS_GUI	T	T	T	T	F	F	T	F	F	T	.text,.rsrc,.reloc
1568624405.451047	Fu4R3K3ZwqUdJPiWq5	I386	1502178973.000000	Windows 2000	WINDOWS_GUI	T	F	F	F	F	T	T	F	F	F	.text,.data,.rsrc,.reloc
1568624405.451516	Ff5Rh93u7EsqXegmJa	I386	1502178973.000000	Windows 2000	WINDOWS_GUI	T	F	F	F	F	T	T	F	F	F	.text,.data,.rsrc,.reloc
1568624405.964364	F0IqYI3aldaHeor5vc	I386	1440166350.000000	Windows 95 or NT 4.0	WINDOWS_GUI	T	F	F	F	F	T	T	F	F	F	.text,.rdata,.data,.rsrc
1568624405.967154	FIpokZ1piwxCvMvn9d	I386	1440166350.000000	Windows 95 or NT 4.0	WINDOWS_GUI	T	F	F	F	F	T	T	F	F	F	.text,.rdata,.data,.rsrc
1568624407.535477	FibIUH3BkUtIaGOY24	I386	1501876888.000000	Windows 2000	WINDOWS_GUI	T	F	F	F	F	T	T	F	F	F	.text,.rdata,.data,.rsrc
1568624407.539872	FzpCKy3c0wBXMHGZgj	I386	1501876888.000000	Windows 2000	WINDOWS_GUI	T	F	F	F	F	T	T	F	F	F	.text,.rdata,.data,.rsrc
1568624408.587574	FjLwBi1wHl6ctluOrk	I386	1356857389.000000	Windows 95 or NT 4.0	WINDOWS_GUI	T	F	F	F	F	T	T	F	F	F	.text,.rdata,.data,.rsrc
1568624408.594122	FJsry64EuqBMc9Yf5d	I386	1356857389.000000	Windows 95 or NT 4.0	WINDOWS_GUI	T	F	F	F	F	T	T	F	F	F	.text,.rdata,.data,.rsrc
1568624409.091604	FoxVUP3lxKumRcNbS3	I386	1501961507.000000	Windows 2000	WINDOWS_GUI	T	F	F	F	F	T	T	F	F	F	.text,.rdata,.data,.rsrc
1568624409.095860	FkWDUqqeWfpIMn0z4	I386	1501961507.000000	Windows 2000	WINDOWS_GUI	T	F	F	F	F	T	T	F	F	F	.text,.rdata,.data,.rsrc
1568624409.574944	FTAvWb1Rna4v632dM3	I386	1501490121.000000	Windows XP	WINDOWS_GUI	T	F	F	T	F	T	T	F	F	F	.text,.rdata,.data,.rsrc
1568624409.575334	FU8A7v7nitWmJIir3	I386	1501490121.000000	Windows XP	WINDOWS_GUI	T	F	F	T	F	T	T	F	F	F	.text,.rdata,.data,.rsrc
1568624410.747812	FWIDga2pJXMi68mCik	I386	1509628940.000000	Windows 2000	WINDOWS_GUI	T	F	F	F	F	T	T	F	F	F	.text,.rdata,.data,.rsrc
1568624410.750116	Fq5yjO29YpyW0gcmA3	I386	1509628940.000000	Windows 2000	WINDOWS_GUI	T	F	F	F	F	T	T	F	F	F	.text,.rdata,.data,.rsrc
1568624411.366975	FGUKvkwxBItgTtEui	I386	1344561664.000000	Windows 95 or NT 4.0	WINDOWS_GUI	T	F	F	F	F	T	T	T	F	F	.text,.rdata,.data,.rsrc
1568624411.367187	FGf8YC1vFGSgNRxsTe	I386	1344561664.000000	Windows 95 or NT 4.0	WINDOWS_GUI	T	F	F	F	F	T	T	T	F	F	.text,.rdata,.data,.rsrc
1568624412.423649	F2PoM41lkcUlARDrTg	I386	755317874.000000	Windows 95 or NT 4.0	WINDOWS_CUI	T	F	T	T	F	F	T	F	F	F	.text,.code,.adata,.rdata,.data,.rsrc,.reloc
1568624412.424250	FsGGOn2wRSM60m8pd8	I386	755317874.000000	Windows 95 or NT 4.0	WINDOWS_CUI	T	F	T	T	F	F	T	F	F	F	.text,.code,.adata,.rdata,.data,.rsrc,.reloc
1568624413.003360	Fgn2id1Rs2qQswcFih	I386	1464087365.000000	Windows XP	WINDOWS_GUI	T	F	F	F	F	T	T	F	F	F	.text,.rdata,.data,.rsrc
1568624413.004403	FodgRnNUNDTayowXf	I386	1464087365.000000	Windows XP	WINDOWS_GUI	T	F	F	F	F	T	T	F	F	F	.text,.rdata,.data,.rsrc
1568624414.502757	FBlVwo3Rhsz3Sz3Oj	I386	1611747072.000000	Windows XP	WINDOWS_GUI	T	F	F	F	F	T	T	F	F	T	.text,.data,.rsrc
1568624414.502884	FaKvY83PaTpo5Y52H	I386	1611747072.000000	Windows XP	WINDOWS_GUI	T	F	F	F	F	T	T	F	F	T	.text,.data,.rsrc
1568624414.895406	FtFWNX1ITd8RYhNQtd	I386	1494270670.000000	Windows 95 or NT 4.0	WINDOWS_GUI	T	F	F	F	F	T	T	F	T	F	.text,.data,.rsrc
1568624414.898318	FNdrH3IlzNMATQUId	I386	1494270670.000000	Windows 95 or NT 4.0	WINDOWS_GUI	T	F	F	F	F	T	T	F	T	F	.text,.data,.rsrc
1568624415.823276	FcRnYUitmemOzhwd7	I386	1410420480.000000	Windows XP	WINDOWS_GUI	T	F	T	T	F	T	T	F	F	T	.text,.adata,.data,.rsrc
1568624415.826910	FTmLLx2OeZGugtSwlh	I386	1410420480.000000	Windows XP	WINDOWS_GUI	T	F	T	T	F	T	T	F	F	T	.text,.adata,.data,.rsrc
1568624416.204036	FtJms53PTDgrKi1KS5	I386	1437093637.000000	Windows 2000	WINDOWS_GUI	T	F	T	T	F	T	T	F	F	F	.text,.rdata,.data,.rsrc
1568624416.204717	FL73VYpuxbaKqcTB7	I386	1437093637.000000	Windows 2000	WINDOWS_GUI	T	F	T	T	F	T	T	F	F	F	.text,.rdata,.data,.rsrc
1568624416.563059	FPBAsp3EkOUNyf3Kdi	I386	1412656817.000000	Windows 95 or NT 4.0	WINDOWS_GUI	T	F	T	T	F	F	T	F	F	F	.text,.rdata,.data,.ndata,.rsrc
1568624416.563339	FzmlSj4v6WnDNAvs6	I386	1412656817.000000	Windows 95 or NT 4.0	WINDOWS_GUI	T	F	T	T	F	F	T	F	F	F	.text,.rdata,.data,.ndata,.rsrc
1568624416.999217	FSSu3nZ5RxtWKvIk8	I386	1494507629.000000	Windows 2000	WINDOWS_GUI	T	F	F	F	F	T	T	F	F	F	.text,.rdata,.data,.rsrc
1568624417.002067	F5tiEFYqDgLW7ivMb	I386	1494507629.000000	Windows 2000	WINDOWS_GUI	T	F	F	F	F	T	T	F	F	F	.text,.rdata,.data,.rsrc
1568624417.383540	FeqIPChEmDR5krgm9	I386	1487644360.000000	Windows 2000	WINDOWS_GUI	T	F	F	F	F	T	T	F	F	T	.text,.rdata,.data,.rsrc
1568624417.384643	FKd9fs2sn2t1F6UV9	I386	1487644360.000000	Windows 2000	WINDOWS_GUI	T	F	F	F	F	T	T	F	F	T	.text,.rdata,.data,.rsrc
1568624418.940501	FdpEZA2JIz5Oi76XH2	I386	1399838610.000000	Windows 95 or NT 4.0	WINDOWS_GUI	T	F	F	F	F	T	T	F	F	F	.text,.rdata,.data,.ndata,.rsrc
1568624418.947551	FgE5gr3P1YHG1N478h	I386	1399838610.000000	Windows 95 or NT 4.0	WINDOWS_GUI	T	F	F	F	F	T	T	F	F	F	.text,.rdata,.data,.ndata,.rsrc
1568624419.800108	F0yjBr4nSVfOwTdCq3	I386	1447948421.000000	Windows 95 or NT 4.0	WINDOWS_GUI	T	F	F	F	F	T	T	F	F	F	.text,.rdata,.data,.rsrc
1568624419.800899	FoscEE3xTbBfqe169	I386	1447948421.000000	Windows 95 or NT 4.0	WINDOWS_GUI	T	F	F	F	F	T	T	F	F	F	.text,.rdata,.data,.rsrc
1568624420.351188	FWqOur8jDZanjEB85	I386	1486567747.000000	Windows 95 or NT 4.0	WINDOWS_GUI	T	F	F	F	F	T	T	F	F	F	.text,.rdata,.data,.tls,.rsrc
1568624420.351615	FeF65I3k14bYg0xmN8	I386	1486567747.000000	Windows 95 or NT 4.0	WINDOWS_GUI	T	F	F	F	F	T	T	F	F	F	.text,.rdata,.data,.tls,.rsrc
1568624420.826915	FzSfPE3hoNJQFSS1Lj	I386	1343311616.000000	Windows XP	WINDOWS_GUI	T	F	T	T	F	T	T	F	F	T	.text,.adata,.data,.rsrc
1568624420.827370	FVAK2G2olLqgItsrPl	I386	1343311616.000000	Windows XP	WINDOWS_GUI	T	F	T	T	F	T	T	F	F	T	.text,.adata,.data,.rsrc
1568624302.355032	FWAZVozki0SfuFBv2	I386	1410420480.000000	Windows XP	WINDOWS_GUI	T	F	T	T	F	T	T	F	F	T	.text,.adata,.data,.rsrc
1568624422.415332	FabUA63MZJHk9pSG0i	I386	1501016954.000000	Windows 2000	WINDOWS_GUI	T	F	F	F	F	T	T	F	F	F	.text,.rdata,.data,.rsrc
1568624422.415904	FqMVuJ3Pg9PqaP1A6h	I386	1501016954.000000	Windows 2000	WINDOWS_GUI	T	F	F	F	F	T	T	F	F	F	.text,.rdata,.data,.rsrc
1568624423.082541	FW0eMj1MOOxBK7WX2j	I386	1489391529.000000	Windows 2000	WINDOWS_GUI	T	F	F	F	F	T	T	F	F	F	.text,.rdata,.data,.rsrc
1568624423.106262	FH5zcj4VgyDBuM5tn7	I386	1489391529.000000	Windows 2000	WINDOWS_GUI	T	F	F	F	F	T	T	F	F	F	.text,.rdata,.data,.rsrc
1568624424.378815	FpbuxL3JFD5Gr8RWl	I386	1472118190.000000	Windows 2000	WINDOWS_GUI	T	F	F	F	F	T	T	F	F	F	.text,.rdata,.data,.rsrc
1568624424.379233	Ff6fUw4oRQH64H1MP9	I386	1472118190.000000	Windows 2000	WINDOWS_GUI	T	F	F	F	F	T	T	F	F	F	.text,.rdata,.data,.rsrc
1568624424.915229	FPArr43pvmKZtK6tib	I386	1493201874.000000	Windows XP	WINDOWS_GUI	T	F	F	T	F	F	T	F	F	F	.text,.rdata,.data,.rsrc
1568624424.915339	FxQsbd43NxZeCZC8N1	I386	1034863787.000000	Windows 95 or NT 4.0	WINDOWS_GUI	T	F	F	F	F	T	T	F	F	F	.text,.data,.rdata,.bss,.idata,.CRT,.tls,.rsrc
1568624424.916037	Ffezyv3Agssy00vpld	I386	1493201874.000000	Windows XP	WINDOWS_GUI	T	F	F	T	F	F	T	F	F	F	.text,.rdata,.data,.rsrc
1568624424.916170	FqJPKQ1lmEQp9cqaVd	I386	1034863787.000000	Windows 95 or NT 4.0	WINDOWS_GUI	T	F	F	F	F	T	T	F	F	F	.text,.data,.rdata,.bss,.idata,.CRT,.tls,.rsrc
1568624425.926881	Fi7jLp2W5GrJI1sIHb	I386	1514921049.000000	Windows 95 or NT 4.0	WINDOWS_GUI	T	F	F	T	F	T	T	T	F	T	.text,.data,.X1D,8d1Q=,uZz,-4,.crt,.rsrc
1568624425.927580	Fr2w6l2kg9SD8Pw5P3	I386	1514921049.000000	Windows 95 or NT 4.0	WINDOWS_GUI	T	F	F	T	F	T	T	T	F	T	.text,.data,.X1D,8d1Q=,uZz,-4,.crt,.rsrc
1568624426.975572	FIo92H3KxbAbIu2d4k	I386	1494001758.000000	Windows 95 or NT 4.0	WINDOWS_GUI	T	F	F	F	F	T	T	F	F	F	.text,.data,.rsrc
1568624426.978690	F4Jjf61SGnrNl9aaEf	I386	1494001758.000000	Windows 95 or NT 4.0	WINDOWS_GUI	T	F	F	F	F	T	T	F	F	F	.text,.data,.rsrc
1568624427.569842	FXBgmF1bLsmNCjswf	I386	1469408157.000000	Windows 95 or NT 4.0	WINDOWS_GUI	T	F	T	T	F	F	T	F	F	F	.text,.rdata,.data,.ndata,.rsrc
1568624427.571973	FEEsSZ3Qr7IqsswsO5	I386	1469408157.000000	Windows 95 or NT 4.0	WINDOWS_GUI	T	F	T	T	F	F	T	F	F	F	.text,.rdata,.data,.ndata,.rsrc
1568624429.539613	Fz2ehiBGwbviuKa24	I386	1501950947.000000	Windows 2000	WINDOWS_GUI	T	F	F	F	F	T	T	F	F	F	.text,.rdata,.data,.rsrc
1568624429.542824	FDANow5g2dF9ojt3	I386	1501950947.000000	Windows 2000	WINDOWS_GUI	T	F	F	F	F	T	T	F	F	F	.text,.rdata,.data,.rsrc
1568624430.047304	F9mTtl2U6RM7PSfOVl	I386	1485538596.000000	Windows 95 or NT 4.0	WINDOWS_GUI	T	F	F	F	F	T	T	F	F	F	.text,.rdata,.data,.rsrc
1568624430.047684	FQJdDz44l0pmUxQWA	I386	1485538596.000000	Windows 95 or NT 4.0	WINDOWS_GUI	T	F	F	F	F	T	T	F	F	F	.text,.rdata,.data,.rsrc
1568624431.041776	FoVgDU26I7rpwwR2K7	I386	1500019512.000000	Windows 95 or NT 4.0	WINDOWS_GUI	T	F	T	T	F	F	T	F	F	T	.text,.sdata,.rsrc,.reloc
1568624431.042012	Fi3XNa1iXE7Mqa2WL4	I386	708992537.000000	Windows 95 or NT 4.0	WINDOWS_GUI	T	F	F	F	F	T	T	F	F	F	CODE,DATA,BSS,.idata,.reloc,.rsrc
1568624431.043706	FN2ekz4X6XSPxV4l01	I386	1500019512.000000	Windows 95 or NT 4.0	WINDOWS_GUI	T	F	T	T	F	F	T	F	F	T	.text,.sdata,.rsrc,.reloc
1568624431.043931	FXRsko1KKoznoJUBp7	I386	708992537.000000	Windows 95 or NT 4.0	WINDOWS_GUI	T	F	F	F	F	T	T	F	F	F	CODE,DATA,BSS,.idata,.reloc,.rsrc
1568624432.694022	Fe9axW28NwzqEv7zj7	I386	1471202154.000000	Windows XP	WINDOWS_GUI	T	F	T	T	F	T	T	T	F	T	.text,.rdata,.data,.gfids,.rsrc,.reloc
1568624432.702034	FLWs7xAt6pWjtkTk	I386	1471202154.000000	Windows XP	WINDOWS_GUI	T	F	T	T	F	T	T	T	F	T	.text,.rdata,.data,.gfids,.rsrc,.reloc
1568624433.242002	FekoW34exSagsceTsd	I386	1047478229.000000	Windows 95 or NT 4.0	WINDOWS_GUI	T	F	F	F	F	T	T	F	F	F	.text,.data,.rdata,.bss,.idata,.CRT,.tls,.rsrc
1568624433.242568	FSONJs2Y0gVD3l2G1a	I386	1484797798.000000	Windows Vista or Server 2008	WINDOWS_CUI	T	F	T	T	F	T	T	T	F	T	.text,.rdata,.data,.rsrc,.reloc
1568624433.242647	FcmKGsEmGDcNc8644	I386	1484798896.000000	Windows Vista or Server 2008	WINDOWS_GUI	T	F	T	T	F	T	T	T	F	T	.text,.rdata,.data,.rsrc,.reloc
1568624433.255949	FwUdQ24qpsaFoa3653	I386	1047478229.000000	Windows 95 or NT 4.0	WINDOWS_GUI	T	F	F	F	F	T	T	F	F	F	.text,.data,.rdata,.bss,.idata,.CRT,.tls,.rsrc
1568624433.256468	FUZyJQ1awCmLnVK9I4	I386	1484797798.000000	Windows Vista or Server 2008	WINDOWS_CUI	T	F	T	T	F	T	T	T	F	T	.text,.rdata,.data,.rsrc,.reloc
1568624433.256548	FFZJdG4w5lednm0Wif	I386	1484798896.000000	Windows Vista or Server 2008	WINDOWS_GUI	T	F	T	T	F	T	T	T	F	T	.text,.rdata,.data,.rsrc,.reloc
1568624433.818794	FkJqcx44KswZIdOQ49	I386	1343311616.000000	Windows XP	WINDOWS_GUI	T	F	F	T	F	T	T	F	F	T	.text,.data1,.data,.rsrc
1568624433.819108	FlS84SfRnRCJBQf7j	I386	1343311616.000000	Windows XP	WINDOWS_GUI	T	F	F	T	F	T	T	F	F	T	.text,.data1,.data,.rsrc
1568624434.939554	FzTwwZ1qcxL07WImol	I386	1440166350.000000	Windows 95 or NT 4.0	WINDOWS_GUI	T	F	F	F	F	T	T	F	F	F	.text,.rdata,.data,.rsrc
1568624434.939956	Fjiehb160ayAvSflM2	I386	974587120.000000	Windows 95 or NT 4.0	WINDOWS_GUI	T	F	F	F	F	T	T	F	F	F	.text,.data,.rdata,.bss,.idata,.CRT,.tls,.rsrc
1568624434.940459	F0z9st4hC8OVYxkyh	I386	1425070518.000000	Windows 95 or NT 4.0	WINDOWS_GUI	T	F	T	T	F	F	T	F	F	F	.text,.rdata,.data,.ndata,.rsrc
1568624434.940695	FNYpOh4tRspNvepQU8	I386	1440166350.000000	Windows 95 or NT 4.0	WINDOWS_GUI	T	F	F	F	F	T	T	F	F	F	.text,.rdata,.data,.rsrc
1568624434.941103	FugMUo2e1U8aUcwqQ	I386	974587120.000000	Windows 95 or NT 4.0	WINDOWS_GUI	T	F	F	F	F	T	T	F	F	F	.text,.data,.rdata,.bss,.idata,.CRT,.tls,.rsrc
1568624434.941592	FT8RD4v37J8cZpn38	I386	1425070518.000000	Windows 95 or NT 4.0	WINDOWS_GUI	T	F	T	T	F	F	T	F	F	F	.text,.rdata,.data,.ndata,.rsrc
1568624436.418819	FINdxx3ly2sqCFB5rl	I386	1378116096.000000	Windows 95 or NT 4.0	WINDOWS_GUI	T	F	F	F	F	T	T	F	F	F	.text,.rdata,.data,.rsrc
1568624436.419334	FjpQFf2kc5WxQpVqdi	I386	1378116096.000000	Windows 95 or NT 4.0	WINDOWS_GUI	T	F	F	F	F	T	T	F	F	F	.text,.rdata,.data,.rsrc
1568624437.965774	FKyK7eFUJ4vcmFeX	I386	1189400565.000000	Windows 2000	WINDOWS_GUI	T	F	F	F	F	T	T	F	F	T	.text,.rdata,.data,.rsrc
1568624437.968672	FzWTDk49lOURXDO1Ja	I386	1189400565.000000	Windows 2000	WINDOWS_GUI	T	F	F	F	F	T	T	F	F	T	.text,.rdata,.data,.rsrc
1568624438.511221	FwaAa32T0CDfbieaW1	I386	1445224960.000000	Windows 95 or NT 4.0	WINDOWS_GUI	T	F	F	F	F	T	T	T	F	F	.text,.rdata,.data,.rsrc
1568624438.511706	Fnoe2yuTRSqytnjCe	I386	1445224960.000000	Windows 95 or NT 4.0	WINDOWS_GUI	T	F	F	F	F	T	T	T	F	F	.text,.rdata,.data,.rsrc
1568624440.532232	FOm34T3xBLFMGkKL88	I386	1343311616.000000	Windows XP	WINDOWS_GUI	T	F	F	T	F	T	T	F	F	T	.text,.data1,.data,.rsrc
1568624440.532607	FqAsJX2TW7iqCUuzs8	I386	1456419555.000000	Windows 95 or NT 4.0	WINDOWS_GUI	T	F	F	F	F	T	T	F	F	F	.text,.data,.rdata,.bss,.idata,.crt,.tls,.rsrc
1568624440.536201	FqVmyZ2azyc7gKkCdh	I386	1343311616.000000	Windows XP	WINDOWS_GUI	T	F	F	T	F	T	T	F	F	T	.text,.data1,.data,.rsrc
1568624440.536541	FiHZRk3kUPvrWelg41	I386	1456419555.000000	Windows 95 or NT 4.0	WINDOWS_GUI	T	F	F	F	F	T	T	F	F	F	.text,.data,.rdata,.bss,.idata,.crt,.tls,.rsrc
1568624441.171084	FbiegC2SY8jHAbU5Ch	I386	1501322659.000000	Windows 2000	WINDOWS_GUI	T	F	F	F	F	T	T	F	F	F	.text,.rdata,.data,.rsrc
1568624441.171506	Ff0DFk4JTrqUSdOCO9	I386	1501322659.000000	Windows 2000	WINDOWS_GUI	T	F	F	F	F	T	T	F	F	F	.text,.rdata,.data,.rsrc
1568624441.643689	FMoAMyxQvI6QtiE29	I386	1494088019.000000	Windows 2000	WINDOWS_GUI	T	F	F	F	F	T	T	F	F	F	.text,.rdata,.data,.rsrc
1568624441.646573	F3BKDy18VEhsYi1Rvl	I386	1494088019.000000	Windows 2000	WINDOWS_GUI	T	F	F	F	F	T	T	F	F	F	.text,.rdata,.data,.rsrc
1568624443.295034	FGB71A3bXNQaghpNKa	I386	1481493038.000000	Windows 95 or NT 4.0	WINDOWS_GUI	T	F	T	T	F	F	T	F	F	F	.text,.rdata,.data,.ndata,.rsrc
1568624443.295557	F2gFLL2W1WCXoGalA7	I386	1481493038.000000	Windows 95 or NT 4.0	WINDOWS_GUI	T	F	T	T	F	F	T	F	F	F	.text,.rdata,.data,.ndata,.rsrc
1568624444.303445	F4tiTF27hL6TjgvIM3	I386	1410420480.000000	Windows XP	WINDOWS_GUI	T	F	F	F	F	T	T	F	F	T	.text,.rdata,.data,.rsrc
1568624444.304165	Fdb9K32lqSCR54SKC8	I386	1410420480.000000	Windows XP	WINDOWS_GUI	T	F	F	F	F	T	T	F	F	T	.text,.rdata,.data,.rsrc
1568624444.775587	Fou25u1N9aZ5qKCS14	I386	1509350083.000000	Windows 95 or NT 4.0	WINDOWS_GUI	T	F	F	F	F	T	T	F	F	T	.text,.rdata,.data,.rsrc
1568624444.776763	F9MjXq4VNmkoaxdM4	I386	1509350083.000000	Windows 95 or NT 4.0	WINDOWS_GUI	T	F	F	F	F	T	T	F	F	T	.text,.rdata,.data,.rsrc
1568624445.388289	FTU84f1C2PyidOzDLb	I386	1312682516.000000	Windows 95 or NT 4.0	WINDOWS_CUI	T	F	T	T	F	F	T	F	F	T	.text,.rsrc,.reloc
1568624445.388583	Fndwb1IloaQ72CXyj	I386	1396212645.000000	Windows 2000	WINDOWS_CUI	T	F	F	F	F	T	T	F	T	T	.text,.rdata,.data,.rsrc
1568624445.391792	FRJxdu3KM5Sr6YzwA5	I386	1312682516.000000	Windows 95 or NT 4.0	WINDOWS_CUI	T	F	T	T	F	F	T	F	F	T	.text,.rsrc,.reloc
1568624445.392059	FpfDnO0W8gvqvJtqf	I386	1396212645.000000	Windows 2000	WINDOWS_CUI	T	F	F	F	F	T	T	F	T	T	.text,.rdata,.data,.rsrc
1568624446.683334	FHhVNi3hdG067eET46	I386	1494001466.000000	Windows 95 or NT 4.0	WINDOWS_GUI	T	F	F	F	F	T	T	F	T	F	.text,.data,.rsrc
1568624446.685981	FjUpQH2KpdJWM85y2k	I386	1494001466.000000	Windows 95 or NT 4.0	WINDOWS_GUI	T	F	F	F	F	T	T	F	T	F	.text,.data,.rsrc
1568624447.718958	FGFiTe1FrLkxgJ493a	I386	1513852435.000000	Windows XP	WINDOWS_GUI	T	F	F	T	F	T	T	F	F	F	.text,.rdata,.data,.rsrc,.reloc
1568624447.719395	F6XbTA3GWyDoBqfVqf	I386	1513852435.000000	Windows XP	WINDOWS_GUI	T	F	F	T	F	T	T	F	F	F	.text,.rdata,.data,.rsrc,.reloc
1568624448.835196	FFYYab3b048Uu3trEe	I386	1611747072.000000	Windows XP	WINDOWS_GUI	T	F	F	T	F	T	T	F	F	T	.text,.data1,.data,.rsrc
1568624448.835417	FRO2RkAJ2A0NUZRec	I386	1611747072.000000	Windows XP	WINDOWS_GUI	T	F	F	T	F	T	T	F	F	T	.text,.data1,.data,.rsrc
1568624449.369032	FF2pBz2urOUnO4i7ia	I386	1510846649.000000	Windows 95 or NT 4.0	WINDOWS_GUI	T	F	F	F	F	T	T	F	F	F	.text,.data,.rsrc
1568624449.373574	FgXpFA2yoWc25M1Wp4	I386	1510846649.000000	Windows 95 or NT 4.0	WINDOWS_GUI	T	F	F	F	F	T	T	F	F	F	.text,.data,.rsrc
1568624449.955850	FIxJKx2gEtOsHdDvL4	I386	1487597828.000000	Windows 2000	WINDOWS_GUI	T	F	F	F	F	T	T	T	F	F	.text,.rdata,.data,.rsrc
1568624449.957570	FXZNTH3bhBFti8FXbf	I386	1487597828.000000	Windows 2000	WINDOWS_GUI	T	F	F	F	F	T	T	T	F	F	.text,.rdata,.data,.rsrc
1568624450.518955	FPt6jf3PuLsu2aB0M7	I386	1514527910.000000	Windows 2000	WINDOWS_GUI	T	F	F	F	F	T	T	F	F	F	.text,.rdata,.data,.rsrc,.reloc
1568624450.519430	FrqWb5ci87ZUDkCUb	I386	1514527910.000000	Windows 2000	WINDOWS_GUI	T	F	F	F	F	T	T	F	F	F	.text,.rdata,.data,.rsrc,.reloc
1568624453.282120	Fo8Y4i4IhGxJpwg9B	I386	1484797798.000000	Windows Vista or Server 2008	WINDOWS_CUI	T	F	T	T	F	T	T	T	F	T	.text,.rdata,.data,.rsrc,.reloc
1568624453.282167	FM1D9X2E6yilJuZpO2	I386	1484798896.000000	Windows Vista or Server 2008	WINDOWS_GUI	T	F	T	T	F	T	T	T	F	T	.text,.rdata,.data,.rsrc,.reloc
1568624453.286600	FULsx345V53kv9zSVb	I386	1484797798.000000	Windows Vista or Server 2008	WINDOWS_CUI	T	F	T	T	F	T	T	T	F	T	.text,.rdata,.data,.rsrc,.reloc
1568624453.286650	Fn0YGyoRI1v5wJz03	I386	1484798896.000000	Windows Vista or Server 2008	WINDOWS_GUI	T	F	T	T	F	T	T	T	F	T	.text,.rdata,.data,.rsrc,.reloc
1568624453.927660	FMReO94WAOgbWdN4ha	I386	1509443054.000000	Windows 95 or NT 4.0	WINDOWS_GUI	T	F	F	F	F	T	T	F	F	F	.text,.rdata,.data,.rsrc
1568624453.928965	FjnVoF2E9qtbpppWYf	I386	1509443054.000000	Windows 95 or NT 4.0	WINDOWS_GUI	T	F	F	F	F	T	T	F	F	F	.text,.rdata,.data,.rsrc
1568624455.027384	FosHAk1gmiHnhjAPW6	I386	1412656826.000000	Windows 95 or NT 4.0	WINDOWS_GUI	T	F	T	T	F	F	T	F	F	F	.text,.rdata,.data,.ndata,.rsrc
1568624455.029815	FHfkMV1uxDzBdA19H4	I386	1412656826.000000	Windows 95 or NT 4.0	WINDOWS_GUI	T	F	T	T	F	F	T	F	F	F	.text,.rdata,.data,.ndata,.rsrc
1568624460.335210	Fp5lS324Dt8T4wVPpg	I386	1451197558.000000	Windows 95 or NT 4.0	WINDOWS_GUI	T	F	T	T	F	F	T	F	F	F	.text,.rdata,.data,.ndata,.rsrc
1568624460.336775	FNfdWi3nRTcVXi6Dy	I386	1451197558.000000	Windows 95 or NT 4.0	WINDOWS_GUI	T	F	T	T	F	F	T	F	F	F	.text,.rdata,.data,.ndata,.rsrc
1568624461.890654	FszqrccF5dRCbEaX5	I386	1312682516.000000	Windows 95 or NT 4.0	WINDOWS_CUI	T	F	T	T	F	F	T	F	F	T	.text,.rsrc,.reloc
1568624461.890758	F6TSYG2syeRD2QQ3za	I386	1396212645.000000	Windows 2000	WINDOWS_CUI	T	F	F	F	F	T	T	F	T	T	.text,.rdata,.data,.rsrc
1568624461.897262	FN40Fec0fsKvA2Zgi	I386	1312682516.000000	Windows 95 or NT 4.0	WINDOWS_CUI	T	F	T	T	F	F	T	F	F	T	.text,.rsrc,.reloc
1568624461.897371	FMxidCUidUV3Vob95	I386	1396212645.000000	Windows 2000	WINDOWS_CUI	T	F	F	F	F	T	T	F	T	T	.text,.rdata,.data,.rsrc
1568624462.479084	FG3h5z3LGo3FLQahk5	I386	1478779392.000000	Windows 95 or NT 4.0	WINDOWS_GUI	T	F	F	F	F	T	T	T	F	F	.text,.rdata,.data,.rsrc
1568624462.479277	Ff97Xv3jNvKPb0X6be	I386	1478779392.000000	Windows 95 or NT 4.0	WINDOWS_GUI	T	F	F	F	F	T	T	T	F	F	.text,.rdata,.data,.rsrc
1568624463.530910	FyZrQCvCePk8W66fi	I386	1451197558.000000	Windows 95 or NT 4.0	WINDOWS_GUI	T	F	T	T	F	F	T	F	F	F	.text,.rdata,.data,.ndata,.rsrc
1568624463.531182	FZPVxR18onfDyMxFn4	I386	1451197558.000000	Windows 95 or NT 4.0	WINDOWS_GUI	T	F	T	T	F	F	T	F	F	F	.text,.rdata,.data,.ndata,.rsrc
1568624464.770495	FMQvHwgMvf1La2uO6	I386	1467560773.000000	Windows XP	WINDOWS_GUI	T	F	F	F	F	T	T	F	F	F	.text,.rdata,.data,.rsrc
1568624464.783084	Fj4auB1mLPBFYbD0P6	I386	1467560773.000000	Windows XP	WINDOWS_GUI	T	F	F	F	F	T	T	F	F	F	.text,.rdata,.data,.rsrc
1568624465.258986	F5LMBHHQOp3npOQh9	I386	1490818829.000000	Windows XP	WINDOWS_GUI	T	F	T	F	F	T	T	F	F	F	.text,.rsrc,.reloc
1568624465.259253	FD0A7U1sRUXD9UwJW8	I386	1490818829.000000	Windows XP	WINDOWS_GUI	T	F	T	F	F	T	T	F	F	F	.text,.rsrc,.reloc
1568624465.675521	FxwV3m4l96HFulwrw6	I386	1378963399.000000	Windows 95 or NT 4.0	WINDOWS_GUI	T	F	F	F	F	T	T	F	F	T	.text,.rdata,.lock,.rsrc
1568624465.676337	FwE5cs4fDP80XAo7hf	I386	1378963399.000000	Windows 95 or NT 4.0	WINDOWS_GUI	T	F	F	F	F	T	T	F	F	T	.text,.rdata,.lock,.rsrc
1568624466.099055	FpeTeV7otQ3pMpwAe	I386	1192316672.000000	Windows XP	WINDOWS_GUI	T	F	T	T	F	T	T	F	F	T	.text,.data,.rsrc
1568624466.099444	F2c7jj3foVNheG0pEe	I386	1192316672.000000	Windows XP	WINDOWS_GUI	T	F	T	T	F	T	T	F	F	T	.text,.data,.rsrc
1568624466.444205	FrWCGJ2NH713ROrhcb	I386	1399838610.000000	Windows 95 or NT 4.0	WINDOWS_GUI	T	F	F	F	F	T	T	F	F	F	.text,.rdata,.data,.ndata,.rsrc
1568624466.445611	F1o42C3AjXtGD9nX7f	I386	1399838610.000000	Windows 95 or NT 4.0	WINDOWS_GUI	T	F	F	F	F	T	T	F	F	F	.text,.rdata,.data,.ndata,.rsrc
1568624467.170274	FHjU9J2akApmx6QeJ1	I386	1471202154.000000	Windows XP	WINDOWS_GUI	T	F	T	T	F	T	T	T	F	T	.text,.rdata,.data,.gfids,.rsrc,.reloc
1568624467.174111	FyLuVo2u2x8Vo0uBI2	I386	1471202154.000000	Windows XP	WINDOWS_GUI	T	F	T	T	F	T	T	T	F	T	.text,.rdata,.data,.gfids,.rsrc,.reloc
1568624467.607143	FOBQxf17PlY5eGqFX8	I386	1192316672.000000	Windows XP	WINDOWS_GUI	T	F	T	T	F	T	T	F	F	T	.text,.data,.rsrc
1568624467.607524	Fjbwco4LmX2EpHpbl5	I386	1192316672.000000	Windows XP	WINDOWS_GUI	T	F	T	T	F	T	T	F	F	T	.text,.data,.rsrc
1568624468.358310	FiviNS3QlTfduSafYl	I386	1504646119.000000	Windows XP	WINDOWS_GUI	T	F	F	F	F	T	T	F	F	F	.text,.rdata,.data,.rsrc,.reloc
1568624468.362635	F8hQ8NbMHLdRZSoZh	I386	1504646119.000000	Windows XP	WINDOWS_GUI	T	F	F	F	F	T	T	F	F	F	.text,.rdata,.data,.rsrc,.reloc
1568624468.768492	F1z9rt1OC39lCun7vf	I386	1421812776.000000	Windows 95 or NT 4.0	WINDOWS_GUI	T	F	F	T	F	F	T	T	F	F	.text,.rdata,.data,.rsrc
1568624468.768902	Fmjjhh3NxopSfoGsd1	I386	1421812776.000000	Windows 95 or NT 4.0	WINDOWS_GUI	T	F	F	T	F	F	T	T	F	F	.text,.rdata,.data,.rsrc
1568624468.769301	Fw284s4ZdNyF14j6jc	I386	1421812776.000000	Windows 95 or NT 4.0	WINDOWS_GUI	T	F	F	T	F	F	T	T	F	F	.text,.rdata,.data,.rsrc
1568624468.770198	FzZ9uA4h1rAXF4IDH6	I386	1421812776.000000	Windows 95 or NT 4.0	WINDOWS_GUI	T	F	F	T	F	F	T	T	F	F	.text,.rdata,.data,.rsrc
1568624468.770607	FjY5Yg4XkFrlXB78W2	I386	1421812776.000000	Windows 95 or NT 4.0	WINDOWS_GUI	T	F	F	T	F	F	T	T	F	F	.text,.rdata,.data,.rsrc
1568624468.770988	FvM8ng4UzzHQ1h1YXk	I386	1421812776.000000	Windows 95 or NT 4.0	WINDOWS_GUI	T	F	F	T	F	F	T	T	F	F	.text,.rdata,.data,.rsrc
1568624469.126610	FpWZEu3A8DY1sQUnAl	I386	1493671661.000000	Windows 95 or NT 4.0	WINDOWS_GUI	T	T	T	T	F	F	T	F	F	T	.text,.rsrc,.reloc
1568624469.126679	FIGpb74qgbt97fy645	I386	1493671661.000000	Windows 95 or NT 4.0	WINDOWS_GUI	T	T	T	T	F	F	T	F	F	T	.text,.rsrc,.reloc
1568624469.676052	FzjPe74AbF4BmIeEkd	I386	1378963399.000000	Windows 95 or NT 4.0	WINDOWS_GUI	T	F	F	F	F	T	T	F	F	T	.text,.rdata,.lock,.rsrc
1568624469.676967	Fvzsqz2S88zFpHKBJd	I386	1378963399.000000	Windows 95 or NT 4.0	WINDOWS_GUI	T	F	F	F	F	T	T	F	F	T	.text,.rdata,.lock,.rsrc
1568624470.235256	FrJGO82ULyUwvNZoW9	I386	1459714748.000000	Windows 95 or NT 4.0	WINDOWS_GUI	T	F	T	T	F	F	T	F	F	F	.text,.rdata,.data,.ndata,.rsrc
1568624470.238059	FXRslw1hFGeJ53e4S3	I386	1459714748.000000	Windows 95 or NT 4.0	WINDOWS_GUI	T	F	T	T	F	F	T	F	F	F	.text,.rdata,.data,.ndata,.rsrc
1568624472.927229	FUVZiV6KmcOF5SUTc	I386	1440166350.000000	Windows 95 or NT 4.0	WINDOWS_GUI	T	F	F	F	F	T	T	F	F	F	.text,.rdata,.data,.rsrc
1568624472.928266	FhiathsKedKlieEp3	I386	1440166350.000000	Windows 95 or NT 4.0	WINDOWS_GUI	T	F	F	F	F	T	T	F	F	F	.text,.rdata,.data,.rsrc
1568624474.158991	FF67eE3EYcl4AyYidc	I386	1498544529.000000	Windows XP	WINDOWS_GUI	T	F	F	T	F	T	T	F	F	F	.text,.rdata,.data,.rsrc
1568624474.159293	FPFu9m12vSW20oHBDb	I386	1498544529.000000	Windows XP	WINDOWS_GUI	T	F	F	T	F	T	T	F	F	F	.text,.rdata,.data,.rsrc
1568624475.331280	FwXnp51gYNEp9Wr7oh	I386	1468609349.000000	Windows XP	WINDOWS_GUI	T	F	F	T	F	T	T	F	F	F	.text,.rdata,.data,.rsrc
1568624475.332268	F0kaUA3t9SiWp9OcS6	I386	1468609349.000000	Windows XP	WINDOWS_GUI	T	F	F	T	F	T	T	F	F	F	.text,.rdata,.data,.rsrc
1568624476.347232	FAQEab2VX1MesNX9qh	I386	1412517831.000000	Windows 95 or NT 4.0	WINDOWS_GUI	T	F	F	T	F	T	T	F	F	T	.text,.rdata,.rsrc,.edata
1568624476.347466	FGphDu3FB1gQRATno4	I386	1412517831.000000	Windows 95 or NT 4.0	WINDOWS_GUI	T	F	F	T	F	T	T	F	F	T	.text,.rdata,.rsrc,.edata
1568624477.519133	Fp1RGhXUTwaGS66ll	I386	1490730804.000000	Windows 2000	WINDOWS_GUI	T	F	T	F	F	T	T	F	F	F	.text,.rsrc,.reloc
1568624477.519623	FJGryA3QMzTywOh19l	I386	1490730804.000000	Windows 2000	WINDOWS_GUI	T	F	T	F	F	T	T	F	F	F	.text,.rsrc,.reloc
1568624481.350937	FBgGId2sqhzGkW4mdg	I386	1451197558.000000	Windows 95 or NT 4.0	WINDOWS_GUI	T	F	T	T	F	F	T	F	F	F	.text,.rdata,.data,.ndata,.rsrc
1568624481.351214	FBouYT199lN9JnAUMl	I386	1451197558.000000	Windows 95 or NT 4.0	WINDOWS_GUI	T	F	T	T	F	F	T	F	F	F	.text,.rdata,.data,.ndata,.rsrc
1568624483.419641	F6g5c82rJWiZRCg6nd	I386	1401848695.000000	Windows 95 or NT 4.0	WINDOWS_GUI	T	F	F	F	F	T	T	F	F	F	.text,.data,.rdata,.bss,.idata,.CRT,.tls,.rsrc
1568624483.422817	FiPfBx4imzfMO8clB	I386	1401848695.000000	Windows 95 or NT 4.0	WINDOWS_GUI	T	F	F	F	F	T	T	F	F	F	.text,.data,.rdata,.bss,.idata,.CRT,.tls,.rsrc
1568624484.416717	FRMb9i15uCmqnTrGwb	I386	1493038782.000000	Windows XP	WINDOWS_GUI	T	F	F	T	F	T	T	F	F	F	.text,.rdata,.data,.rsrc
1568624484.417998	Fy9PwdfDOMTyMSs78	I386	1493038782.000000	Windows XP	WINDOWS_GUI	T	F	F	T	F	T	T	F	F	F	.text,.rdata,.data,.rsrc
1568624485.609802	FP3F2U1gKMwgz31Fwf	I386	1356857389.000000	Windows 95 or NT 4.0	WINDOWS_GUI	T	F	F	F	F	T	T	F	F	F	.text,.rdata,.data,.rsrc
1568624485.610217	FJ2jGO2fzKChdmHqe1	I386	1469408154.000000	Windows 95 or NT 4.0	WINDOWS_GUI	T	F	T	T	F	F	T	F	F	F	.text,.rdata,.data,.ndata,.rsrc
1568624485.614871	FbDIMD4ZaiaWgAH2E1	I386	1356857389.000000	Windows 95 or NT 4.0	WINDOWS_GUI	T	F	F	F	F	T	T	F	F	F	.text,.rdata,.data,.rsrc
1568624485.615374	FV4QQEs5ru04SbiMc	I386	1469408154.000000	Windows 95 or NT 4.0	WINDOWS_GUI	T	F	T	T	F	F	T	F	F	F	.text,.rdata,.data,.ndata,.rsrc
1568624485.983257	F8Zk7L3F0fJAe5JLIe	I386	1412656826.000000	Windows 95 or NT 4.0	WINDOWS_GUI	T	F	T	T	F	F	T	F	F	F	.text,.rdata,.data,.ndata,.rsrc
1568624485.985732	FmDvvxIr2ERZfsvQf	I386	1412656826.000000	Windows 95 or NT 4.0	WINDOWS_GUI	T	F	T	T	F	F	T	F	F	F	.text,.rdata,.data,.ndata,.rsrc
1568624487.130782	FAzf6DtBsIfn2ziwj	I386	1513837360.000000	Windows XP	WINDOWS_GUI	T	F	F	T	F	T	T	F	F	F	.text,.rdata,.data,.rsrc,.reloc
1568624487.131072	Fm9tu83cZ3VsMcR6G6	I386	1513837360.000000	Windows XP	WINDOWS_GUI	T	F	F	T	F	T	T	F	F	F	.text,.rdata,.data,.rsrc,.reloc
1568624487.487490	F3zHKZ2QcL8DJjw4Bf	I386	1509523190.000000	Windows 95 or NT 4.0	WINDOWS_GUI	T	F	F	F	F	T	T	F	F	F	.text,.rdata,.data,.rsrc
1568624487.488381	F04uXb3HIX4p0UVJug	I386	1509523190.000000	Windows 95 or NT 4.0	WINDOWS_GUI	T	F	F	F	F	T	T	F	F	F	.text,.rdata,.data,.rsrc
1568624487.851022	FSUwk84Pgux2RPpaD4	I386	1412656817.000000	Windows 95 or NT 4.0	WINDOWS_GUI	T	F	T	T	F	F	T	F	F	F	.text,.rdata,.data,.ndata,.rsrc
1568624487.851325	F7NVlI5vsqMvUuaMf	I386	1412656817.000000	Windows 95 or NT 4.0	WINDOWS_GUI	T	F	T	T	F	F	T	F	F	F	.text,.rdata,.data,.ndata,.rsrc
1568624488.987260	FwFJ7d1FgMFZq2sIMk	I386	1378116096.000000	Windows 95 or NT 4.0	WINDOWS_GUI	T	F	F	F	F	T	T	F	F	F	.text,.rdata,.data,.rsrc
1568624488.990540	FrWwhP13QT9VDaJ0Y	I386	1378116096.000000	Windows 95 or NT 4.0	WINDOWS_GUI	T	F	F	F	F	T	T	F	F	F	.text,.rdata,.data,.rsrc
1568624490.047025	FGQMPD2BV94FKxFVLi	I386	1494215474.000000	Windows XP	WINDOWS_GUI	T	F	F	T	F	T	T	F	F	F	.text,.rdata,.data,.rsrc
1568624490.047200	FXFn1e1RuTcq0JGBzl	I386	1494215474.000000	Windows XP	WINDOWS_GUI	T	F	F	T	F	T	T	F	F	F	.text,.rdata,.data,.rsrc
1568624491.231902	FidpMzIgBS3cBeJTe	I386	1427197696.000000	Windows XP	WINDOWS_GUI	T	F	F	F	F	T	T	F	F	T	.text,.rdata,.data,.rsrc
1568624491.233484	F3jmT13DH63Q4KOqh1	I386	1427197696.000000	Windows XP	WINDOWS_GUI	T	F	F	F	F	T	T	F	F	T	.text,.rdata,.data,.rsrc
1568624491.787495	FzOAQG9D76IdvohZ8	I386	1493366435.000000	Windows 2000	WINDOWS_GUI	T	F	F	F	F	T	T	F	F	F	.text,.rdata,.data,.rsrc
1568624491.789054	F2fMed4QpGlcdAj0gd	I386	1493366435.000000	Windows 2000	WINDOWS_GUI	T	F	F	F	F	T	T	F	F	F	.text,.rdata,.data,.rsrc
1568624493.324053	FS6sorzU0kID6JlVa	I386	1378963399.000000	Windows 95 or NT 4.0	WINDOWS_GUI	T	F	F	F	F	T	T	F	F	T	.text,.rdata,.lock,.rsrc
1568624493.324735	FhCEMv1mRVVulgHrQf	I386	1378963399.000000	Windows 95 or NT 4.0	WINDOWS_GUI	T	F	F	F	F	T	T	F	F	T	.text,.rdata,.lock,.rsrc
1568624494.398903	FDMg3U1aBBrpJg3Vs	I386	1485984586.000000	Windows 2000	WINDOWS_GUI	T	F	T	T	F	F	T	F	F	F	.text,.rdata,.data,.ndata,.rsrc
1568624494.399239	FYR0bE2boKgiMsPH58	I386	1485984586.000000	Windows 2000	WINDOWS_GUI	T	F	T	T	F	F	T	F	F	F	.text,.rdata,.data,.ndata,.rsrc
1568624495.419108	FZJuco4SYCugUgIza5	I386	1490818829.000000	Windows XP	WINDOWS_GUI	T	F	T	F	F	T	T	F	F	F	.text,.rsrc,.reloc
1568624495.419561	Fmt3yi2oNd1u4H92ua	I386	1490818829.000000	Windows XP	WINDOWS_GUI	T	F	T	F	F	T	T	F	F	F	.text,.rsrc,.reloc
1568624495.987177	F2d6mIBA2nbnSq5w6	I386	1445224960.000000	Windows 95 or NT 4.0	WINDOWS_GUI	T	F	F	F	F	T	T	T	F	F	.text,.rdata,.data,.rsrc
1568624495.987433	FSt4xjRLjvYH3Y7V6	I386	1445224960.000000	Windows 95 or NT 4.0	WINDOWS_GUI	T	F	F	F	F	T	T	T	F	F	.text,.rdata,.data,.rsrc
1568624496.467233	F7nEJK1YXEhXmnN8Rj	I386	1435567415.000000	Windows 2000	WINDOWS_GUI	T	F	F	F	F	T	T	F	F	F	.text,.rdata,.data,.rsrc
1568624496.467766	F08o5h4Re3Ov1CyMJl	I386	1435567415.000000	Windows 2000	WINDOWS_GUI	T	F	F	F	F	T	T	F	F	F	.text,.rdata,.data,.rsrc
1568624497.063141	FWDub43W7kSN0DAF7b	I386	1481493059.000000	Windows 95 or NT 4.0	WINDOWS_GUI	T	F	T	T	F	F	T	F	F	F	.text,.rdata,.data,.ndata,.rsrc
1568624497.063497	Frbdxv2LTnY99cOUt5	I386	1481493059.000000	Windows 95 or NT 4.0	WINDOWS_GUI	T	F	T	T	F	F	T	F	F	F	.text,.rdata,.data,.ndata,.rsrc
1568624498.159169	FMLx9G2yjouYsWp6xa	I386	1512021643.000000	Windows 2000	WINDOWS_GUI	T	F	F	T	F	T	T	F	F	F	.text,.data,.287Apj,.code,DATA,.rsrc
1568624498.159818	FXP67624pg5vSsJJ72	I386	1512021643.000000	Windows 2000	WINDOWS_GUI	T	F	F	T	F	T	T	F	F	F	.text,.data,.287Apj,.code,DATA,.rsrc
1568624499.130991	F3AZbxP6PeTDDp4a9	I386	1412517831.000000	Windows 95 or NT 4.0	WINDOWS_GUI	T	F	F	F	F	T	T	F	F	T	.text,.rdata,.rsrc,.adata
1568624499.131430	FTwdLsJqGggwjfQMf	I386	1412517831.000000	Windows 95 or NT 4.0	WINDOWS_GUI	T	F	F	F	F	T	T	F	F	T	.text,.rdata,.rsrc,.adata
1568624500.687018	FA9LnF4A0b2HLADOId	I386	1462849479.000000	Windows XP	WINDOWS_GUI	T	F	F	F	F	T	T	F	F	T	.text,.data,.rsrc
1568624500.687175	FGVKUz4F0Wn87OFdBj	I386	1462849479.000000	Windows XP	WINDOWS_GUI	T	F	F	F	F	T	T	F	F	T	.text,.data,.rsrc
1568624502.422700	FpfHpN1GfrIWjx8oob	I386	1505489360.000000	Windows 95 or NT 4.0	WINDOWS_GUI	T	F	F	F	F	T	T	F	F	F	.text,.data,.rsrc
1568624502.422749	FhQEue1bMqjG5qhmR6	I386	1505489360.000000	Windows 95 or NT 4.0	WINDOWS_GUI	T	F	F	F	F	T	T	F	F	F	.text,.data,.rsrc
1568624503.283403	F1B45U3uXhiF2gXi98	I386	1410420480.000000	Windows XP	WINDOWS_GUI	T	F	F	F	F	T	T	F	F	T	.text,.rdata,.data,.rsrc
1568624503.284183	Fot1Bv4x71UGY0qxL2	I386	1410420480.000000	Windows XP	WINDOWS_GUI	T	F	F	F	F	T	T	F	F	T	.text,.rdata,.data,.rsrc
1568624503.731055	FYOAElBZ3TXkFShk2	I386	1511402296.000000	Windows XP	WINDOWS_GUI	T	F	F	T	F	T	T	F	F	T	.text,.rdata,.data,.gfids,.rsrc,.reloc
1568624503.731364	FdUNt84UKIEJ8UNN3k	I386	1511402296.000000	Windows XP	WINDOWS_GUI	T	F	F	T	F	T	T	F	F	T	.text,.rdata,.data,.gfids,.rsrc,.reloc
1568624504.179244	FLXH6u4FOq9T892068	I386	1495032545.000000	Windows XP	WINDOWS_GUI	T	F	F	T	F	T	T	F	F	F	.text,.rdata,.data,.rsrc
1568624504.179652	FxynXS2hnqJ87U47xb	I386	1495032545.000000	Windows XP	WINDOWS_GUI	T	F	F	T	F	T	T	F	F	F	.text,.rdata,.data,.rsrc
1568624504.670344	Fli1YM1CO1T2twpCq5	I386	1343311616.000000	Windows XP	WINDOWS_GUI	T	F	T	T	F	T	T	F	F	T	.text,.adata,.data,.rsrc
1568624504.670726	FvsMLC4OKdiPKA8T63	I386	1049673921.000000	Windows 95 or NT 4.0	WINDOWS_GUI	T	F	F	F	F	T	T	F	F	F	.text,.data,.rdata,.bss,.idata,.crt,.tls,.rsrc
1568624504.671220	FgI3ir1OioR3Af3gVg	I386	1218135865.000000	Windows 95 or NT 4.0	WINDOWS_CUI	T	F	F	F	F	T	T	T	F	F	.text,.rdata,.data,.rsrc
1568624504.671296	FSEZeO2DADLSSwxGa5	I386	1218135863.000000	Windows 95 or NT 4.0	WINDOWS_GUI	T	F	F	F	F	T	T	T	F	F	.text,.rdata,.data,.rsrc,.reloc
1568624504.677508	F6yCTNjmeihdVNr57	I386	1343311616.000000	Windows XP	WINDOWS_GUI	T	F	T	T	F	T	T	F	F	T	.text,.adata,.data,.rsrc
1568624504.678031	FRo5FzwKIlbQrFGO3	I386	1049673921.000000	Windows 95 or NT 4.0	WINDOWS_GUI	T	F	F	F	F	T	T	F	F	F	.text,.data,.rdata,.bss,.idata,.crt,.tls,.rsrc
1568624504.678720	Fzc9Tf13YuQT3E3KAj	I386	1218135865.000000	Windows 95 or NT 4.0	WINDOWS_CUI	T	F	F	F	F	T	T	T	F	F	.text,.rdata,.data,.rsrc
1568624504.678797	FXDrSPwwNXSDh43Uj	I386	1218135863.000000	Windows 95 or NT 4.0	WINDOWS_GUI	T	F	F	F	F	T	T	T	F	F	.text,.rdata,.data,.rsrc,.reloc
1568624505.535374	FEfodDfcNdMJKrKFj	I386	1435567415.000000	Windows 2000	WINDOWS_GUI	T	F	F	F	F	T	T	F	F	F	.text,.rdata,.data,.rsrc
1568624505.536281	FeU8tIStPTHYndrcl	I386	1435567415.000000	Windows 2000	WINDOWS_GUI	T	F	F	F	F	T	T	F	F	F	.text,.rdata,.data,.rsrc
1568624506.555054	F2cfxG2mAWcBqnd4if	I386	1451197558.000000	Windows 95 or NT 4.0	WINDOWS_GUI	T	F	T	T	F	F	T	F	F	F	.text,.rdata,.data,.ndata,.rsrc
1568624506.555398	FvGMFa2vDDgRhB5ufl	I386	1451197558.000000	Windows 95 or NT 4.0	WINDOWS_GUI	T	F	T	T	F	F	T	F	F	F	.text,.rdata,.data,.ndata,.rsrc
1568624506.900174	FdP58r49y76Hgc2tk	I386	1422406428.000000	Windows 95 or NT 4.0	WINDOWS_GUI	T	F	F	F	F	T	T	F	F	F	.text,.data,.rsrc
1568624506.900847	FdOYLQ1RjaK0eVMOa4	I386	1422406428.000000	Windows 95 or NT 4.0	WINDOWS_GUI	T	F	F	F	F	T	T	F	F	F	.text,.data,.rsrc
1568624507.258974	F7VqST33S1O7RWvcv5	I386	1514459262.000000	Windows XP	WINDOWS_GUI	T	F	F	T	F	T	T	F	F	F	.text,.rdata,.data,.rsrc,.reloc
1568624507.259483	FmsdO64m1i9jJ46iwe	I386	1514459262.000000	Windows XP	WINDOWS_GUI	T	F	F	T	F	T	T	F	F	F	.text,.rdata,.data,.rsrc,.reloc
1568624508.691049	F4FlMm3DSTDKG8IFP5	I386	1490730804.000000	Windows 2000	WINDOWS_GUI	T	F	T	F	F	T	T	F	F	F	.text,.rsrc,.reloc
1568624508.691525	F0oU2j3AjEy11GIUxh	I386	1490730804.000000	Windows 2000	WINDOWS_GUI	T	F	T	F	F	T	T	F	F	F	.text,.rsrc,.reloc
1568624509.165400	FAS0gB3p5909beIZh5	I386	1061306594.000000	Windows 95 or NT 4.0	WINDOWS_GUI	T	F	F	F	F	T	T	F	F	F	.text,.data,.rdata,.bss,.idata,.CRT,.tls,.rsrc
1568624509.165916	Fg9U7V3QvAWYQsPgLd	I386	1484797798.000000	Windows Vista or Server 2008	WINDOWS_CUI	T	F	T	T	F	T	T	T	F	T	.text,.rdata,.data,.rsrc,.reloc
1568624509.165992	FFYQ8Z3HsAeidFRfu8	I386	1484798896.000000	Windows Vista or Server 2008	WINDOWS_GUI	T	F	T	T	F	T	T	T	F	T	.text,.rdata,.data,.rsrc,.reloc
1568624509.175259	FXQCAG3qRzQnVhBZa	I386	1061306594.000000	Windows 95 or NT 4.0	WINDOWS_GUI	T	F	F	F	F	T	T	F	F	F	.text,.data,.rdata,.bss,.idata,.CRT,.tls,.rsrc
1568624509.175792	F7kJSm28mRucG1J6pe	I386	1484797798.000000	Windows Vista or Server 2008	WINDOWS_CUI	T	F	T	T	F	T	T	T	F	T	.text,.rdata,.data,.rsrc,.reloc
1568624509.175873	FvJp7E25naujLuI3pg	I386	1484798896.000000	Windows Vista or Server 2008	WINDOWS_GUI	T	F	T	T	F	T	T	T	F	T	.text,.rdata,.data,.rsrc,.reloc
1568624509.879610	Fsf3pT3EqWpRNDVIa3	I386	1505743824.000000	Windows 95 or NT 4.0	WINDOWS_GUI	T	F	F	F	F	T	T	F	F	T	.text,.code,.rdata,.data,+e*j0,*Z_,.rsrc
1568624509.881036	FGmC2u1IvHhRnfD2w1	I386	1505743824.000000	Windows 95 or NT 4.0	WINDOWS_GUI	T	F	F	F	F	T	T	F	F	T	.text,.code,.rdata,.data,+e*j0,*Z_,.rsrc
1568624510.615599	FA4ni54f0vmu2Pci35	I386	1493728032.000000	Windows 2000	WINDOWS_GUI	T	F	F	F	F	T	T	F	F	F	.text,.rdata,.data,.rsrc
1568624510.618355	FTkaBP2vYSSFwXhOh5	I386	1493728032.000000	Windows 2000	WINDOWS_GUI	T	F	F	F	F	T	T	F	F	F	.text,.rdata,.data,.rsrc
1568624511.327531	Fb0GLj2NmtuUfzgdn5	I386	1492106934.000000	Windows XP	WINDOWS_GUI	T	F	T	T	F	T	T	F	F	F	.text,.rsrc,.reloc
1568624511.331190	FVoGxA4tR61ckcCyqj	I386	1492106934.000000	Windows XP	WINDOWS_GUI	T	F	T	T	F	T	T	F	F	F	.text,.rsrc,.reloc
1568624513.269258	F5BYsZ1Hhn6P6C2oP6	I386	1514395217.000000	Windows 2000	WINDOWS_GUI	T	F	T	T	F	T	T	F	F	T	.text,P,.data,DATA,CODE,.crt,.rsrc,.reloc
1568624513.272617	FxFIMK1HAqRayoeVpj	I386	1514395217.000000	Windows 2000	WINDOWS_GUI	T	F	T	T	F	T	T	F	F	T	.text,P,.data,DATA,CODE,.crt,.rsrc,.reloc
1568624514.703321	FuPulk1DKH9BxmGLjj	I386	1501547635.000000	Windows 95 or NT 4.0	WINDOWS_GUI	T	F	T	T	F	F	T	F	F	F	.text,.rdata,.data,.ndata,.rsrc
1568624514.703767	F5Fk7V1RiLjTbSz2E3	I386	1501547635.000000	Windows 95 or NT 4.0	WINDOWS_GUI	T	F	T	T	F	F	T	F	F	F	.text,.rdata,.data,.ndata,.rsrc
1568624515.775780	Fpp28efQsFu4K8mT1	I386	1478779392.000000	Windows 2000	WINDOWS_GUI	T	F	F	F	F	T	T	T	F	F	.text,.rdata,.bss,.data,.rsrc
1568624515.775913	FSfa3I1ZVqO1beDmZ3	I386	1478779392.000000	Windows 2000	WINDOWS_GUI	T	F	F	F	F	T	T	T	F	F	.text,.rdata,.bss,.data,.rsrc
1568624515.776391	FVKj0Y2rxpp6UVZESc	I386	1478779392.000000	Windows 2000	WINDOWS_GUI	T	F	F	F	F	T	T	T	F	F	.text,.rdata,.bss,.data,.rsrc
1568624515.776866	FDyTIZ3CXd9tPdcKXh	I386	1478779392.000000	Windows 2000	WINDOWS_GUI	T	F	F	F	F	T	T	T	F	F	.text,.rdata,.bss,.data,.rsrc
1568624515.776994	F6U4a22JWVtKZRUOz4	I386	1478779392.000000	Windows 2000	WINDOWS_GUI	T	F	F	F	F	T	T	T	F	F	.text,.rdata,.bss,.data,.rsrc
1568624515.777486	FCG3NBaguD4F2iFK8	I386	1478779392.000000	Windows 2000	WINDOWS_GUI	T	F	F	F	F	T	T	T	F	F	.text,.rdata,.bss,.data,.rsrc
1568624518.471348	FMQgm34AnwV5QkiSX1	I386	1482792351.000000	Windows 2000	WINDOWS_GUI	T	F	F	F	F	T	T	T	F	T	.text,.rdata,.data,.rsrc
1568624518.471520	FgPvCk3DsgzTVbbYb3	I386	1482792351.000000	Windows 2000	WINDOWS_GUI	T	F	F	F	F	T	T	T	F	T	.text,.rdata,.data,.rsrc
1568624518.471835	FUFiOw11eeqWsFGwL9	I386	1482792351.000000	Windows 2000	WINDOWS_GUI	T	F	F	F	F	T	T	T	F	T	.text,.rdata,.data,.rsrc
1568624518.471997	FypiF61wMG1lkaGu3c	I386	1482792351.000000	Windows 2000	WINDOWS_GUI	T	F	F	F	F	T	T	T	F	T	.text,.rdata,.data,.rsrc
1568624520.149100	Fx3MymMUn2GTQ1d9f	I386	1356857389.000000	Windows 95 or NT 4.0	WINDOWS_GUI	T	F	F	F	F	T	T	F	F	F	.text,.rdata,.data,.rsrc
1568624520.149488	FdFdhx6PWUJ4SJYdj	I386	1469408154.000000	Windows 95 or NT 4.0	WINDOWS_GUI	T	F	T	T	F	F	T	F	F	F	.text,.rdata,.data,.ndata,.rsrc
1568624520.152134	FpNOLt1Jgd8gsX5tGl	I386	1356857389.000000	Windows 95 or NT 4.0	WINDOWS_GUI	T	F	F	F	F	T	T	F	F	F	.text,.rdata,.data,.rsrc
1568624520.152501	FCTjFF3IvbaiGveBIh	I386	1469408154.000000	Windows 95 or NT 4.0	WINDOWS_GUI	T	F	T	T	F	F	T	F	F	F	.text,.rdata,.data,.ndata,.rsrc
1568624523.311469	FHc8Y84EEKJpJKrFi8	I386	1399838613.000000	Windows 95 or NT 4.0	WINDOWS_GUI	T	F	F	F	F	T	T	F	F	F	.text,.rdata,.data,.ndata,.rsrc
1568624523.313780	FTvgab2XAk64CSgFtb	I386	1399838613.000000	Windows 95 or NT 4.0	WINDOWS_GUI	T	F	F	F	F	T	T	F	F	F	.text,.rdata,.data,.ndata,.rsrc
1568624523.895549	Fv77yc2M2PoWtKr133	I386	1510221755.000000	Windows 2000	WINDOWS_GUI	T	F	T	T	F	T	T	F	F	T	.text,.rdata,.data,CODE,.CRT,.rsrc,.reloc
1568624523.896701	FmCbr14kNfOS1xT7c6	I386	1510221755.000000	Windows 2000	WINDOWS_GUI	T	F	T	T	F	T	T	F	F	T	.text,.rdata,.data,CODE,.CRT,.rsrc,.reloc
1568624524.434886	FWEbYq4D6QLbb5w9Ba	I386	1412656817.000000	Windows 95 or NT 4.0	WINDOWS_GUI	T	F	T	T	F	F	T	F	F	F	.text,.rdata,.data,.ndata,.rsrc
1568624524.435195	FedKOh3CYUhusIawQ3	I386	1412656817.000000	Windows 95 or NT 4.0	WINDOWS_GUI	T	F	T	T	F	F	T	F	F	F	.text,.rdata,.data,.ndata,.rsrc
1568624524.918152	FY8biFQCfl9905eQ9	I386	1507427409.000000	Windows Vista or Server 2008	WINDOWS_GUI	T	F	F	F	F	T	T	F	F	T	.text,.rdata,.data,.gfids,.text,.rsrc,.reloc
1568624525.004869	FrO0QFz1cdxH5MGVk	I386	1507427409.000000	Windows Vista or Server 2008	WINDOWS_GUI	T	F	F	F	F	T	T	F	F	T	.text,.rdata,.data,.gfids,.text,.rsrc,.reloc
1568624525.467253	F8XhXc4x8PzbNYq4Il	I386	1500799474.000000	Windows XP	WINDOWS_GUI	T	F	F	T	F	T	T	F	F	F	.text,.rdata,.data,.rsrc
1568624525.467601	FcgBgK1voL1opkLkE5	I386	1500799474.000000	Windows XP	WINDOWS_GUI	T	F	F	T	F	T	T	F	F	F	.text,.rdata,.data,.rsrc
1568624526.071082	F5Q3jg3kg1Ta6YiiW6	I386	1490565637.000000	Windows XP	WINDOWS_GUI	T	F	T	F	F	T	T	F	F	F	UPX0,UPX1,.rsrc
1568624526.071407	FhXsDB2vrPGr2Lqf5d	I386	1490565637.000000	Windows XP	WINDOWS_GUI	T	F	T	F	F	T	T	F	F	F	UPX0,UPX1,.rsrc
1568624526.540170	F395tI38gAekGKoMS3	I386	1177846992.000000	Windows 95 or NT 4.0	WINDOWS_GUI	T	F	F	F	F	T	T	F	F	F	.text,.rdata,.data,.rsrc
1568624526.540201	F395tI38gAekGKoMS3	I386	1177846992.000000	Windows 95 or NT 4.0	WINDOWS_GUI	T	F	F	F	F	T	T	F	F	F	.text,.rdata,.data,.rsrc
1568624526.540246	F395tI38gAekGKoMS3	I386	1177846992.000000	Windows 95 or NT 4.0	WINDOWS_GUI	T	F	F	F	F	T	T	F	F	F	.text,.rdata,.data,.rsrc
1568624526.540298	F395tI38gAekGKoMS3	I386	1177846992.000000	Windows 95 or NT 4.0	WINDOWS_GUI	T	F	F	F	F	T	T	F	F	F	.text,.rdata,.data,.rsrc
1568624526.540353	F395tI38gAekGKoMS3	I386	1177846992.000000	Windows 95 or NT 4.0	WINDOWS_GUI	T	F	F	F	F	T	T	F	F	F	.text,.rdata,.data,.rsrc
1568624526.540388	F395tI38gAekGKoMS3	I386	1177846992.000000	Windows 95 or NT 4.0	WINDOWS_GUI	T	F	F	F	F	T	T	F	F	F	.text,.rdata,.data,.rsrc
1568624528.265798	Fut63jXyJcgzxU0Gk	I386	1515400231.000000	Windows 95 or NT 4.0	WINDOWS_GUI	T	F	F	T	F	T	T	F	F	T	.text,.crt,.data,.rsrc
1568624528.269380	FZIMNYtYCYC9sLdcj	I386	1515400231.000000	Windows 95 or NT 4.0	WINDOWS_GUI	T	F	F	T	F	T	T	F	F	T	.text,.crt,.data,.rsrc
1568624528.863053	F6lcrg2hFF85kd3BI7	I386	1498664429.000000	Windows 2000	WINDOWS_GUI	T	F	F	F	F	T	T	F	F	F	.text,.rdata,.data,.rsrc
1568624528.863579	FV8Uc5bc5qgflTGQb	I386	1498664429.000000	Windows 2000	WINDOWS_GUI	T	F	F	F	F	T	T	F	F	F	.text,.rdata,.data,.rsrc
1568624529.963232	FN4BQlF4euvIdLPie	I386	1459714748.000000	Windows 95 or NT 4.0	WINDOWS_GUI	T	F	T	T	F	F	T	F	F	F	.text,.rdata,.data,.ndata,.rsrc
1568624529.965644	F5K4FV30aTC9iuxqYc	I386	1459714748.000000	Windows 95 or NT 4.0	WINDOWS_GUI	T	F	T	T	F	F	T	F	F	F	.text,.rdata,.data,.ndata,.rsrc
1568624530.474804	F3SfY229bs4UAGOpUe	I386	1490644391.000000	Windows XP	WINDOWS_GUI	T	F	T	F	F	T	T	F	F	F	.text,.rsrc,.reloc
1568624530.475146	FXZxqQ3Gsg0KZ1caad	I386	1490644391.000000	Windows XP	WINDOWS_GUI	T	F	T	F	F	T	T	F	F	F	.text,.rsrc,.reloc
1568624531.103368	FzWa5b2jcUFIH5BoZ2	I386	1494155719.000000	Windows Vista or Server 2008	WINDOWS_GUI	T	F	T	F	F	T	T	F	F	F	.text,.rsrc,.reloc
1568624531.106117	FrmJYn4lqXODJh9Lqb	I386	1494155719.000000	Windows Vista or Server 2008	WINDOWS_GUI	T	F	T	F	F	T	T	F	F	F	.text,.rsrc,.reloc
1568624532.008480	Fzatvx4QtQW2uI7hA	I386	1492771281.000000	Windows 95 or NT 4.0	WINDOWS_GUI	T	F	F	F	F	T	T	F	F	F	.text,.rdata,.data,.rsrc
1568624532.008962	Frbl9KLU4kAvItxki	I386	1291179625.000000	Windows 95 or NT 4.0	WINDOWS_GUI	T	F	F	F	F	T	T	F	F	F	.text,.data,.rdata,.bss,.idata,.CRT,.tls,.rsrc
1568624532.009564	FyXZeU317GKn9kUQfd	I386	1492774877.000000	Windows XP	WINDOWS_GUI	T	F	F	T	F	T	T	F	F	F	.text,.rdata,.data,.rsrc
1568624532.010445	Fxg5RW1f1BrMJgAmN	I386	1492771281.000000	Windows 95 or NT 4.0	WINDOWS_GUI	T	F	F	F	F	T	T	F	F	F	.text,.rdata,.data,.rsrc
1568624532.010917	FxsKrc3nmrw5VIZsne	I386	1291179625.000000	Windows 95 or NT 4.0	WINDOWS_GUI	T	F	F	F	F	T	T	F	F	F	.text,.data,.rdata,.bss,.idata,.CRT,.tls,.rsrc
1568624532.011511	FYS1Em1qOKpxIV4wi6	I386	1492774877.000000	Windows XP	WINDOWS_GUI	T	F	F	T	F	T	T	F	F	F	.text,.rdata,.data,.rsrc
1568624532.505532	FW6osXhvcDpnNl2Zj	I386	1471202154.000000	Windows XP	WINDOWS_GUI	T	F	T	T	F	T	T	T	F	T	.text,.rdata,.data,.gfids,.rsrc,.reloc
1568624532.509288	Fc9VEy23N1jJouF61j	I386	1471202154.000000	Windows XP	WINDOWS_GUI	T	F	T	T	F	T	T	T	F	T	.text,.rdata,.data,.gfids,.rsrc,.reloc
1568624533.552253	FiOvez2J3fCrEt8H32	I386	1212697101.000000	Windows 2000	WINDOWS_GUI	T	F	T	F	F	T	T	F	F	T	.text,.rdata,.data,.rsrc,.reloc
1568624533.554223	FiOvez2J3fCrEt8H32	I386	1212697101.000000	Windows 2000	WINDOWS_GUI	T	F	T	F	F	T	T	F	F	T	.text,.rdata,.data,.rsrc,.reloc
1568624534.030833	F2kUg74aYcKcIF4P63	I386	1494215474.000000	Windows XP	WINDOWS_GUI	T	F	F	T	F	T	T	F	F	F	.text,.rdata,.data,.rsrc
1568624534.031051	FzvxU71KNdn8goqBpc	I386	1494215474.000000	Windows XP	WINDOWS_GUI	T	F	F	T	F	T	T	F	F	F	.text,.rdata,.data,.rsrc
1568624534.507150	FsSJYF3QHe2mjCpSfi	I386	1508160834.000000	Windows 2000	WINDOWS_GUI	T	F	F	F	F	T	T	F	F	F	.text,.rdata,.data,.rsrc
1568624534.513727	FevlOPAI6dB6SFZDk	I386	1508160834.000000	Windows 2000	WINDOWS_GUI	T	F	F	F	F	T	T	F	F	F	.text,.rdata,.data,.rsrc
1568624535.935573	FI95djlNxMC4SYp63	I386	1343311616.000000	Windows XP	WINDOWS_GUI	T	F	T	T	F	T	T	F	F	T	.text,.adata,.data,.rsrc
1568624535.936215	FCWhTu2g92UZEEMJ21	I386	1343311616.000000	Windows XP	WINDOWS_GUI	T	F	T	T	F	T	T	F	F	T	.text,.adata,.data,.rsrc
1568624536.502915	FoEab33c5lS9Feja81	I386	1498664429.000000	Windows 2000	WINDOWS_GUI	T	F	F	F	F	T	T	F	F	F	.text,.rdata,.data,.rsrc
1568624536.503307	FailLwI96KQvQG7X8	I386	1498664429.000000	Windows 2000	WINDOWS_GUI	T	F	F	F	F	T	T	F	F	F	.text,.rdata,.data,.rsrc
1568624536.990934	FcSPpbBMgEhOikNGb	I386	1501671166.000000	Windows 2000	WINDOWS_GUI	T	F	F	F	F	T	T	F	F	F	.text,.rdata,.data,.rsrc
1568624536.991367	FWXpCB15J6UaMje3C7	I386	1501671166.000000	Windows 2000	WINDOWS_GUI	T	F	F	F	F	T	T	F	F	F	.text,.rdata,.data,.rsrc
1568624537.455923	FsJNpa3bEk6Yqyv6zb	I386	1481493038.000000	Windows 95 or NT 4.0	WINDOWS_GUI	T	F	T	T	F	F	T	F	F	F	.text,.rdata,.data,.ndata,.rsrc
1568624537.456538	FQjEHD1WKFohaTvycj	I386	1481493038.000000	Windows 95 or NT 4.0	WINDOWS_GUI	T	F	T	T	F	F	T	F	F	F	.text,.rdata,.data,.ndata,.rsrc
1568624538.454965	F7nYVwovoy3KIRI81	I386	1478779392.000000	Windows 95 or NT 4.0	WINDOWS_GUI	T	F	F	F	F	T	T	T	F	F	.text,.rdata,.data,.rsrc
1568624538.455295	FBNzWX2mSRx392b1zk	I386	1478779392.000000	Windows 95 or NT 4.0	WINDOWS_GUI	T	F	F	F	F	T	T	T	F	F	.text,.rdata,.data,.rsrc
1568624539.038933	F5316j2OSMm0qdFWT	I386	1410420480.000000	Windows XP	WINDOWS_GUI	T	F	F	F	F	T	T	F	F	T	.text,.data,.ndata,.rsrc
1568624539.039212	FMUXLk2PZKIj3Wqgsc	I386	1410420480.000000	Windows XP	WINDOWS_GUI	T	F	F	F	F	T	T	F	F	T	.text,.data,.ndata,.rsrc
1568624541.231325	FeYiWt25QcIXxitGZ	I386	1494445057.000000	Windows 95 or NT 4.0	WINDOWS_GUI	T	F	F	F	F	T	T	F	F	F	.text,.rdata,.data,.rsrc
1568624541.234943	FJ5EoO23oCwErkbFvb	I386	1494445057.000000	Windows 95 or NT 4.0	WINDOWS_GUI	T	F	F	F	F	T	T	F	F	F	.text,.rdata,.data,.rsrc
1568624541.738724	FJKSeY13Vns7Dp4Sxa	I386	1485984586.000000	Windows 2000	WINDOWS_GUI	T	F	T	T	F	F	T	F	F	F	.text,.rdata,.data,.ndata,.rsrc
1568624541.739084	FKKt6WZATRADQR6Kf	I386	1485984586.000000	Windows 2000	WINDOWS_GUI	T	F	T	T	F	F	T	F	F	F	.text,.rdata,.data,.ndata,.rsrc
1568624544.541599	FgIdle4AfbOGWzzA29	I386	1312682516.000000	Windows 95 or NT 4.0	WINDOWS_CUI	T	F	T	T	F	F	T	F	F	T	.text,.rsrc,.reloc
1568624544.541785	FSv7vL1K5sI8jIOyQc	I386	1396212645.000000	Windows 2000	WINDOWS_CUI	T	F	F	F	F	T	T	F	T	T	.text,.rdata,.data,.rsrc
1568624544.546707	FxgdSO1rQPtlGCJ3Oh	I386	1312682516.000000	Windows 95 or NT 4.0	WINDOWS_CUI	T	F	T	T	F	F	T	F	F	T	.text,.rsrc,.reloc
1568624544.546895	Fuc4y223eDPFt1WPQk	I386	1396212645.000000	Windows 2000	WINDOWS_CUI	T	F	F	F	F	T	T	F	T	T	.text,.rdata,.data,.rsrc
1568624545.694614	F9zfPX36FziFjkqER5	I386	1344561664.000000	Windows 95 or NT 4.0	WINDOWS_GUI	T	F	F	F	F	T	T	T	F	F	.text,.rdata,.data,.rsrc
1568624545.694739	Fz5y9b2R4nfwoqdBd8	I386	1344561664.000000	Windows 95 or NT 4.0	WINDOWS_GUI	T	F	F	F	F	T	T	T	F	F	.text,.rdata,.data,.rsrc
1568624546.696595	FWMK0S3z8SGKiXf5w8	I386	1490893553.000000	Windows XP	WINDOWS_GUI	T	F	F	T	F	T	T	F	F	F	.text,.rdata,.data,.rsrc
1568624546.721231	FT9Y6N3nJWGaJyZVI8	I386	1490893553.000000	Windows XP	WINDOWS_GUI	T	F	F	T	F	T	T	F	F	F	.text,.rdata,.data,.rsrc
1568624547.794150	FbpnzR2sXv0TesFqLl	I386	1500019512.000000	Windows 95 or NT 4.0	WINDOWS_GUI	T	F	T	T	F	F	T	F	F	T	.text,.sdata,.rsrc,.reloc
1568624547.794526	FgDPl74fSo1m9Y1Npi	I386	708992537.000000	Windows 95 or NT 4.0	WINDOWS_GUI	T	F	F	F	F	T	T	F	F	F	CODE,DATA,BSS,.idata,.reloc,.rsrc
1568624547.798217	FEsVm62tlZFQdwX1Gi	I386	1500019512.000000	Windows 95 or NT 4.0	WINDOWS_GUI	T	F	T	T	F	F	T	F	F	T	.text,.sdata,.rsrc,.reloc
1568624547.798614	FMOiZm1WiGq4QN8MI2	I386	708992537.000000	Windows 95 or NT 4.0	WINDOWS_GUI	T	F	F	F	F	T	T	F	F	F	CODE,DATA,BSS,.idata,.reloc,.rsrc
1568624548.963052	FCtRek26pL98R9XtSl	I386	1490379374.000000	Windows 95 or NT 4.0	WINDOWS_GUI	T	F	F	F	F	T	T	F	F	F	.text,.rdata,.data,.xdata,.rsrc
1568624548.963538	F5TFEJkE5rrR3Gybd	I386	1490379374.000000	Windows 95 or NT 4.0	WINDOWS_GUI	T	F	F	F	F	T	T	F	F	F	.text,.rdata,.data,.xdata,.rsrc
1568624549.526520	FAcRMk4R7ri9A04rRf	I386	1378116096.000000	Windows 95 or NT 4.0	WINDOWS_GUI	T	F	T	T	F	T	T	F	F	F	.text,.rdata,.data,.rsrc
1568624549.526567	FJFQ7B3hwgnLCOpto3	I386	1378116096.000000	Windows 95 or NT 4.0	WINDOWS_GUI	T	F	T	T	F	T	T	F	F	F	.text,.rdata,.data,.rsrc
1568624550.051326	FqiXwf1kQ21aYLojKi	I386	1493728032.000000	Windows 2000	WINDOWS_GUI	T	F	F	F	F	T	T	F	F	F	.text,.rdata,.data,.rsrc
1568624550.054197	FHinlg33UVfRGxcXnl	I386	1493728032.000000	Windows 2000	WINDOWS_GUI	T	F	F	F	F	T	T	F	F	F	.text,.rdata,.data,.rsrc
1568624551.178922	FAOZ9L3GsQtTrhCoaf	I386	1493291930.000000	Windows 95 or NT 4.0	WINDOWS_GUI	T	F	F	F	F	T	T	F	F	F	.text,.data,.rsrc
1568624551.179346	FydJqy3Lu4XSpcaraa	I386	1493291930.000000	Windows 95 or NT 4.0	WINDOWS_GUI	T	F	F	F	F	T	T	F	F	F	.text,.data,.rsrc
1568624553.139200	FQoeUB4RJtCMuHuQy2	I386	1378116096.000000	Windows 95 or NT 4.0	WINDOWS_GUI	T	F	T	T	F	T	T	F	F	F	.text,.rdata,.data,.rsrc
1568624553.139510	FsFxS52OjxVG1Qovl3	I386	1378116096.000000	Windows 95 or NT 4.0	WINDOWS_GUI	T	F	T	T	F	T	T	F	F	F	.text,.rdata,.data,.rsrc
1568624554.255579	FUtAGG1Hhe88QDWTPa	I386	1501880610.000000	Windows 2000	WINDOWS_GUI	T	F	F	F	F	T	T	F	F	F	.text,.rdata,.data,.rsrc
1568624554.258453	FQcqvu4IlIKWLSV9ya	I386	1501880610.000000	Windows 2000	WINDOWS_GUI	T	F	F	F	F	T	T	F	F	F	.text,.rdata,.data,.rsrc
1568624554.907059	FVt15q1FUle69w3yol	I386	1410420480.000000	Windows XP	WINDOWS_GUI	T	F	F	F	F	T	T	F	F	T	.text,.rdata,.data,.rsrc
1568624554.907675	FngMbb16r0ckQE3e3l	I386	1410420480.000000	Windows XP	WINDOWS_GUI	T	F	F	F	F	T	T	F	F	T	.text,.rdata,.data,.rsrc
1568624556.531232	FwBCvR3OjtE8caQMm8	I386	1494001466.000000	Windows 95 or NT 4.0	WINDOWS_GUI	T	F	F	F	F	T	T	F	T	F	.text,.data,.rsrc
1568624556.534137	FvFZJO2biCrnvsei9l	I386	1494001466.000000	Windows 95 or NT 4.0	WINDOWS_GUI	T	F	F	F	F	T	T	F	T	F	.text,.data,.rsrc
1568624558.610434	FctVRt3RzQIJkYf92e	I386	1488550893.000000	Windows 95 or NT 4.0	WINDOWS_GUI	T	F	F	F	F	T	T	F	F	F	.text,.rdata,.data
1568624558.610600	Fa0rZDwIkoiOT3DJ1	I386	1481789247.000000	Windows 2000	WINDOWS_GUI	T	F	F	F	F	T	T	F	T	T	.text,.rdata,.data,.rsrc
1568624558.628651	FCjrft166vXF8rN4we	I386	1488550893.000000	Windows 95 or NT 4.0	WINDOWS_GUI	T	F	F	F	F	T	T	F	F	F	.text,.rdata,.data
1568624558.628813	Fq6NXZ159B1NUeYkg1	I386	1481789247.000000	Windows 2000	WINDOWS_GUI	T	F	F	F	F	T	T	F	T	T	.text,.rdata,.data,.rsrc
1568624559.715828	FdtvC32EH8OrToD7x6	I386	1356857389.000000	Windows 95 or NT 4.0	WINDOWS_GUI	T	F	F	F	F	T	T	F	F	F	.text,.rdata,.data,.rsrc
1568624559.724382	FGiGRt18apGbosccH7	I386	1356857389.000000	Windows 95 or NT 4.0	WINDOWS_GUI	T	F	F	F	F	T	T	F	F	F	.text,.rdata,.data,.rsrc
1568624560.911121	FD3UPd20q6YIUXYP5f	I386	1362186183.000000	Windows 95 or NT 4.0	WINDOWS_GUI	T	F	F	F	F	T	T	F	F	T	.text,.rdata,.dec,.rsrc
1568624560.911817	Fzdc8N1SjxmFaLSdIk	I386	1362186183.000000	Windows 95 or NT 4.0	WINDOWS_GUI	T	F	F	F	F	T	T	F	F	T	.text,.rdata,.dec,.rsrc
1568624562.030990	FXLaqf38wOzHHpWWe5	I386	1399838610.000000	Windows 95 or NT 4.0	WINDOWS_GUI	T	F	F	F	F	T	T	F	F	F	.text,.rdata,.data,.ndata,.rsrc
1568624562.038254	FF0tbU3Tj7Ni2eeCgh	I386	1399838610.000000	Windows 95 or NT 4.0	WINDOWS_GUI	T	F	F	F	F	T	T	F	F	F	.text,.rdata,.data,.ndata,.rsrc
1568624562.855293	FQLl1w477ImoiIn0O	I386	1468609349.000000	Windows XP	WINDOWS_GUI	T	F	F	T	F	T	T	F	F	F	.text,.rdata,.data,.rsrc
1568624562.856301	FGhlYK3OFVls338WV6	I386	1468609349.000000	Windows XP	WINDOWS_GUI	T	F	F	T	F	T	T	F	F	F	.text,.rdata,.data,.rsrc
1568624565.461592	FqZ4av2ZqyavjUBXD4	I386	1471202154.000000	Windows XP	WINDOWS_GUI	T	F	T	T	F	T	T	T	F	T	.text,.rdata,.data,.gfids,.rsrc,.reloc
1568624565.465552	FShYPE31hlqGlsnXKl	I386	1471202154.000000	Windows XP	WINDOWS_GUI	T	F	T	T	F	T	T	T	F	T	.text,.rdata,.data,.gfids,.rsrc,.reloc
1568624566.155289	FohNNl4Yq5X3OHL4qe	I386	1493222699.000000	Windows XP	WINDOWS_GUI	T	F	F	T	F	F	T	F	F	F	.text,.rdata,.data,.rsrc
1568624566.155410	FiKD2S3Q8DcHGamzL	I386	989355871.000000	Windows 95 or NT 4.0	WINDOWS_GUI	T	F	F	F	F	T	T	F	F	F	.text,.data,.rdata,.bss,.idata,.CRT,.tls,.rsrc
1568624566.156391	FpMPeb3XDsajnUZrX3	I386	1493222699.000000	Windows XP	WINDOWS_GUI	T	F	F	T	F	F	T	F	F	F	.text,.rdata,.data,.rsrc
1568624566.156486	Fh5wGg37fkBLUdeMAe	I386	989355871.000000	Windows 95 or NT 4.0	WINDOWS_GUI	T	F	F	F	F	T	T	F	F	F	.text,.data,.rdata,.bss,.idata,.CRT,.tls,.rsrc
1568624566.623171	Ff8q2T2Sq0bf4eluI4	I386	1378963399.000000	Windows 95 or NT 4.0	WINDOWS_GUI	T	F	F	F	F	T	T	F	F	T	.text,.rdata,.rsrc,.bss
1568624566.626752	Fmy1q69MIXDAmgpcc	I386	1378963399.000000	Windows 95 or NT 4.0	WINDOWS_GUI	T	F	F	F	F	T	T	F	F	T	.text,.rdata,.rsrc,.bss
1568624566.975015	FZ8fOj2oICN2qdLNTh	I386	1505852367.000000	Windows 95 or NT 4.0	WINDOWS_GUI	T	F	F	F	F	T	T	F	F	F	.text,.data,.rsrc
1568624566.975833	FPocKJ1JRkbVOdbF2c	I386	1505852367.000000	Windows 95 or NT 4.0	WINDOWS_GUI	T	F	F	F	F	T	T	F	F	F	.text,.data,.rsrc
1568624568.767020	FzzT3k3BVP7EpU100f	I386	1378116096.000000	Windows 95 or NT 4.0	WINDOWS_GUI	T	F	F	F	F	T	T	F	F	F	.text,.rdata,.data,.rsrc
1568624568.767499	F1jcSj3jdWIWKuLIaf	I386	1378116096.000000	Windows 95 or NT 4.0	WINDOWS_GUI	T	F	F	F	F	T	T	F	F	F	.text,.rdata,.data,.rsrc
1568624569.111244	FI2BffNEUnWoqgX07	I386	1192316672.000000	Windows XP	WINDOWS_GUI	T	F	T	T	F	T	T	F	F	T	.text,.data,.rsrc
1568624569.113830	FUO0fs4LguH7P2nkRc	I386	1192316672.000000	Windows XP	WINDOWS_GUI	T	F	T	T	F	T	T	F	F	T	.text,.data,.rsrc
1568624569.476815	FgMb4tdd9z2AtU6h7	I386	1490282252.000000	Windows XP	WINDOWS_GUI	T	F	F	T	F	F	T	F	F	F	.text,.rdata,.data,.rsrc
1568624569.490825	FH2xC74VIIx9PcERSk	I386	1490282252.000000	Windows XP	WINDOWS_GUI	T	F	F	T	F	F	T	F	F	F	.text,.rdata,.data,.rsrc
1568624570.391355	FGRsLo1bIrolIUAT01	I386	1494089860.000000	Windows 2000	WINDOWS_GUI	T	F	F	F	F	T	T	F	F	F	.text,.rdata,.data,.rsrc
1568624570.394134	FQ3gQ43recUN0NBV3a	I386	1494089860.000000	Windows 2000	WINDOWS_GUI	T	F	F	F	F	T	T	F	F	F	.text,.rdata,.data,.rsrc
1568624570.742975	FWlyX03rLNITORxvx5	I386	1451197558.000000	Windows 95 or NT 4.0	WINDOWS_GUI	T	F	T	T	F	F	T	F	F	F	.text,.rdata,.data,.ndata,.rsrc
1568624570.743225	FJBauZmLC5iBxUldh	I386	1451197558.000000	Windows 95 or NT 4.0	WINDOWS_GUI	T	F	T	T	F	F	T	F	F	F	.text,.rdata,.data,.ndata,.rsrc
1568624571.099493	FcqbMqxBMRC9YJwS9	I386	1490608986.000000	Windows XP	WINDOWS_GUI	T	F	T	F	F	T	T	F	F	F	UPX0,UPX1,.rsrc
1568624571.099780	FVepaQ2oFGPNwzmxQ1	I386	1490608986.000000	Windows XP	WINDOWS_GUI	T	F	T	F	F	T	T	F	F	F	UPX0,UPX1,.rsrc
1568624571.100521	FIF2wnwGKoVxA8m66	I386	1490608986.000000	Windows XP	WINDOWS_GUI	T	F	T	F	F	T	T	F	F	F	UPX0,UPX1,.rsrc
1568624571.100815	FqIu832YzagLIw19ce	I386	1490608986.000000	Windows XP	WINDOWS_GUI	T	F	T	F	F	T	T	F	F	F	UPX0,UPX1,.rsrc
1568624572.255629	FrHU0L2ei70XQmcQCj	I386	1494433274.000000	Windows 95 or NT 4.0	WINDOWS_GUI	T	F	F	F	F	T	T	F	T	F	.text,.data,.rsrc
1568624572.258482	FDT6gh3I73oM7NS0Zd	I386	1494433274.000000	Windows 95 or NT 4.0	WINDOWS_GUI	T	F	F	F	F	T	T	F	T	F	.text,.data,.rsrc
1568624572.810794	FBAsb39rfX7ZECvd	I386	1412656826.000000	Windows 95 or NT 4.0	WINDOWS_GUI	T	F	T	T	F	F	T	F	F	F	.text,.rdata,.data,.ndata,.rsrc
1568624572.811052	FX88sz3axshHMGChsd	I386	1412656826.000000	Windows 95 or NT 4.0	WINDOWS_GUI	T	F	T	T	F	F	T	F	F	F	.text,.rdata,.data,.ndata,.rsrc
1568624573.258944	FPBAMmLznjz357Yy6	I386	1490865414.000000	Windows XP	WINDOWS_GUI	T	F	T	F	F	T	T	F	F	F	.text,.rsrc,.reloc
1568624573.259381	FmIzwD4RYfwqKg6iw5	I386	1490865414.000000	Windows XP	WINDOWS_GUI	T	F	T	F	F	T	T	F	F	F	.text,.rsrc,.reloc
1568624573.726920	F7Y9SFPBmBYEFOsyh	I386	1451197552.000000	Windows 95 or NT 4.0	WINDOWS_GUI	T	F	T	T	F	F	T	F	F	F	.text,.rdata,.data,.ndata,.rsrc
1568624573.727179	FPHtgI2YsK96UySpr	I386	1451197552.000000	Windows 95 or NT 4.0	WINDOWS_GUI	T	F	T	T	F	F	T	F	F	F	.text,.rdata,.data,.ndata,.rsrc
1568624574.230571	Fd7emU2GSjT7aPfs8	I386	1493667105.000000	Windows 95 or NT 4.0	WINDOWS_GUI	T	T	T	T	F	F	T	F	F	T	.text,.rsrc,.reloc
1568624574.230624	FHy95P1edTyRz5I3qe	I386	1493667105.000000	Windows 95 or NT 4.0	WINDOWS_GUI	T	T	T	T	F	F	T	F	F	T	.text,.rsrc,.reloc
1568624574.859034	Fpk1bs4rRWj092vQ1i	I386	1502178973.000000	Windows 2000	WINDOWS_GUI	T	F	F	F	F	T	T	F	F	F	.text,.data,.rsrc,.reloc
1568624574.859536	F5AYtr4AqSK2WY139a	I386	1502178973.000000	Windows 2000	WINDOWS_GUI	T	F	F	F	F	T	T	F	F	F	.text,.data,.rsrc,.reloc
1568624575.396158	FxC6PQ2XTyfTCnVgf2	I386	1440166350.000000	Windows 95 or NT 4.0	WINDOWS_GUI	T	F	F	F	F	T	T	F	F	F	.text,.rdata,.data,.rsrc
1568624575.398953	FmwDjF1VJcpq0hfrLd	I386	1440166350.000000	Windows 95 or NT 4.0	WINDOWS_GUI	T	F	F	F	F	T	T	F	F	F	.text,.rdata,.data,.rsrc
1568624576.975525	F1RQUU2xnL4JzjPwDd	I386	1501876888.000000	Windows 2000	WINDOWS_GUI	T	F	F	F	F	T	T	F	F	F	.text,.rdata,.data,.rsrc
1568624576.978947	F80Xt511N2NY3TGIHl	I386	1501876888.000000	Windows 2000	WINDOWS_GUI	T	F	F	F	F	T	T	F	F	F	.text,.rdata,.data,.rsrc
1568624577.699884	FFrrke1bkreuuvuUG3	I386	1356857389.000000	Windows 95 or NT 4.0	WINDOWS_GUI	T	F	F	F	F	T	T	F	F	F	.text,.rdata,.data,.rsrc
1568624577.705925	FfWLSa4YlrZLMtSoOg	I386	1356857389.000000	Windows 95 or NT 4.0	WINDOWS_GUI	T	F	F	F	F	T	T	F	F	F	.text,.rdata,.data,.rsrc
1568624578.059476	FRReEL7wCbpL9n5mj	I386	1501961507.000000	Windows 2000	WINDOWS_GUI	T	F	F	F	F	T	T	F	F	F	.text,.rdata,.data,.rsrc
1568624578.063617	F4W6YP3f9trcfwLiT5	I386	1501961507.000000	Windows 2000	WINDOWS_GUI	T	F	F	F	F	T	T	F	F	F	.text,.rdata,.data,.rsrc
1568624578.430920	FY2S534AZ1OYWcQFgf	I386	1501490121.000000	Windows XP	WINDOWS_GUI	T	F	F	T	F	T	T	F	F	F	.text,.rdata,.data,.rsrc
1568624578.431323	FZzrMdz90mU9XamKb	I386	1501490121.000000	Windows XP	WINDOWS_GUI	T	F	F	T	F	T	T	F	F	F	.text,.rdata,.data,.rsrc
1568624579.191790	F7ilOB1I0hPj3in4Q8	I386	1509628940.000000	Windows 2000	WINDOWS_GUI	T	F	F	F	F	T	T	F	F	F	.text,.rdata,.data,.rsrc
1568624579.193725	FFtHeQ62e3nTrW8h	I386	1509628940.000000	Windows 2000	WINDOWS_GUI	T	F	F	F	F	T	T	F	F	F	.text,.rdata,.data,.rsrc
1568624579.554859	FXXp2I3XkyeorrXfR9	I386	1344561664.000000	Windows 95 or NT 4.0	WINDOWS_GUI	T	F	F	F	F	T	T	T	F	F	.text,.rdata,.data,.rsrc
1568624579.555083	FfcPdA2R3VP0Y3zD78	I386	1344561664.000000	Windows 95 or NT 4.0	WINDOWS_GUI	T	F	F	F	F	T	T	T	F	F	.text,.rdata,.data,.rsrc
1568624580.359448	FSab5I3rRECGjEZkUl	I386	755317874.000000	Windows 95 or NT 4.0	WINDOWS_CUI	T	F	T	T	F	F	T	F	F	F	.text,.code,.adata,.rdata,.data,.rsrc,.reloc
1568624580.359824	FHEyoP31PG6WnbqgZ3	I386	755317874.000000	Windows 95 or NT 4.0	WINDOWS_CUI	T	F	T	T	F	F	T	F	F	F	.text,.code,.adata,.rdata,.data,.rsrc,.reloc
1568624580.711157	FhxIuP1wY1YxUdHuik	I386	1464087365.000000	Windows XP	WINDOWS_GUI	T	F	F	F	F	T	T	F	F	F	.text,.rdata,.data,.rsrc
1568624580.711871	FcCcXzqUECQXt1Sm4	I386	1464087365.000000	Windows XP	WINDOWS_GUI	T	F	F	F	F	T	T	F	F	F	.text,.rdata,.data,.rsrc
1568624581.790633	F7TEUo1PQwfXzfGKLc	I386	1611747072.000000	Windows XP	WINDOWS_GUI	T	F	F	F	F	T	T	F	F	T	.text,.data,.rsrc
1568624581.790818	F1VEJk9hAcfer8kyf	I386	1611747072.000000	Windows XP	WINDOWS_GUI	T	F	F	F	F	T	T	F	F	T	.text,.data,.rsrc
1568624582.143333	FAInjA1cBXAyRi9UR4	I386	1494270670.000000	Windows 95 or NT 4.0	WINDOWS_GUI	T	F	F	F	F	T	T	F	T	F	.text,.data,.rsrc
1568624582.147007	Fq0B7j3U3z2vpGRJJ8	I386	1494270670.000000	Windows 95 or NT 4.0	WINDOWS_GUI	T	F	F	F	F	T	T	F	T	F	.text,.data,.rsrc
1568624582.847040	FTWdMdAG0N7nhsswi	I386	1410420480.000000	Windows XP	WINDOWS_GUI	T	F	T	T	F	T	T	F	F	T	.text,.adata,.data,.rsrc
1568624582.849665	F93LNR1S3itSA5Z4Rk	I386	1410420480.000000	Windows XP	WINDOWS_GUI	T	F	T	T	F	T	T	F	F	T	.text,.adata,.data,.rsrc
1568624583.223905	FU0bwo2VgLRWTZvNU	I386	1437093637.000000	Windows 2000	WINDOWS_GUI	T	F	T	T	F	T	T	F	F	F	.text,.rdata,.data,.rsrc
1568624583.224703	FR49Ly3IPohWxSCxk1	I386	1437093637.000000	Windows 2000	WINDOWS_GUI	T	F	T	T	F	T	T	F	F	F	.text,.rdata,.data,.rsrc
1568624583.622835	FvolCK1Lb4E0LCJsh	I386	1412656817.000000	Windows 95 or NT 4.0	WINDOWS_GUI	T	F	T	T	F	F	T	F	F	F	.text,.rdata,.data,.ndata,.rsrc
1568624583.623152	F7lRNOn2C934uxgwa	I386	1412656817.000000	Windows 95 or NT 4.0	WINDOWS_GUI	T	F	T	T	F	F	T	F	F	F	.text,.rdata,.data,.ndata,.rsrc
1568624583.967246	F8bfs14beZYIbC3m5e	I386	1494507629.000000	Windows 2000	WINDOWS_GUI	T	F	F	F	F	T	T	F	F	F	.text,.rdata,.data,.rsrc
1568624583.969974	Fji84G4tHuy3Nkn3zb	I386	1494507629.000000	Windows 2000	WINDOWS_GUI	T	F	F	F	F	T	T	F	F	F	.text,.rdata,.data,.rsrc
1568624584.347495	FBKuvk12wqOjsKLuXk	I386	1487644360.000000	Windows 2000	WINDOWS_GUI	T	F	F	F	F	T	T	F	F	T	.text,.rdata,.data,.rsrc
1568624584.349369	FwGfrs2PpIMuyxGSjj	I386	1487644360.000000	Windows 2000	WINDOWS_GUI	T	F	F	F	F	T	T	F	F	T	.text,.rdata,.data,.rsrc
1568624585.772152	FWFUq03Uo8DBzwSv9g	I386	1399838610.000000	Windows 95 or NT 4.0	WINDOWS_GUI	T	F	F	F	F	T	T	F	F	F	.text,.rdata,.data,.ndata,.rsrc
1568624585.777886	FUHrx03n83xigRYNt6	I386	1399838610.000000	Windows 95 or NT 4.0	WINDOWS_GUI	T	F	F	F	F	T	T	F	F	F	.text,.rdata,.data,.ndata,.rsrc
1568624586.163914	F4PeDT2bHv1ssyNKrf	I386	1447948421.000000	Windows 95 or NT 4.0	WINDOWS_GUI	T	F	F	F	F	T	T	F	F	F	.text,.rdata,.data,.rsrc
1568624586.164794	FPWTju1JJOLkJNDIMd	I386	1447948421.000000	Windows 95 or NT 4.0	WINDOWS_GUI	T	F	F	F	F	T	T	F	F	F	.text,.rdata,.data,.rsrc
1568624586.539085	Fg1u7oXol1oFn2dXf	I386	1486567747.000000	Windows 95 or NT 4.0	WINDOWS_GUI	T	F	F	F	F	T	T	F	F	F	.text,.rdata,.data,.tls,.rsrc
1568624586.539540	F97lqz1XRvjPzDLeP4	I386	1486567747.000000	Windows 95 or NT 4.0	WINDOWS_GUI	T	F	F	F	F	T	T	F	F	F	.text,.rdata,.data,.tls,.rsrc
1568624587.107006	FDPKTy3IepPMULoSl6	I386	1343311616.000000	Windows XP	WINDOWS_GUI	T	F	T	T	F	T	T	F	F	T	.text,.adata,.data,.rsrc
1568624587.107320	F1fbBEWthPvowVb7h	I386	1343311616.000000	Windows XP	WINDOWS_GUI	T	F	T	T	F	T	T	F	F	T	.text,.adata,.data,.rsrc
1568624588.367276	FdHxWX1uEAFVs5gF5d	I386	1501016954.000000	Windows 2000	WINDOWS_GUI	T	F	F	F	F	T	T	F	F	F	.text,.rdata,.data,.rsrc
1568624588.367846	FZNEh4i76hY7Jgldj	I386	1501016954.000000	Windows 2000	WINDOWS_GUI	T	F	F	F	F	T	T	F	F	F	.text,.rdata,.data,.rsrc
1568624588.882720	FR0XGa2ogv8VWnEXic	I386	1489391529.000000	Windows 2000	WINDOWS_GUI	T	F	F	F	F	T	T	F	F	F	.text,.rdata,.data,.rsrc
1568624588.897863	FaJR9b16m3p5uVBWm6	I386	1489391529.000000	Windows 2000	WINDOWS_GUI	T	F	F	F	F	T	T	F	F	F	.text,.rdata,.data,.rsrc
1568624590.230996	Fb38bE4qEssg9nCoUd	I386	1472118190.000000	Windows 2000	WINDOWS_GUI	T	F	F	F	F	T	T	F	F	F	.text,.rdata,.data,.rsrc
1568624590.231354	F5wELq4mUFXdhegYff	I386	1472118190.000000	Windows 2000	WINDOWS_GUI	T	F	F	F	F	T	T	F	F	F	.text,.rdata,.data,.rsrc
1568624590.603532	FOGWzh39HGOLIqAGM5	I386	1493201874.000000	Windows XP	WINDOWS_GUI	T	F	F	T	F	F	T	F	F	F	.text,.rdata,.data,.rsrc
1568624590.603657	FJ0wPc2KrA1SEIwTB4	I386	1034863787.000000	Windows 95 or NT 4.0	WINDOWS_GUI	T	F	F	F	F	T	T	F	F	F	.text,.data,.rdata,.bss,.idata,.CRT,.tls,.rsrc
1568624590.604395	F2Velf3PyZeKf1Ix98	I386	1493201874.000000	Windows XP	WINDOWS_GUI	T	F	F	T	F	F	T	F	F	F	.text,.rdata,.data,.rsrc
1568624590.604511	FYjfax1faWWiypiNMa	I386	1034863787.000000	Windows 95 or NT 4.0	WINDOWS_GUI	T	F	F	F	F	T	T	F	F	F	.text,.data,.rdata,.bss,.idata,.CRT,.tls,.rsrc
1568624591.318987	FUrJAz4ghJPPiSkCc5	I386	1514921049.000000	Windows 95 or NT 4.0	WINDOWS_GUI	T	F	F	T	F	T	T	T	F	T	.text,.data,.X1D,8d1Q=,uZz,-4,.crt,.rsrc
1568624591.319648	FdaSRY3GfGj5LNDpe	I386	1514921049.000000	Windows 95 or NT 4.0	WINDOWS_GUI	T	F	F	T	F	T	T	T	F	T	.text,.data,.X1D,8d1Q=,uZz,-4,.crt,.rsrc
1568624592.235695	FZXDIp1NW9XZyDCuXi	I386	1494001758.000000	Windows 95 or NT 4.0	WINDOWS_GUI	T	F	F	F	F	T	T	F	F	F	.text,.data,.rsrc
1568624592.238603	F4N38s2iDMCYRhWb94	I386	1494001758.000000	Windows 95 or NT 4.0	WINDOWS_GUI	T	F	F	F	F	T	T	F	F	F	.text,.data,.rsrc
1568624592.894310	Fox8PT2guIpK4NdqIe	I386	1469408157.000000	Windows 95 or NT 4.0	WINDOWS_GUI	T	F	T	T	F	F	T	F	F	F	.text,.rdata,.data,.ndata,.rsrc
1568624592.896447	F4PUo01X9XYHAgKbPi	I386	1469408157.000000	Windows 95 or NT 4.0	WINDOWS_GUI	T	F	T	T	F	F	T	F	F	F	.text,.rdata,.data,.ndata,.rsrc
1568624595.011749	F8YVI32d5nDEhX1wHa	I386	1501950947.000000	Windows 2000	WINDOWS_GUI	T	F	F	F	F	T	T	F	F	F	.text,.rdata,.data,.rsrc
1568624595.014545	FLFuYeKr20Dq0o5Ni	I386	1501950947.000000	Windows 2000	WINDOWS_GUI	T	F	F	F	F	T	T	F	F	F	.text,.rdata,.data,.rsrc
1568624595.515091	F9H3Wc1JKLU0aDoQO2	I386	1485538596.000000	Windows 95 or NT 4.0	WINDOWS_GUI	T	F	F	F	F	T	T	F	F	F	.text,.rdata,.data,.rsrc
1568624595.515487	FbgHiq3Pve0BahJ118	I386	1485538596.000000	Windows 95 or NT 4.0	WINDOWS_GUI	T	F	F	F	F	T	T	F	F	F	.text,.rdata,.data,.rsrc
1568624596.690531	FspHZe3SIikS3gL8Ui	I386	1500019512.000000	Windows 95 or NT 4.0	WINDOWS_GUI	T	F	T	T	F	F	T	F	F	T	.text,.sdata,.rsrc,.reloc
1568624596.690947	FyVoWGx3W7UcNDWu	I386	708992537.000000	Windows 95 or NT 4.0	WINDOWS_GUI	T	F	F	F	F	T	T	F	F	F	CODE,DATA,BSS,.idata,.reloc,.rsrc
1568624596.693956	Fafr9SJQv6jxGCuBd	I386	1500019512.000000	Windows 95 or NT 4.0	WINDOWS_GUI	T	F	T	T	F	F	T	F	F	T	.text,.sdata,.rsrc,.reloc
1568624596.694379	Fgk5Hbqya5sAKG3o2	I386	708992537.000000	Windows 95 or NT 4.0	WINDOWS_GUI	T	F	F	F	F	T	T	F	F	F	CODE,DATA,BSS,.idata,.reloc,.rsrc
1568624598.239135	FWu5xi3y4H6Af6xPOi	I386	1471202154.000000	Windows XP	WINDOWS_GUI	T	F	T	T	F	T	T	T	F	T	.text,.rdata,.data,.gfids,.rsrc,.reloc
1568624598.248245	FgUSek340XFEVsC1L2	I386	1471202154.000000	Windows XP	WINDOWS_GUI	T	F	T	T	F	T	T	T	F	T	.text,.rdata,.data,.gfids,.rsrc,.reloc
1568624598.823264	F4tLkndELSOpDmeq9	I386	1047478229.000000	Windows 95 or NT 4.0	WINDOWS_GUI	T	F	F	F	F	T	T	F	F	F	.text,.data,.rdata,.bss,.idata,.CRT,.tls,.rsrc
1568624598.823841	FYpbaO1iV7vEJ4Uvpe	I386	1484797798.000000	Windows Vista or Server 2008	WINDOWS_CUI	T	F	T	T	F	T	T	T	F	T	.text,.rdata,.data,.rsrc,.reloc
1568624598.823916	FFsmEh2R5zVIJC8UOg	I386	1484798896.000000	Windows Vista or Server 2008	WINDOWS_GUI	T	F	T	T	F	T	T	T	F	T	.text,.rdata,.data,.rsrc,.reloc
1568624598.836559	FFmsYT2f6EkZ5VHhxi	I386	1047478229.000000	Windows 95 or NT 4.0	WINDOWS_GUI	T	F	F	F	F	T	T	F	F	F	.text,.data,.rdata,.bss,.idata,.CRT,.tls,.rsrc
1568624598.837094	FsUyDh1rN1kUFFepdh	I386	1484797798.000000	Windows Vista or Server 2008	WINDOWS_CUI	T	F	T	T	F	T	T	T	F	T	.text,.rdata,.data,.rsrc,.reloc
1568624598.837143	FAL9MO5GRoZLFTzZ3	I386	1484798896.000000	Windows Vista or Server 2008	WINDOWS_GUI	T	F	T	T	F	T	T	T	F	T	.text,.rdata,.data,.rsrc,.reloc
1568624599.427221	FIYaOI2S5jrzp3I3Y4	I386	1343311616.000000	Windows XP	WINDOWS_GUI	T	F	F	T	F	T	T	F	F	T	.text,.data1,.data,.rsrc
1568624599.427522	FDeiZA1s8Va3WcLCZd	I386	1343311616.000000	Windows XP	WINDOWS_GUI	T	F	F	T	F	T	T	F	F	T	.text,.data1,.data,.rsrc
1568624604.787650	FtslZI2Jr8IEXvtnmj	I386	1440166350.000000	Windows 95 or NT 4.0	WINDOWS_GUI	T	F	F	F	F	T	T	F	F	F	.text,.rdata,.data,.rsrc
1568624604.788066	FaSPS914OSsiruebV3	I386	974587120.000000	Windows 95 or NT 4.0	WINDOWS_GUI	T	F	F	F	F	T	T	F	F	F	.text,.data,.rdata,.bss,.idata,.CRT,.tls,.rsrc
1568624604.788610	FZ8uQN2j4ISyhwk6u9	I386	1425070518.000000	Windows 95 or NT 4.0	WINDOWS_GUI	T	F	T	T	F	F	T	F	F	F	.text,.rdata,.data,.ndata,.rsrc
1568624604.788868	F8yW4K20IN1ZSLZVbg	I386	1440166350.000000	Windows 95 or NT 4.0	WINDOWS_GUI	T	F	F	F	F	T	T	F	F	F	.text,.rdata,.data,.rsrc
1568624604.789295	FXkddZUa7uwXTNOs3	I386	974587120.000000	Windows 95 or NT 4.0	WINDOWS_GUI	T	F	F	F	F	T	T	F	F	F	.text,.data,.rdata,.bss,.idata,.CRT,.tls,.rsrc
1568624604.789830	F1hJCBnNPSXeoELWl	I386	1425070518.000000	Windows 95 or NT 4.0	WINDOWS_GUI	T	F	T	T	F	F	T	F	F	F	.text,.rdata,.data,.ndata,.rsrc
1568624606.295068	FgG2Mv2HTIpvTF9Z4a	I386	1378116096.000000	Windows 95 or NT 4.0	WINDOWS_GUI	T	F	F	F	F	T	T	F	F	F	.text,.rdata,.data,.rsrc
1568624606.295557	Fn5RNf3E5XDjhokQN8	I386	1378116096.000000	Windows 95 or NT 4.0	WINDOWS_GUI	T	F	F	F	F	T	T	F	F	F	.text,.rdata,.data,.rsrc
1568624607.878495	FDzjpG3x2qzvmhCX35	I386	1189400565.000000	Windows 2000	WINDOWS_GUI	T	F	F	F	F	T	T	F	F	T	.text,.rdata,.data,.rsrc
1568624607.883192	FcqCKP28ZvVTRy67Ug	I386	1189400565.000000	Windows 2000	WINDOWS_GUI	T	F	F	F	F	T	T	F	F	T	.text,.rdata,.data,.rsrc
1568624608.399095	F0mPrw48dGNUqFvOM2	I386	1445224960.000000	Windows 95 or NT 4.0	WINDOWS_GUI	T	F	F	F	F	T	T	T	F	F	.text,.rdata,.data,.rsrc
1568624608.399350	F5mrcR3oiLTwUC59Ha	I386	1445224960.000000	Windows 95 or NT 4.0	WINDOWS_GUI	T	F	F	F	F	T	T	T	F	F	.text,.rdata,.data,.rsrc
1568624610.591947	FqAEiaEpu16w0bbx2	I386	1343311616.000000	Windows XP	WINDOWS_GUI	T	F	F	T	F	T	T	F	F	T	.text,.data1,.data,.rsrc
1568624610.592298	Fu7Dcr2FsOIiRXRv5k	I386	1456419555.000000	Windows 95 or NT 4.0	WINDOWS_GUI	T	F	F	F	F	T	T	F	F	F	.text,.data,.rdata,.bss,.idata,.crt,.tls,.rsrc
1568624610.595309	FSM9bq3VF6up5Rg041	I386	1343311616.000000	Windows XP	WINDOWS_GUI	T	F	F	T	F	T	T	F	F	T	.text,.data1,.data,.rsrc
1568624610.595658	F1mqhn39g5u5BpigB2	I386	1456419555.000000	Windows 95 or NT 4.0	WINDOWS_GUI	T	F	F	F	F	T	T	F	F	F	.text,.data,.rdata,.bss,.idata,.crt,.tls,.rsrc
1568624611.242914	FMpRSf23oXygK7iDh5	I386	1501322659.000000	Windows 2000	WINDOWS_GUI	T	F	F	F	F	T	T	F	F	F	.text,.rdata,.data,.rsrc
1568624611.243167	FYHqQe4WErj2P7udUa	I386	1501322659.000000	Windows 2000	WINDOWS_GUI	T	F	F	F	F	T	T	F	F	F	.text,.rdata,.data,.rsrc
1568624611.767694	Fqdt2A4Vk1NjiU9SG7	I386	1494088019.000000	Windows 2000	WINDOWS_GUI	T	F	F	F	F	T	T	F	F	F	.text,.rdata,.data,.rsrc
1568624611.771651	F6cruE4rAyuGueWaWd	I386	1494088019.000000	Windows 2000	WINDOWS_GUI	T	F	F	F	F	T	T	F	F	F	.text,.rdata,.data,.rsrc
1568624613.075022	FvhBmi2qmVv7pnsMM6	I386	1481493038.000000	Windows 95 or NT 4.0	WINDOWS_GUI	T	F	T	T	F	F	T	F	F	F	.text,.rdata,.data,.ndata,.rsrc
1568624613.075850	FGzVti3LtGeoz4X0z3	I386	1481493038.000000	Windows 95 or NT 4.0	WINDOWS_GUI	T	F	T	T	F	F	T	F	F	F	.text,.rdata,.data,.ndata,.rsrc
1568624613.799286	FqEs4M1LnfezYN2xQi	I386	1410420480.000000	Windows XP	WINDOWS_GUI	T	F	F	F	F	T	T	F	F	T	.text,.rdata,.data,.rsrc
1568624613.799989	FLGdMq1EQGHycWGuWc	I386	1410420480.000000	Windows XP	WINDOWS_GUI	T	F	F	F	F	T	T	F	F	T	.text,.rdata,.data,.rsrc
1568624614.143458	F1sEpY1KRrOsUnT7Cd	I386	1509350083.000000	Windows 95 or NT 4.0	WINDOWS_GUI	T	F	F	F	F	T	T	F	F	T	.text,.rdata,.data,.rsrc
1568624614.144513	FuN0CB2TqsFW1ugGdh	I386	1509350083.000000	Windows 95 or NT 4.0	WINDOWS_GUI	T	F	F	F	F	T	T	F	F	T	.text,.rdata,.data,.rsrc
1568624614.563759	FKRFLe75kuiEvc4Ta	I386	1312682516.000000	Windows 95 or NT 4.0	WINDOWS_CUI	T	F	T	T	F	F	T	F	F	T	.text,.rsrc,.reloc
1568624614.564038	FRj8mp1c3OEwJR1Go	I386	1396212645.000000	Windows 2000	WINDOWS_CUI	T	F	F	F	F	T	T	F	T	T	.text,.rdata,.data,.rsrc
1568624614.567129	FmNaAH3MaA1uR0w7A5	I386	1312682516.000000	Windows 95 or NT 4.0	WINDOWS_CUI	T	F	T	T	F	F	T	F	F	T	.text,.rsrc,.reloc
1568624614.567404	Fogox49kZc683Y9C	I386	1396212645.000000	Windows 2000	WINDOWS_CUI	T	F	F	F	F	T	T	F	T	T	.text,.rdata,.data,.rsrc
1568624615.879381	FJdh3c3ovVkGv2skQ1	I386	1494001466.000000	Windows 95 or NT 4.0	WINDOWS_GUI	T	F	F	F	F	T	T	F	T	F	.text,.data,.rsrc
1568624615.881929	FZqu653j9TWGI8axM5	I386	1494001466.000000	Windows 95 or NT 4.0	WINDOWS_GUI	T	F	F	F	F	T	T	F	T	F	.text,.data,.rsrc
1568624616.591002	F54Rm92JKcSpOP8w5k	I386	1513852435.000000	Windows XP	WINDOWS_GUI	T	F	F	T	F	T	T	F	F	F	.text,.rdata,.data,.rsrc,.reloc
1568624616.591308	FCjihN3LUEC8Aiq0w8	I386	1513852435.000000	Windows XP	WINDOWS_GUI	T	F	F	T	F	T	T	F	F	F	.text,.rdata,.data,.rsrc,.reloc
1568624617.522948	FRcVjt3UZckVTo2Y39	I386	1611747072.000000	Windows XP	WINDOWS_GUI	T	F	F	T	F	T	T	F	F	T	.text,.data1,.data,.rsrc
1568624617.523192	FWU2GB339AoFnw4kH	I386	1611747072.000000	Windows XP	WINDOWS_GUI	T	F	F	T	F	T	T	F	F	T	.text,.data1,.data,.rsrc
